{
  "stats": {
    "suites": 1,
    "tests": 2,
    "passes": 2,
    "pending": 0,
    "failures": 0,
    "start": "2021-03-03T14:00:06.770Z",
    "end": "2021-03-03T14:00:17.207Z",
    "duration": 10437,
    "testsRegistered": 2,
    "passPercent": 100,
    "pendingPercent": 0,
    "other": 0,
    "hasOther": false,
    "skipped": 0,
    "hasSkipped": false
  },
  "results": [
    {
      "uuid": "ab001e86-5939-4770-bd04-7fa9cb807dda",
      "title": "",
      "fullFile": "cypress\\integration\\services\\testes\\utilitarios\\mensagem_spec.js",
      "file": "cypress\\integration\\services\\testes\\utilitarios\\mensagem_spec.js",
      "beforeHooks": [],
      "afterHooks": [],
      "tests": [],
      "suites": [
        {
          "uuid": "bd2f82a0-9c42-4071-91c4-6240acb0f592",
          "title": "Funcionalidade de Envio de Mensagens para Usuários",
          "fullFile": "",
          "file": "",
          "beforeHooks": [],
          "afterHooks": [],
          "tests": [
            {
              "title": "Envio de Mensagem",
              "fullTitle": "Funcionalidade de Envio de Mensagens para Usuários Envio de Mensagem",
              "timedOut": null,
              "duration": 5296,
              "state": "passed",
              "speed": "slow",
              "pass": true,
              "fail": false,
              "pending": false,
              "context": null,
              "code": "mensagemPage.enviaMensagem(mensagem);\ncy.validaMensagemSucesso('Mensagem enviada com sucesso'); //Verifica Mensagem na tela Inicial\ncy.get('#logoDiv').click();\ncy.contains(mensagem);",
              "err": {},
              "uuid": "6741303e-0c16-43ff-af39-75cc6ac5c62d",
              "parentUUID": "bd2f82a0-9c42-4071-91c4-6240acb0f592",
              "isHook": false,
              "skipped": false
            },
            {
              "title": "Tentativa de Envio de Mensagem Vazia",
              "fullTitle": "Funcionalidade de Envio de Mensagens para Usuários Tentativa de Envio de Mensagem Vazia",
              "timedOut": null,
              "duration": 5058,
              "state": "passed",
              "speed": "slow",
              "pass": true,
              "fail": false,
              "pending": false,
              "context": null,
              "code": "mensagemPage.enviaMensagem(mensagemVazia);\ncy.popUpMessage('Preencha os campos indicados.');",
              "err": {},
              "uuid": "8f55f456-46eb-435c-a885-a0121f56e8a4",
              "parentUUID": "bd2f82a0-9c42-4071-91c4-6240acb0f592",
              "isHook": false,
              "skipped": false
            }
          ],
          "suites": [],
          "passes": [
            "6741303e-0c16-43ff-af39-75cc6ac5c62d",
            "8f55f456-46eb-435c-a885-a0121f56e8a4"
          ],
          "failures": [],
          "pending": [],
          "skipped": [],
          "duration": 10354,
          "root": false,
          "rootEmpty": false,
          "_timeout": 2000
        }
      ],
      "passes": [],
      "failures": [],
      "pending": [],
      "skipped": [],
      "duration": 0,
      "root": true,
      "rootEmpty": true,
      "_timeout": 2000
    }
  ],
  "meta": {
    "mocha": {
      "version": "7.0.1"
    },
    "mochawesome": {
      "options": {
        "quiet": true,
        "reportFilename": "mochawesome",
        "saveHtml": false,
        "saveJson": true,
        "consoleReporter": "spec",
        "useInlineDiffs": false,
        "code": true
      },
      "version": "6.2.2"
    },
    "marge": {
      "options": {
        "id": "default",
        "reportDir": "mochawesome-report",
        "quiet": true,
        "overwrite": false,
        "html": false,
        "json": true
      },
      "version": "5.2.0"
    }
  }
}