{
  "stats": {
    "suites": 1,
    "tests": 3,
    "passes": 3,
    "pending": 0,
    "failures": 0,
    "start": "2021-03-03T13:55:07.590Z",
    "end": "2021-03-03T13:55:24.835Z",
    "duration": 17245,
    "testsRegistered": 3,
    "passPercent": 100,
    "pendingPercent": 0,
    "other": 0,
    "hasOther": false,
    "skipped": 0,
    "hasSkipped": false
  },
  "results": [
    {
      "uuid": "7e3f0039-ce41-4b80-a992-529096786b7f",
      "title": "",
      "fullFile": "cypress\\integration\\services\\testes\\sst\\cadastro_tamanhoEPI_spec.js",
      "file": "cypress\\integration\\services\\testes\\sst\\cadastro_tamanhoEPI_spec.js",
      "beforeHooks": [],
      "afterHooks": [],
      "tests": [],
      "suites": [
        {
          "uuid": "575355ab-aa93-4226-b492-bbb831815890",
          "title": "Funcionalidade Tamanho de EPI",
          "fullFile": "",
          "file": "",
          "beforeHooks": [],
          "afterHooks": [],
          "tests": [
            {
              "title": "Inserção Tamanho de EPI",
              "fullTitle": "Funcionalidade Tamanho de EPI Inserção Tamanho de EPI",
              "timedOut": null,
              "duration": 5007,
              "state": "passed",
              "speed": "slow",
              "pass": true,
              "fail": false,
              "pending": false,
              "context": null,
              "code": "tamanhoEPIPage.inserir(tamanhoEPI);\nutil.validaTitulo('Tamanhos de EPI/Fardamento');",
              "err": {},
              "uuid": "9b8b551b-2b4e-4871-8625-d136ad04360d",
              "parentUUID": "575355ab-aa93-4226-b492-bbb831815890",
              "isHook": false,
              "skipped": false
            },
            {
              "title": "Edição Tamanho de EPI",
              "fullTitle": "Funcionalidade Tamanho de EPI Edição Tamanho de EPI",
              "timedOut": null,
              "duration": 7845,
              "state": "passed",
              "speed": "slow",
              "pass": true,
              "fail": false,
              "pending": false,
              "context": null,
              "code": "tamanhoEPIPage.editar(tamanhoEPI);\nutil.validaTitulo('Tamanhos de EPI/Fardamento');",
              "err": {},
              "uuid": "0c0bffe1-47f0-44aa-ae1d-41d4ef3e5538",
              "parentUUID": "575355ab-aa93-4226-b492-bbb831815890",
              "isHook": false,
              "skipped": false
            },
            {
              "title": "Exclusão Tamanho de EPI",
              "fullTitle": "Funcionalidade Tamanho de EPI Exclusão Tamanho de EPI",
              "timedOut": null,
              "duration": 4292,
              "state": "passed",
              "speed": "slow",
              "pass": true,
              "fail": false,
              "pending": false,
              "context": null,
              "code": "tamanhoEPIPage.excluir(tamanhoEPI);\nutil.popUpMessage('Confirma exclusão?');\nutil.infoMsg('Tamanho excluído com sucesso.');",
              "err": {},
              "uuid": "edf07747-edde-4b9d-a0a1-1573ba7dc8c2",
              "parentUUID": "575355ab-aa93-4226-b492-bbb831815890",
              "isHook": false,
              "skipped": false
            }
          ],
          "suites": [],
          "passes": [
            "9b8b551b-2b4e-4871-8625-d136ad04360d",
            "0c0bffe1-47f0-44aa-ae1d-41d4ef3e5538",
            "edf07747-edde-4b9d-a0a1-1573ba7dc8c2"
          ],
          "failures": [],
          "pending": [],
          "skipped": [],
          "duration": 17144,
          "root": false,
          "rootEmpty": false,
          "_timeout": 2000
        }
      ],
      "passes": [],
      "failures": [],
      "pending": [],
      "skipped": [],
      "duration": 0,
      "root": true,
      "rootEmpty": true,
      "_timeout": 2000
    }
  ],
  "meta": {
    "mocha": {
      "version": "7.0.1"
    },
    "mochawesome": {
      "options": {
        "quiet": true,
        "reportFilename": "mochawesome",
        "saveHtml": false,
        "saveJson": true,
        "consoleReporter": "spec",
        "useInlineDiffs": false,
        "code": true
      },
      "version": "6.2.2"
    },
    "marge": {
      "options": {
        "id": "default",
        "reportDir": "mochawesome-report",
        "quiet": true,
        "overwrite": false,
        "html": false,
        "json": true
      },
      "version": "5.2.0"
    }
  }
}