{
  "stats": {
    "suites": 1,
    "tests": 4,
    "passes": 4,
    "pending": 0,
    "failures": 0,
    "start": "2021-03-03T13:40:44.771Z",
    "end": "2021-03-03T13:41:05.973Z",
    "duration": 21202,
    "testsRegistered": 4,
    "passPercent": 100,
    "pendingPercent": 0,
    "other": 0,
    "hasOther": false,
    "skipped": 0,
    "hasSkipped": false
  },
  "results": [
    {
      "uuid": "f616bb78-8986-4813-8c71-8280e1ea79d1",
      "title": "",
      "fullFile": "cypress\\integration\\services\\testes\\ces\\cadastro_habilidade_spec.js",
      "file": "cypress\\integration\\services\\testes\\ces\\cadastro_habilidade_spec.js",
      "beforeHooks": [],
      "afterHooks": [],
      "tests": [],
      "suites": [
        {
          "uuid": "cf732f78-c500-47f8-9724-7b87fb179958",
          "title": "Funcionalidade Habilidade",
          "fullFile": "",
          "file": "",
          "beforeHooks": [],
          "afterHooks": [],
          "tests": [
            {
              "title": "Inserção de Habilidade",
              "fullTitle": "Funcionalidade Habilidade Inserção de Habilidade",
              "timedOut": null,
              "duration": 6233,
              "state": "passed",
              "speed": "slow",
              "pass": true,
              "fail": false,
              "pending": false,
              "context": null,
              "code": "habilidadePage.inserir(habilidade.Nome);\ncy.validaMensagemSucesso('Habilidade inserida com sucesso');",
              "err": {},
              "uuid": "b3436f62-35c8-47f1-91c1-8fb27f0c1cd7",
              "parentUUID": "cf732f78-c500-47f8-9724-7b87fb179958",
              "isHook": false,
              "skipped": false
            },
            {
              "title": "Inserção de Habilidade - Já cadastrado",
              "fullTitle": "Funcionalidade Habilidade Inserção de Habilidade - Já cadastrado",
              "timedOut": null,
              "duration": 5277,
              "state": "passed",
              "speed": "slow",
              "pass": true,
              "fail": false,
              "pending": false,
              "context": null,
              "code": "habilidadePage.inserir('Java');\nutil.infoMsg('Já existe um Conhecimento, Habilidade ou Atitude com o nome \"Java\".');",
              "err": {},
              "uuid": "3b966838-2f80-4c25-83b7-4285eebcaa46",
              "parentUUID": "cf732f78-c500-47f8-9724-7b87fb179958",
              "isHook": false,
              "skipped": false
            },
            {
              "title": "Edição",
              "fullTitle": "Funcionalidade Habilidade Edição",
              "timedOut": null,
              "duration": 5064,
              "state": "passed",
              "speed": "slow",
              "pass": true,
              "fail": false,
              "pending": false,
              "context": null,
              "code": "habilidadePage.editar('Ruby');\ncy.validaMensagemSucesso('Habilidade atualizada com sucesso');",
              "err": {},
              "uuid": "a28b6795-5ffe-4d6d-99e4-82437b01fae9",
              "parentUUID": "cf732f78-c500-47f8-9724-7b87fb179958",
              "isHook": false,
              "skipped": false
            },
            {
              "title": "Exclusão",
              "fullTitle": "Funcionalidade Habilidade Exclusão",
              "timedOut": null,
              "duration": 4496,
              "state": "passed",
              "speed": "slow",
              "pass": true,
              "fail": false,
              "pending": false,
              "context": null,
              "code": "habilidadePage.excluir('Ruby');\nutil.popUpMessage('Confirma exclusão?');\nutil.infoMsg('Habilidade excluída com sucesso.');",
              "err": {},
              "uuid": "8fb1b5ef-cc0c-4216-8e0e-f1e233f7f8a4",
              "parentUUID": "cf732f78-c500-47f8-9724-7b87fb179958",
              "isHook": false,
              "skipped": false
            }
          ],
          "suites": [],
          "passes": [
            "b3436f62-35c8-47f1-91c1-8fb27f0c1cd7",
            "3b966838-2f80-4c25-83b7-4285eebcaa46",
            "a28b6795-5ffe-4d6d-99e4-82437b01fae9",
            "8fb1b5ef-cc0c-4216-8e0e-f1e233f7f8a4"
          ],
          "failures": [],
          "pending": [],
          "skipped": [],
          "duration": 21070,
          "root": false,
          "rootEmpty": false,
          "_timeout": 2000
        }
      ],
      "passes": [],
      "failures": [],
      "pending": [],
      "skipped": [],
      "duration": 0,
      "root": true,
      "rootEmpty": true,
      "_timeout": 2000
    }
  ],
  "meta": {
    "mocha": {
      "version": "7.0.1"
    },
    "mochawesome": {
      "options": {
        "quiet": true,
        "reportFilename": "mochawesome",
        "saveHtml": false,
        "saveJson": true,
        "consoleReporter": "spec",
        "useInlineDiffs": false,
        "code": true
      },
      "version": "6.2.2"
    },
    "marge": {
      "options": {
        "id": "default",
        "reportDir": "mochawesome-report",
        "quiet": true,
        "overwrite": false,
        "html": false,
        "json": true
      },
      "version": "5.2.0"
    }
  }
}