{
  "stats": {
    "suites": 1,
    "tests": 3,
    "passes": 3,
    "pending": 0,
    "failures": 0,
    "start": "2021-03-03T13:48:18.936Z",
    "end": "2021-03-03T13:48:36.047Z",
    "duration": 17111,
    "testsRegistered": 3,
    "passPercent": 100,
    "pendingPercent": 0,
    "other": 0,
    "hasOther": false,
    "skipped": 0,
    "hasSkipped": false
  },
  "results": [
    {
      "uuid": "33194988-b125-42b3-8912-1c356cc81ba9",
      "title": "",
      "fullFile": "cypress\\integration\\services\\testes\\res\\cadastro_area_interesse_spec.js",
      "file": "cypress\\integration\\services\\testes\\res\\cadastro_area_interesse_spec.js",
      "beforeHooks": [],
      "afterHooks": [],
      "tests": [],
      "suites": [
        {
          "uuid": "8be97996-0e4f-4be3-a853-33bd582a9751",
          "title": "Funcionalidade Area de Interesse",
          "fullFile": "",
          "file": "",
          "beforeHooks": [],
          "afterHooks": [],
          "tests": [
            {
              "title": "Inserção de Area de Interesse",
              "fullTitle": "Funcionalidade Area de Interesse Inserção de Area de Interesse",
              "timedOut": null,
              "duration": 7595,
              "state": "passed",
              "speed": "slow",
              "pass": true,
              "fail": false,
              "pending": false,
              "context": null,
              "code": "areaInteressePage.inserir(areaInteresse);\nutil.validaTitulo('Áreas de Interesse');",
              "err": {},
              "uuid": "245ca51f-9288-416f-9a95-f83e0fb64c05",
              "parentUUID": "8be97996-0e4f-4be3-a853-33bd582a9751",
              "isHook": false,
              "skipped": false
            },
            {
              "title": "Edição de Area de Interesse",
              "fullTitle": "Funcionalidade Area de Interesse Edição de Area de Interesse",
              "timedOut": null,
              "duration": 5044,
              "state": "passed",
              "speed": "slow",
              "pass": true,
              "fail": false,
              "pending": false,
              "context": null,
              "code": "areaInteressePage.editar(areaInteresse);\nutil.validaTitulo('Áreas de Interesse');",
              "err": {},
              "uuid": "bdf0d91e-4d16-40da-b53d-742335fe5cda",
              "parentUUID": "8be97996-0e4f-4be3-a853-33bd582a9751",
              "isHook": false,
              "skipped": false
            },
            {
              "title": "Exclusão de Area de Interesse",
              "fullTitle": "Funcionalidade Area de Interesse Exclusão de Area de Interesse",
              "timedOut": null,
              "duration": 4362,
              "state": "passed",
              "speed": "slow",
              "pass": true,
              "fail": false,
              "pending": false,
              "context": null,
              "code": "areaInteressePage.excluir(areaInteresse);\nutil.popUpMessage('Confirma exclusão?');\ncy.validaMensagemSucesso('Área de Interesse excluída com sucesso.');",
              "err": {},
              "uuid": "6554cdfb-e732-44ed-b162-4be2bffb22a8",
              "parentUUID": "8be97996-0e4f-4be3-a853-33bd582a9751",
              "isHook": false,
              "skipped": false
            }
          ],
          "suites": [],
          "passes": [
            "245ca51f-9288-416f-9a95-f83e0fb64c05",
            "bdf0d91e-4d16-40da-b53d-742335fe5cda",
            "6554cdfb-e732-44ed-b162-4be2bffb22a8"
          ],
          "failures": [],
          "pending": [],
          "skipped": [],
          "duration": 17001,
          "root": false,
          "rootEmpty": false,
          "_timeout": 2000
        }
      ],
      "passes": [],
      "failures": [],
      "pending": [],
      "skipped": [],
      "duration": 0,
      "root": true,
      "rootEmpty": true,
      "_timeout": 2000
    }
  ],
  "meta": {
    "mocha": {
      "version": "7.0.1"
    },
    "mochawesome": {
      "options": {
        "quiet": true,
        "reportFilename": "mochawesome",
        "saveHtml": false,
        "saveJson": true,
        "consoleReporter": "spec",
        "useInlineDiffs": false,
        "code": true
      },
      "version": "6.2.2"
    },
    "marge": {
      "options": {
        "id": "default",
        "reportDir": "mochawesome-report",
        "quiet": true,
        "overwrite": false,
        "html": false,
        "json": true
      },
      "version": "5.2.0"
    }
  }
}