{
  "stats": {
    "suites": 1,
    "tests": 5,
    "passes": 5,
    "pending": 0,
    "failures": 0,
    "start": "2021-03-03T13:42:22.649Z",
    "end": "2021-03-03T13:42:50.200Z",
    "duration": 27551,
    "testsRegistered": 5,
    "passPercent": 100,
    "pendingPercent": 0,
    "other": 0,
    "hasOther": false,
    "skipped": 0,
    "hasSkipped": false
  },
  "results": [
    {
      "uuid": "8024f3a5-aa2e-4cc3-bbc7-8d6feb89629a",
      "title": "",
      "fullFile": "cypress\\integration\\services\\testes\\ces\\movimentacoes_planejamentosrealinhamentos_spec.js",
      "file": "cypress\\integration\\services\\testes\\ces\\movimentacoes_planejamentosrealinhamentos_spec.js",
      "beforeHooks": [],
      "afterHooks": [],
      "tests": [],
      "suites": [
        {
          "uuid": "0ac653b6-2998-40fe-9720-80aadf8da414",
          "title": "Funcionalidade Cargos e Faixas",
          "fullFile": "",
          "file": "",
          "beforeHooks": [],
          "afterHooks": [],
          "tests": [
            {
              "title": "Cancelar Realinhamentos Planejados",
              "fullTitle": "Funcionalidade Cargos e Faixas Cancelar Realinhamentos Planejados",
              "timedOut": null,
              "duration": 5516,
              "state": "passed",
              "speed": "slow",
              "pass": true,
              "fail": false,
              "pending": false,
              "context": null,
              "code": "realinhamentoPage.cancelarReajuste('Reajuste Desenvolvimento');\nutil.popUpMessage('Tem certeza que deseja desfazer os realinhamentos?');\ncy.validaMensagemSucesso('Cancelamento efetuado com sucesso.');",
              "err": {},
              "uuid": "39799932-787a-4bbb-a873-679c1311928d",
              "parentUUID": "0ac653b6-2998-40fe-9720-80aadf8da414",
              "isHook": false,
              "skipped": false
            },
            {
              "title": "Inserir Planejamento de Realinhamento",
              "fullTitle": "Funcionalidade Cargos e Faixas Inserir Planejamento de Realinhamento",
              "timedOut": null,
              "duration": 5764,
              "state": "passed",
              "speed": "slow",
              "pass": true,
              "fail": false,
              "pending": false,
              "context": null,
              "code": "realinhamentoPage.inserirReajuste('Reajuste Fortes Tecnologia');\nutil.validaTitulo('Planejamentos de Realinhamentos');\ncy.contains('3 registro(s) encontrado(s).');",
              "err": {},
              "uuid": "214eb39b-3c34-43ae-ae2d-0a12b972b902",
              "parentUUID": "0ac653b6-2998-40fe-9720-80aadf8da414",
              "isHook": false,
              "skipped": false
            },
            {
              "title": "Editar Planejamento de Realinhamento",
              "fullTitle": "Funcionalidade Cargos e Faixas Editar Planejamento de Realinhamento",
              "timedOut": null,
              "duration": 4723,
              "state": "passed",
              "speed": "slow",
              "pass": true,
              "fail": false,
              "pending": false,
              "context": null,
              "code": "realinhamentoPage.editarReajuste('Reajuste Suporte');\nutil.validaTitulo('Editar Planejamento de Realinhamentos');",
              "err": {},
              "uuid": "19b5a48f-d988-45aa-8703-817fa4e934db",
              "parentUUID": "0ac653b6-2998-40fe-9720-80aadf8da414",
              "isHook": false,
              "skipped": false
            },
            {
              "title": "Excluir Planejamento de Realinhamento",
              "fullTitle": "Funcionalidade Cargos e Faixas Excluir Planejamento de Realinhamento",
              "timedOut": null,
              "duration": 4439,
              "state": "passed",
              "speed": "slow",
              "pass": true,
              "fail": false,
              "pending": false,
              "context": null,
              "code": "realinhamentoPage.excluirReajuste('Reajuste Suporte');\nutil.popUpMessage('Confirma exclusão?');\nutil.infoMsg('Planejamento de Realinhamento excluído com sucesso.');",
              "err": {},
              "uuid": "9a47d190-bc3c-4127-a6da-d1c9a9861c34",
              "parentUUID": "0ac653b6-2998-40fe-9720-80aadf8da414",
              "isHook": false,
              "skipped": false
            },
            {
              "title": "Solicitar realinhamento quando já existe reajuste para o colaborador",
              "fullTitle": "Funcionalidade Cargos e Faixas Solicitar realinhamento quando já existe reajuste para o colaborador",
              "timedOut": null,
              "duration": 6950,
              "state": "passed",
              "speed": "slow",
              "pass": true,
              "fail": false,
              "pending": false,
              "context": null,
              "code": "realinhamentoPage.reajusteColetivo('Reajuste Suporte');\nutil.popUpMessage('Já existe uma solicitação de realinhamento para este talento.');",
              "err": {},
              "uuid": "ac53138c-e1ab-4b30-853b-d33e1a59433f",
              "parentUUID": "0ac653b6-2998-40fe-9720-80aadf8da414",
              "isHook": false,
              "skipped": false
            }
          ],
          "suites": [],
          "passes": [
            "39799932-787a-4bbb-a873-679c1311928d",
            "214eb39b-3c34-43ae-ae2d-0a12b972b902",
            "19b5a48f-d988-45aa-8703-817fa4e934db",
            "9a47d190-bc3c-4127-a6da-d1c9a9861c34",
            "ac53138c-e1ab-4b30-853b-d33e1a59433f"
          ],
          "failures": [],
          "pending": [],
          "skipped": [],
          "duration": 27392,
          "root": false,
          "rootEmpty": false,
          "_timeout": 2000
        }
      ],
      "passes": [],
      "failures": [],
      "pending": [],
      "skipped": [],
      "duration": 0,
      "root": true,
      "rootEmpty": true,
      "_timeout": 2000
    }
  ],
  "meta": {
    "mocha": {
      "version": "7.0.1"
    },
    "mochawesome": {
      "options": {
        "quiet": true,
        "reportFilename": "mochawesome",
        "saveHtml": false,
        "saveJson": true,
        "consoleReporter": "spec",
        "useInlineDiffs": false,
        "code": true
      },
      "version": "6.2.2"
    },
    "marge": {
      "options": {
        "id": "default",
        "reportDir": "mochawesome-report",
        "quiet": true,
        "overwrite": false,
        "html": false,
        "json": true
      },
      "version": "5.2.0"
    }
  }
}