{
  "stats": {
    "suites": 1,
    "tests": 4,
    "passes": 4,
    "pending": 0,
    "failures": 0,
    "start": "2021-03-03T13:43:33.355Z",
    "end": "2021-03-03T13:43:57.812Z",
    "duration": 24457,
    "testsRegistered": 4,
    "passPercent": 100,
    "pendingPercent": 0,
    "other": 0,
    "hasOther": false,
    "skipped": 0,
    "hasSkipped": false
  },
  "results": [
    {
      "uuid": "047b9978-58ba-450d-9dec-7b6bddd7c7f2",
      "title": "",
      "fullFile": "cypress\\integration\\services\\testes\\desenv_talentos\\cadastro_cursos_spec.js",
      "file": "cypress\\integration\\services\\testes\\desenv_talentos\\cadastro_cursos_spec.js",
      "beforeHooks": [],
      "afterHooks": [],
      "tests": [],
      "suites": [
        {
          "uuid": "2004e814-d020-408d-8162-12009a120c42",
          "title": "Funcionalidade Cursos/Treinamentos",
          "fullFile": "",
          "file": "",
          "beforeHooks": [],
          "afterHooks": [],
          "tests": [
            {
              "title": "Inserção Curso",
              "fullTitle": "Funcionalidade Cursos/Treinamentos Inserção Curso",
              "timedOut": null,
              "duration": 6526,
              "state": "passed",
              "speed": "slow",
              "pass": true,
              "fail": false,
              "pending": false,
              "context": null,
              "code": "cy.inserir(curso);\ncy.validaItemNaGrade(curso.Nome);",
              "err": {},
              "uuid": "07454e7a-4f45-4fea-bc4a-033905c25834",
              "parentUUID": "2004e814-d020-408d-8162-12009a120c42",
              "isHook": false,
              "skipped": false
            },
            {
              "title": "Edição Curso",
              "fullTitle": "Funcionalidade Cursos/Treinamentos Edição Curso",
              "timedOut": null,
              "duration": 5506,
              "state": "passed",
              "speed": "slow",
              "pass": true,
              "fail": false,
              "pending": false,
              "context": null,
              "code": "cy.editar(curso);\ncy.validaItemNaGrade(curso.NomeEditado);",
              "err": {},
              "uuid": "11527359-b4bf-497d-b61b-cd5e515ac5d0",
              "parentUUID": "2004e814-d020-408d-8162-12009a120c42",
              "isHook": false,
              "skipped": false
            },
            {
              "title": "Exclusão Curso",
              "fullTitle": "Funcionalidade Cursos/Treinamentos Exclusão Curso",
              "timedOut": null,
              "duration": 4334,
              "state": "passed",
              "speed": "slow",
              "pass": true,
              "fail": false,
              "pending": false,
              "context": null,
              "code": "cy.excluir(curso);\ncy.validaMensagemSucesso('Curso excluído com sucesso.');",
              "err": {},
              "uuid": "d12ef1f7-04ed-44ef-baf8-c9ab77b9ad13",
              "parentUUID": "2004e814-d020-408d-8162-12009a120c42",
              "isHook": false,
              "skipped": false
            },
            {
              "title": "Inserir Turma e Alunos",
              "fullTitle": "Funcionalidade Cursos/Treinamentos Inserir Turma e Alunos",
              "timedOut": null,
              "duration": 7932,
              "state": "passed",
              "speed": "slow",
              "pass": true,
              "fail": false,
              "pending": false,
              "context": null,
              "code": "cy.inserirTurmaEAluno(turma, curso);\ncy.validaMensagemInformacao('Talento(s) incluído(s) com sucesso!');",
              "err": {},
              "uuid": "ec082100-df0b-437f-8349-00a0746b5bf6",
              "parentUUID": "2004e814-d020-408d-8162-12009a120c42",
              "isHook": false,
              "skipped": false
            }
          ],
          "suites": [],
          "passes": [
            "07454e7a-4f45-4fea-bc4a-033905c25834",
            "11527359-b4bf-497d-b61b-cd5e515ac5d0",
            "d12ef1f7-04ed-44ef-baf8-c9ab77b9ad13",
            "ec082100-df0b-437f-8349-00a0746b5bf6"
          ],
          "failures": [],
          "pending": [],
          "skipped": [],
          "duration": 24298,
          "root": false,
          "rootEmpty": false,
          "_timeout": 2000
        }
      ],
      "passes": [],
      "failures": [],
      "pending": [],
      "skipped": [],
      "duration": 0,
      "root": true,
      "rootEmpty": true,
      "_timeout": 2000
    }
  ],
  "meta": {
    "mocha": {
      "version": "7.0.1"
    },
    "mochawesome": {
      "options": {
        "quiet": true,
        "reportFilename": "mochawesome",
        "saveHtml": false,
        "saveJson": true,
        "consoleReporter": "spec",
        "useInlineDiffs": false,
        "code": true
      },
      "version": "6.2.2"
    },
    "marge": {
      "options": {
        "id": "default",
        "reportDir": "mochawesome-report",
        "quiet": true,
        "overwrite": false,
        "html": false,
        "json": true
      },
      "version": "5.2.0"
    }
  }
}