{
  "stats": {
    "suites": 1,
    "tests": 2,
    "passes": 2,
    "pending": 0,
    "failures": 0,
    "start": "2021-03-03T14:00:45.911Z",
    "end": "2021-03-03T14:00:54.653Z",
    "duration": 8742,
    "testsRegistered": 2,
    "passPercent": 100,
    "pendingPercent": 0,
    "other": 0,
    "hasOther": false,
    "skipped": 0,
    "hasSkipped": false
  },
  "results": [
    {
      "uuid": "8b175c41-fbff-4698-8575-4784addd992d",
      "title": "",
      "fullFile": "cypress\\integration\\services\\testes\\utilitarios\\relacionar_talento_candidato_spec.js",
      "file": "cypress\\integration\\services\\testes\\utilitarios\\relacionar_talento_candidato_spec.js",
      "beforeHooks": [],
      "afterHooks": [],
      "tests": [],
      "suites": [
        {
          "uuid": "003a6637-14dd-41df-ad93-b5f167085e4e",
          "title": "Relacionador de Candidado e Talento",
          "fullFile": "",
          "file": "",
          "beforeHooks": [],
          "afterHooks": [],
          "tests": [
            {
              "title": "Relacionar Candidato e Colaborador",
              "fullTitle": "Relacionador de Candidado e Talento Relacionar Candidato e Colaborador",
              "timedOut": null,
              "duration": 4898,
              "state": "passed",
              "speed": "slow",
              "pass": true,
              "fail": false,
              "pending": false,
              "context": null,
              "code": "cy.insereUsuarioComEmpregado('Helena');\ncy.inserecandidato('Helena de Troia');\ncy.reload();\ncy.relacionarCandidato();\ncy.validaDialog('Caso a solicitação de pessoal não seja selecionada, não será possível informar que este candidato/talento foi contratado por esta solicitação.');",
              "err": {},
              "uuid": "b205cf56-625d-4dd4-af87-f97dcca87205",
              "parentUUID": "003a6637-14dd-41df-ad93-b5f167085e4e",
              "isHook": false,
              "skipped": false
            },
            {
              "title": "Relacionar Candidato e Colaborador - Colaborador e Candidato inexistente",
              "fullTitle": "Relacionador de Candidado e Talento Relacionar Candidato e Colaborador - Colaborador e Candidato inexistente",
              "timedOut": null,
              "duration": 3786,
              "state": "passed",
              "speed": "slow",
              "pass": true,
              "fail": false,
              "pending": false,
              "context": null,
              "code": "cy.visit('/geral/colaborador/prepareRelacionaColaboradorCandidato.action');\ncy.validaMensagemInformacao('Não existem talentos para relacionar com candidatos de mesmo CPF.');",
              "err": {},
              "uuid": "968539c0-4b5e-4643-b7ae-0e878ee8f639",
              "parentUUID": "003a6637-14dd-41df-ad93-b5f167085e4e",
              "isHook": false,
              "skipped": false
            }
          ],
          "suites": [],
          "passes": [
            "b205cf56-625d-4dd4-af87-f97dcca87205",
            "968539c0-4b5e-4643-b7ae-0e878ee8f639"
          ],
          "failures": [],
          "pending": [],
          "skipped": [],
          "duration": 8684,
          "root": false,
          "rootEmpty": false,
          "_timeout": 2000
        }
      ],
      "passes": [],
      "failures": [],
      "pending": [],
      "skipped": [],
      "duration": 0,
      "root": true,
      "rootEmpty": true,
      "_timeout": 2000
    }
  ],
  "meta": {
    "mocha": {
      "version": "7.0.1"
    },
    "mochawesome": {
      "options": {
        "quiet": true,
        "reportFilename": "mochawesome",
        "saveHtml": false,
        "saveJson": true,
        "consoleReporter": "spec",
        "useInlineDiffs": false,
        "code": true
      },
      "version": "6.2.2"
    },
    "marge": {
      "options": {
        "id": "default",
        "reportDir": "mochawesome-report",
        "quiet": true,
        "overwrite": false,
        "html": false,
        "json": true
      },
      "version": "5.2.0"
    }
  }
}