{
  "stats": {
    "suites": 1,
    "tests": 3,
    "passes": 3,
    "pending": 0,
    "failures": 0,
    "start": "2021-03-03T13:54:31.388Z",
    "end": "2021-03-03T13:54:46.327Z",
    "duration": 14939,
    "testsRegistered": 3,
    "passPercent": 100,
    "pendingPercent": 0,
    "other": 0,
    "hasOther": false,
    "skipped": 0,
    "hasSkipped": false
  },
  "results": [
    {
      "uuid": "af0b5c82-58f5-410a-9fbb-382fa487a647",
      "title": "",
      "fullFile": "cypress\\integration\\services\\testes\\sst\\cadastro_categoriaEPI_spec.js",
      "file": "cypress\\integration\\services\\testes\\sst\\cadastro_categoriaEPI_spec.js",
      "beforeHooks": [],
      "afterHooks": [],
      "tests": [],
      "suites": [
        {
          "uuid": "00d2e33d-8a90-4520-8067-259bbf50f371",
          "title": "Funcionalidade Categoria de EPI",
          "fullFile": "",
          "file": "",
          "beforeHooks": [],
          "afterHooks": [],
          "tests": [
            {
              "title": "Inserção Categoria de EPI",
              "fullTitle": "Funcionalidade Categoria de EPI Inserção Categoria de EPI",
              "timedOut": null,
              "duration": 5957,
              "state": "passed",
              "speed": "slow",
              "pass": true,
              "fail": false,
              "pending": false,
              "context": null,
              "code": "categoriaEPIPage.inserir(categoriaEPI);\nutil.validaTitulo('Categorias de EPI/Fardamento');",
              "err": {},
              "uuid": "00b3e326-3b9e-4069-9978-6bca3a6bdd8d",
              "parentUUID": "00d2e33d-8a90-4520-8067-259bbf50f371",
              "isHook": false,
              "skipped": false
            },
            {
              "title": "Edição Categoria de EPI",
              "fullTitle": "Funcionalidade Categoria de EPI Edição Categoria de EPI",
              "timedOut": null,
              "duration": 4670,
              "state": "passed",
              "speed": "slow",
              "pass": true,
              "fail": false,
              "pending": false,
              "context": null,
              "code": "categoriaEPIPage.editar(categoriaEPI);\ncy.validaMensagemSucesso('Categoria atualizada com sucesso!');",
              "err": {},
              "uuid": "22058ca5-0ce8-42a2-961a-b9bae59f3e84",
              "parentUUID": "00d2e33d-8a90-4520-8067-259bbf50f371",
              "isHook": false,
              "skipped": false
            },
            {
              "title": "Exclusão Categoria de EPI",
              "fullTitle": "Funcionalidade Categoria de EPI Exclusão Categoria de EPI",
              "timedOut": null,
              "duration": 4209,
              "state": "passed",
              "speed": "slow",
              "pass": true,
              "fail": false,
              "pending": false,
              "context": null,
              "code": "categoriaEPIPage.excluir(categoriaEPI);\nutil.popUpMessage('Confirma exclusão?');\nutil.infoMsg('Tipo de EPI excluído com sucesso.');",
              "err": {},
              "uuid": "4e3d170f-69ba-452e-be95-ed22ead6b561",
              "parentUUID": "00d2e33d-8a90-4520-8067-259bbf50f371",
              "isHook": false,
              "skipped": false
            }
          ],
          "suites": [],
          "passes": [
            "00b3e326-3b9e-4069-9978-6bca3a6bdd8d",
            "22058ca5-0ce8-42a2-961a-b9bae59f3e84",
            "4e3d170f-69ba-452e-be95-ed22ead6b561"
          ],
          "failures": [],
          "pending": [],
          "skipped": [],
          "duration": 14836,
          "root": false,
          "rootEmpty": false,
          "_timeout": 2000
        }
      ],
      "passes": [],
      "failures": [],
      "pending": [],
      "skipped": [],
      "duration": 0,
      "root": true,
      "rootEmpty": true,
      "_timeout": 2000
    }
  ],
  "meta": {
    "mocha": {
      "version": "7.0.1"
    },
    "mochawesome": {
      "options": {
        "quiet": true,
        "reportFilename": "mochawesome",
        "saveHtml": false,
        "saveJson": true,
        "consoleReporter": "spec",
        "useInlineDiffs": false,
        "code": true
      },
      "version": "6.2.2"
    },
    "marge": {
      "options": {
        "id": "default",
        "reportDir": "mochawesome-report",
        "quiet": true,
        "overwrite": false,
        "html": false,
        "json": true
      },
      "version": "5.2.0"
    }
  }
}