{
  "stats": {
    "suites": 1,
    "tests": 1,
    "passes": 1,
    "pending": 0,
    "failures": 0,
    "start": "2021-03-03T13:38:22.693Z",
    "end": "2021-03-03T13:38:29.552Z",
    "duration": 6859,
    "testsRegistered": 1,
    "passPercent": 100,
    "pendingPercent": 0,
    "other": 0,
    "hasOther": false,
    "skipped": 0,
    "hasSkipped": false
  },
  "results": [
    {
      "uuid": "5b0969c8-14bb-48d9-bfe1-e9c7c8972329",
      "title": "",
      "fullFile": "cypress\\integration\\services\\testes\\ces\\analytics_ces_spec.js",
      "file": "cypress\\integration\\services\\testes\\ces\\analytics_ces_spec.js",
      "beforeHooks": [],
      "afterHooks": [],
      "tests": [],
      "suites": [
        {
          "uuid": "9693ba93-6c21-48f7-acfc-b7791fc381fb",
          "title": "Analitics Recrutamento e Seleção",
          "fullFile": "",
          "file": "",
          "beforeHooks": [],
          "afterHooks": [],
          "tests": [
            {
              "title": "Vagas Disponíveis",
              "fullTitle": "Analitics Recrutamento e Seleção Vagas Disponíveis",
              "timedOut": null,
              "duration": 6799,
              "state": "passed",
              "speed": "slow",
              "pass": true,
              "fail": false,
              "pending": false,
              "context": null,
              "code": "analyticsPage.validaSalario(dados.DataFolha);",
              "err": {},
              "uuid": "1d319d85-4c49-4216-af4b-6cfa16146f55",
              "parentUUID": "9693ba93-6c21-48f7-acfc-b7791fc381fb",
              "isHook": false,
              "skipped": false
            }
          ],
          "suites": [],
          "passes": [
            "1d319d85-4c49-4216-af4b-6cfa16146f55"
          ],
          "failures": [],
          "pending": [],
          "skipped": [],
          "duration": 6799,
          "root": false,
          "rootEmpty": false,
          "_timeout": 2000
        }
      ],
      "passes": [],
      "failures": [],
      "pending": [],
      "skipped": [],
      "duration": 0,
      "root": true,
      "rootEmpty": true,
      "_timeout": 2000
    }
  ],
  "meta": {
    "mocha": {
      "version": "7.0.1"
    },
    "mochawesome": {
      "options": {
        "quiet": true,
        "reportFilename": "mochawesome",
        "saveHtml": false,
        "saveJson": true,
        "consoleReporter": "spec",
        "useInlineDiffs": false,
        "code": true
      },
      "version": "6.2.2"
    },
    "marge": {
      "options": {
        "id": "default",
        "reportDir": "mochawesome-report",
        "quiet": true,
        "overwrite": false,
        "html": false,
        "json": true
      },
      "version": "5.2.0"
    }
  }
}