{
  "stats": {
    "suites": 1,
    "tests": 7,
    "passes": 7,
    "pending": 0,
    "failures": 0,
    "start": "2021-03-03T13:39:33.983Z",
    "end": "2021-03-03T13:40:12.690Z",
    "duration": 38707,
    "testsRegistered": 7,
    "passPercent": 100,
    "pendingPercent": 0,
    "other": 0,
    "hasOther": false,
    "skipped": 0,
    "hasSkipped": false
  },
  "results": [
    {
      "uuid": "68923289-98fa-41e7-85c9-1ba8898f4a2e",
      "title": "",
      "fullFile": "cypress\\integration\\services\\testes\\ces\\cadastro_cargos_faixa_spec.js",
      "file": "cypress\\integration\\services\\testes\\ces\\cadastro_cargos_faixa_spec.js",
      "beforeHooks": [],
      "afterHooks": [],
      "tests": [],
      "suites": [
        {
          "uuid": "1341773b-8839-4721-948c-95fa703ec505",
          "title": "Funcionalidade Cargos e Faixas",
          "fullFile": "",
          "file": "",
          "beforeHooks": [],
          "afterHooks": [],
          "tests": [
            {
              "title": "Inserção de Cargos",
              "fullTitle": "Funcionalidade Cargos e Faixas Inserção de Cargos",
              "timedOut": null,
              "duration": 8797,
              "state": "passed",
              "speed": "slow",
              "pass": true,
              "fail": false,
              "pending": false,
              "context": null,
              "code": "cargosFaixaPage.inserir(cargo.Nome);\ncy.validaMensagemSucesso('Faixa gravada com sucesso.');",
              "err": {},
              "uuid": "888c98b5-b0b8-4901-ad31-145734ab79b3",
              "parentUUID": "1341773b-8839-4721-948c-95fa703ec505",
              "isHook": false,
              "skipped": false
            },
            {
              "title": "Edição de Cargos",
              "fullTitle": "Funcionalidade Cargos e Faixas Edição de Cargos",
              "timedOut": null,
              "duration": 5961,
              "state": "passed",
              "speed": "slow",
              "pass": true,
              "fail": false,
              "pending": false,
              "context": null,
              "code": "cargosFaixaPage.editar(cargo);\ncy.validaMensagemSucesso('Cargo Atualizado com Sucesso!');",
              "err": {},
              "uuid": "cb8d9f29-04fb-4d89-a7b8-0f9374975eaa",
              "parentUUID": "1341773b-8839-4721-948c-95fa703ec505",
              "isHook": false,
              "skipped": false
            },
            {
              "title": "Exclusão de Cargos com Sucesso",
              "fullTitle": "Funcionalidade Cargos e Faixas Exclusão de Cargos com Sucesso",
              "timedOut": null,
              "duration": 4656,
              "state": "passed",
              "speed": "slow",
              "pass": true,
              "fail": false,
              "pending": false,
              "context": null,
              "code": "cargosFaixaPage.excluir('QA');\nutil.popUpMessage('Confirma exclusão?');\ncy.validaMensagemSucesso('Cargo excluído com sucesso.');",
              "err": {},
              "uuid": "9a1c405f-f5ef-40c9-9681-adad6e8432e2",
              "parentUUID": "1341773b-8839-4721-948c-95fa703ec505",
              "isHook": false,
              "skipped": false
            },
            {
              "title": "Exclusão sem Sucesso",
              "fullTitle": "Funcionalidade Cargos e Faixas Exclusão sem Sucesso",
              "timedOut": null,
              "duration": 4667,
              "state": "passed",
              "speed": "slow",
              "pass": true,
              "fail": false,
              "pending": false,
              "context": null,
              "code": "cargosFaixaPage.excluir(cargo.Cargo);\nutil.popUpMessage('Confirma exclusão?');\nutil.warningMsg('Não foi possível excluir este cargo.');",
              "err": {},
              "uuid": "f34d0dc6-ade4-4ee3-9fbd-9d821f949182",
              "parentUUID": "1341773b-8839-4721-948c-95fa703ec505",
              "isHook": false,
              "skipped": false
            },
            {
              "title": "Exclusão de Faixa Sem Sucesso",
              "fullTitle": "Funcionalidade Cargos e Faixas Exclusão de Faixa Sem Sucesso",
              "timedOut": null,
              "duration": 4748,
              "state": "passed",
              "speed": "slow",
              "pass": true,
              "fail": false,
              "pending": false,
              "context": null,
              "code": "cargosFaixaPage.excluirfaixa(cargo.Cargo);\nutil.popUpMessage('Confirma exclusão?');\nutil.warningMsg('Essa faixa salarial não pode ser removida pois possui dependências no sistema.');",
              "err": {},
              "uuid": "9c3ad7d0-ed8c-4f48-b901-190bc958daa9",
              "parentUUID": "1341773b-8839-4721-948c-95fa703ec505",
              "isHook": false,
              "skipped": false
            },
            {
              "title": "Exclusão de Faixa com Sucesso",
              "fullTitle": "Funcionalidade Cargos e Faixas Exclusão de Faixa com Sucesso",
              "timedOut": null,
              "duration": 4567,
              "state": "passed",
              "speed": "slow",
              "pass": true,
              "fail": false,
              "pending": false,
              "context": null,
              "code": "cargosFaixaPage.excluirfaixa('QA');\nutil.popUpMessage('Confirma exclusão?');\ncy.validaMensagemSucesso('Faixa salarial excluída com sucesso.');",
              "err": {},
              "uuid": "40c16212-b417-4365-ae48-79ccd0c0b654",
              "parentUUID": "1341773b-8839-4721-948c-95fa703ec505",
              "isHook": false,
              "skipped": false
            },
            {
              "title": "Inclusão de Nível de COmpetencia no cargo -Sem competencia cadastrada",
              "fullTitle": "Funcionalidade Cargos e Faixas Inclusão de Nível de COmpetencia no cargo -Sem competencia cadastrada",
              "timedOut": null,
              "duration": 5090,
              "state": "passed",
              "speed": "slow",
              "pass": true,
              "fail": false,
              "pending": false,
              "context": null,
              "code": "cargosFaixaPage.insereNivelCompetenciaSemCompetenciaCadastrada(cargo);\nutil.popUpMessage('Não existem níveis de competência cadastrados.');",
              "err": {},
              "uuid": "37673600-c089-4a66-b05c-ee2d69383e88",
              "parentUUID": "1341773b-8839-4721-948c-95fa703ec505",
              "isHook": false,
              "skipped": false
            }
          ],
          "suites": [],
          "passes": [
            "888c98b5-b0b8-4901-ad31-145734ab79b3",
            "cb8d9f29-04fb-4d89-a7b8-0f9374975eaa",
            "9a1c405f-f5ef-40c9-9681-adad6e8432e2",
            "f34d0dc6-ade4-4ee3-9fbd-9d821f949182",
            "9c3ad7d0-ed8c-4f48-b901-190bc958daa9",
            "40c16212-b417-4365-ae48-79ccd0c0b654",
            "37673600-c089-4a66-b05c-ee2d69383e88"
          ],
          "failures": [],
          "pending": [],
          "skipped": [],
          "duration": 38486,
          "root": false,
          "rootEmpty": false,
          "_timeout": 2000
        }
      ],
      "passes": [],
      "failures": [],
      "pending": [],
      "skipped": [],
      "duration": 0,
      "root": true,
      "rootEmpty": true,
      "_timeout": 2000
    }
  ],
  "meta": {
    "mocha": {
      "version": "7.0.1"
    },
    "mochawesome": {
      "options": {
        "quiet": true,
        "reportFilename": "mochawesome",
        "saveHtml": false,
        "saveJson": true,
        "consoleReporter": "spec",
        "useInlineDiffs": false,
        "code": true
      },
      "version": "6.2.2"
    },
    "marge": {
      "options": {
        "id": "default",
        "reportDir": "mochawesome-report",
        "quiet": true,
        "overwrite": false,
        "html": false,
        "json": true
      },
      "version": "5.2.0"
    }
  }
}