{
  "stats": {
    "suites": 1,
    "tests": 7,
    "passes": 7,
    "pending": 0,
    "failures": 0,
    "start": "2021-03-03T13:42:52.521Z",
    "end": "2021-03-03T13:43:31.230Z",
    "duration": 38709,
    "testsRegistered": 7,
    "passPercent": 100,
    "pendingPercent": 0,
    "other": 0,
    "hasOther": false,
    "skipped": 0,
    "hasSkipped": false
  },
  "results": [
    {
      "uuid": "d7a5f2a6-f97f-435f-bee3-df61659c6416",
      "title": "",
      "fullFile": "cypress\\integration\\services\\testes\\desenv_talentos\\cadastro_categoriaCurso_spec.js",
      "file": "cypress\\integration\\services\\testes\\desenv_talentos\\cadastro_categoriaCurso_spec.js",
      "beforeHooks": [],
      "afterHooks": [],
      "tests": [],
      "suites": [
        {
          "uuid": "431123d9-c37c-42eb-9ea2-4d8e9163287d",
          "title": "Categorias do Curso",
          "fullFile": "",
          "file": "",
          "beforeHooks": [],
          "afterHooks": [],
          "tests": [
            {
              "title": "Inserir Categoria do Curso",
              "fullTitle": "Categorias do Curso Inserir Categoria do Curso",
              "timedOut": null,
              "duration": 6523,
              "state": "passed",
              "speed": "slow",
              "pass": true,
              "fail": false,
              "pending": false,
              "context": null,
              "code": "cy.inserirCategoria(categoria);\ncy.validaItemNaGrade(categoria.Nome);",
              "err": {},
              "uuid": "53bc9683-76a9-4bd0-b1d2-e88dc9e89a9c",
              "parentUUID": "431123d9-c37c-42eb-9ea2-4d8e9163287d",
              "isHook": false,
              "skipped": false
            },
            {
              "title": "Editar Categoria do Curso",
              "fullTitle": "Categorias do Curso Editar Categoria do Curso",
              "timedOut": null,
              "duration": 5583,
              "state": "passed",
              "speed": "slow",
              "pass": true,
              "fail": false,
              "pending": false,
              "context": null,
              "code": "cy.editar(categoria);\ncy.validaItemNaGrade(categoria.NomeEditado);",
              "err": {},
              "uuid": "2987f6f6-be8d-4167-932f-7a17efe62561",
              "parentUUID": "431123d9-c37c-42eb-9ea2-4d8e9163287d",
              "isHook": false,
              "skipped": false
            },
            {
              "title": "Inserir Histórico na Categoria",
              "fullTitle": "Categorias do Curso Inserir Histórico na Categoria",
              "timedOut": null,
              "duration": 5051,
              "state": "passed",
              "speed": "slow",
              "pass": true,
              "fail": false,
              "pending": false,
              "context": null,
              "code": "cy.inserirHistoricoCategoria(categoria);\ncy.validaItemNaGrade(categoria.Nome);",
              "err": {},
              "uuid": "36477f46-2a71-4bb1-bdba-6064936fb240",
              "parentUUID": "431123d9-c37c-42eb-9ea2-4d8e9163287d",
              "isHook": false,
              "skipped": false
            },
            {
              "title": "Inserir Histórico já Existente",
              "fullTitle": "Categorias do Curso Inserir Histórico já Existente",
              "timedOut": null,
              "duration": 5078,
              "state": "passed",
              "speed": "slow",
              "pass": true,
              "fail": false,
              "pending": false,
              "context": null,
              "code": "cy.inserirHistoricoCategoria(categoria, categoria.DataIni);\ncy.popUpMessage('Não é permitido inserir datas repetidas.');",
              "err": {},
              "uuid": "e065060d-b77c-465e-8855-89bdf5367e85",
              "parentUUID": "431123d9-c37c-42eb-9ea2-4d8e9163287d",
              "isHook": false,
              "skipped": false
            },
            {
              "title": "Excluir Categoria",
              "fullTitle": "Categorias do Curso Excluir Categoria",
              "timedOut": null,
              "duration": 6371,
              "state": "passed",
              "speed": "slow",
              "pass": true,
              "fail": false,
              "pending": false,
              "context": null,
              "code": "cy.excluir(categoria);\ncy.validaMensagemInformacao('Categoria do curso excluída com sucesso.');",
              "err": {},
              "uuid": "e215e991-894b-4a4a-9e8e-2b333eeddce7",
              "parentUUID": "431123d9-c37c-42eb-9ea2-4d8e9163287d",
              "isHook": false,
              "skipped": false
            },
            {
              "title": "Excluir Categoria Associada a Curso",
              "fullTitle": "Categorias do Curso Excluir Categoria Associada a Curso",
              "timedOut": null,
              "duration": 4896,
              "state": "passed",
              "speed": "slow",
              "pass": true,
              "fail": false,
              "pending": false,
              "context": null,
              "code": "cy.excluirCategoriaAssociadaCurso(categoria);\ncy.validaMensagemInformacao('Categoria do curso excluída com sucesso.');",
              "err": {},
              "uuid": "13375289-d18b-4612-bf16-3c82a1ce0198",
              "parentUUID": "431123d9-c37c-42eb-9ea2-4d8e9163287d",
              "isHook": false,
              "skipped": false
            },
            {
              "title": "Excluir Meta",
              "fullTitle": "Categorias do Curso Excluir Meta",
              "timedOut": null,
              "duration": 4987,
              "state": "passed",
              "speed": "slow",
              "pass": true,
              "fail": false,
              "pending": false,
              "context": null,
              "code": "cy.excluirMetaCategoria(categoria);\ncy.get('#btnGravar').click();\ncy.get('#popup_message').should('contain', 'Insira pelo menos uma meta para esta categoria.');",
              "err": {},
              "uuid": "c9c4c3d7-5ea9-4d4c-aeac-5ac4861a7e24",
              "parentUUID": "431123d9-c37c-42eb-9ea2-4d8e9163287d",
              "isHook": false,
              "skipped": false
            }
          ],
          "suites": [],
          "passes": [
            "53bc9683-76a9-4bd0-b1d2-e88dc9e89a9c",
            "2987f6f6-be8d-4167-932f-7a17efe62561",
            "36477f46-2a71-4bb1-bdba-6064936fb240",
            "e065060d-b77c-465e-8855-89bdf5367e85",
            "e215e991-894b-4a4a-9e8e-2b333eeddce7",
            "13375289-d18b-4612-bf16-3c82a1ce0198",
            "c9c4c3d7-5ea9-4d4c-aeac-5ac4861a7e24"
          ],
          "failures": [],
          "pending": [],
          "skipped": [],
          "duration": 38489,
          "root": false,
          "rootEmpty": false,
          "_timeout": 2000
        }
      ],
      "passes": [],
      "failures": [],
      "pending": [],
      "skipped": [],
      "duration": 0,
      "root": true,
      "rootEmpty": true,
      "_timeout": 2000
    }
  ],
  "meta": {
    "mocha": {
      "version": "7.0.1"
    },
    "mochawesome": {
      "options": {
        "quiet": true,
        "reportFilename": "mochawesome",
        "saveHtml": false,
        "saveJson": true,
        "consoleReporter": "spec",
        "useInlineDiffs": false,
        "code": true
      },
      "version": "6.2.2"
    },
    "marge": {
      "options": {
        "id": "default",
        "reportDir": "mochawesome-report",
        "quiet": true,
        "overwrite": false,
        "html": false,
        "json": true
      },
      "version": "5.2.0"
    }
  }
}