{
  "stats": {
    "suites": 1,
    "tests": 1,
    "passes": 1,
    "pending": 0,
    "failures": 0,
    "start": "2021-03-03T13:58:42.119Z",
    "end": "2021-03-03T13:58:49.814Z",
    "duration": 7695,
    "testsRegistered": 1,
    "passPercent": 100,
    "pendingPercent": 0,
    "other": 0,
    "hasOther": false,
    "skipped": 0,
    "hasSkipped": false
  },
  "results": [
    {
      "uuid": "c3c991ab-a6b9-4114-bdf4-aea378b5f781",
      "title": "",
      "fullFile": "cypress\\integration\\services\\testes\\utilitarios\\configuracao_spec.js",
      "file": "cypress\\integration\\services\\testes\\utilitarios\\configuracao_spec.js",
      "beforeHooks": [],
      "afterHooks": [],
      "tests": [],
      "suites": [
        {
          "uuid": "89066d0a-422f-4127-9593-4d633a843761",
          "title": "Configuração do Sistema",
          "fullFile": "",
          "file": "",
          "beforeHooks": [],
          "afterHooks": [],
          "tests": [
            {
              "title": "Envio de Mensagem",
              "fullTitle": "Configuração do Sistema Envio de Mensagem",
              "timedOut": null,
              "duration": 7635,
              "state": "passed",
              "speed": "slow",
              "pass": true,
              "fail": false,
              "pending": false,
              "context": null,
              "code": "configuracaoPage.configuraParametros(parametros);\ncy.validaMensagemSucesso('Configurações do sistema atualizadas com sucesso.');",
              "err": {},
              "uuid": "3fb9d83f-3e01-4906-9cfe-fa260d09f304",
              "parentUUID": "89066d0a-422f-4127-9593-4d633a843761",
              "isHook": false,
              "skipped": false
            }
          ],
          "suites": [],
          "passes": [
            "3fb9d83f-3e01-4906-9cfe-fa260d09f304"
          ],
          "failures": [],
          "pending": [],
          "skipped": [],
          "duration": 7635,
          "root": false,
          "rootEmpty": false,
          "_timeout": 2000
        }
      ],
      "passes": [],
      "failures": [],
      "pending": [],
      "skipped": [],
      "duration": 0,
      "root": true,
      "rootEmpty": true,
      "_timeout": 2000
    }
  ],
  "meta": {
    "mocha": {
      "version": "7.0.1"
    },
    "mochawesome": {
      "options": {
        "quiet": true,
        "reportFilename": "mochawesome",
        "saveHtml": false,
        "saveJson": true,
        "consoleReporter": "spec",
        "useInlineDiffs": false,
        "code": true
      },
      "version": "6.2.2"
    },
    "marge": {
      "options": {
        "id": "default",
        "reportDir": "mochawesome-report",
        "quiet": true,
        "overwrite": false,
        "html": false,
        "json": true
      },
      "version": "5.2.0"
    }
  }
}