{
  "stats": {
    "suites": 1,
    "tests": 5,
    "passes": 5,
    "pending": 0,
    "failures": 0,
    "start": "2021-03-03T13:39:05.417Z",
    "end": "2021-03-03T13:39:31.726Z",
    "duration": 26309,
    "testsRegistered": 5,
    "passPercent": 100,
    "pendingPercent": 0,
    "other": 0,
    "hasOther": false,
    "skipped": 0,
    "hasSkipped": false
  },
  "results": [
    {
      "uuid": "9737508f-1fb7-4599-9906-a1e99fdb4194",
      "title": "",
      "fullFile": "cypress\\integration\\services\\testes\\ces\\cadastro_atitude_spec.js",
      "file": "cypress\\integration\\services\\testes\\ces\\cadastro_atitude_spec.js",
      "beforeHooks": [],
      "afterHooks": [],
      "tests": [],
      "suites": [
        {
          "uuid": "3775520d-a984-4a6c-9b8d-5aa93322c8fa",
          "title": "Funcionalidade Atitude",
          "fullFile": "",
          "file": "",
          "beforeHooks": [],
          "afterHooks": [],
          "tests": [
            {
              "title": "Inserção de Habilidade",
              "fullTitle": "Funcionalidade Atitude Inserção de Habilidade",
              "timedOut": null,
              "duration": 6511,
              "state": "passed",
              "speed": "slow",
              "pass": true,
              "fail": false,
              "pending": false,
              "context": null,
              "code": "atitudePage.inserir(atitude.Nome);\ncy.validaMensagemSucesso('Atitude Gravada com Sucesso!');",
              "err": {},
              "uuid": "a967c552-f2c2-43dd-9d2d-081de4ae31ec",
              "parentUUID": "3775520d-a984-4a6c-9b8d-5aa93322c8fa",
              "isHook": false,
              "skipped": false
            },
            {
              "title": "Inserção de Habilidade - Já cadastrado",
              "fullTitle": "Funcionalidade Atitude Inserção de Habilidade - Já cadastrado",
              "timedOut": null,
              "duration": 5140,
              "state": "passed",
              "speed": "slow",
              "pass": true,
              "fail": false,
              "pending": false,
              "context": null,
              "code": "atitudePage.inserir('Java');\nutil.warningMsg('Já existe um conhecimento, habilidade ou atitude com o nome \"Java\".');",
              "err": {},
              "uuid": "892f57e9-b3a7-4c12-b507-1d8414f8699b",
              "parentUUID": "3775520d-a984-4a6c-9b8d-5aa93322c8fa",
              "isHook": false,
              "skipped": false
            },
            {
              "title": "Edição",
              "fullTitle": "Funcionalidade Atitude Edição",
              "timedOut": null,
              "duration": 5091,
              "state": "passed",
              "speed": "slow",
              "pass": true,
              "fail": false,
              "pending": false,
              "context": null,
              "code": "atitudePage.editar('Ruby');\ncy.validaMensagemSucesso('Atitude atualizada com sucesso');",
              "err": {},
              "uuid": "99886504-4fd9-4046-b786-1783fe80e1fd",
              "parentUUID": "3775520d-a984-4a6c-9b8d-5aa93322c8fa",
              "isHook": false,
              "skipped": false
            },
            {
              "title": "Exclusão",
              "fullTitle": "Funcionalidade Atitude Exclusão",
              "timedOut": null,
              "duration": 4884,
              "state": "passed",
              "speed": "slow",
              "pass": true,
              "fail": false,
              "pending": false,
              "context": null,
              "code": "atitudePage.excluir('Ruby');\nutil.popUpMessage('Confirma exclusão?');\ncy.validaMensagemSucesso('Atitude excluída com sucesso.');",
              "err": {},
              "uuid": "479685e5-185e-47a8-90db-4c865959b877",
              "parentUUID": "3775520d-a984-4a6c-9b8d-5aa93322c8fa",
              "isHook": false,
              "skipped": false
            },
            {
              "title": "Exclusão sem sucesso",
              "fullTitle": "Funcionalidade Atitude Exclusão sem sucesso",
              "timedOut": null,
              "duration": 4525,
              "state": "passed",
              "speed": "slow",
              "pass": true,
              "fail": false,
              "pending": false,
              "context": null,
              "code": "atitudePage.excluir('Organizado');\nutil.popUpMessage('Confirma exclusão?');\nutil.infoMsg('Não foi possível excluir a atitude.');",
              "err": {},
              "uuid": "b3cb03e5-4a56-479d-990c-68ade776beb2",
              "parentUUID": "3775520d-a984-4a6c-9b8d-5aa93322c8fa",
              "isHook": false,
              "skipped": false
            }
          ],
          "suites": [],
          "passes": [
            "a967c552-f2c2-43dd-9d2d-081de4ae31ec",
            "892f57e9-b3a7-4c12-b507-1d8414f8699b",
            "99886504-4fd9-4046-b786-1783fe80e1fd",
            "479685e5-185e-47a8-90db-4c865959b877",
            "b3cb03e5-4a56-479d-990c-68ade776beb2"
          ],
          "failures": [],
          "pending": [],
          "skipped": [],
          "duration": 26151,
          "root": false,
          "rootEmpty": false,
          "_timeout": 2000
        }
      ],
      "passes": [],
      "failures": [],
      "pending": [],
      "skipped": [],
      "duration": 0,
      "root": true,
      "rootEmpty": true,
      "_timeout": 2000
    }
  ],
  "meta": {
    "mocha": {
      "version": "7.0.1"
    },
    "mochawesome": {
      "options": {
        "quiet": true,
        "reportFilename": "mochawesome",
        "saveHtml": false,
        "saveJson": true,
        "consoleReporter": "spec",
        "useInlineDiffs": false,
        "code": true
      },
      "version": "6.2.2"
    },
    "marge": {
      "options": {
        "id": "default",
        "reportDir": "mochawesome-report",
        "quiet": true,
        "overwrite": false,
        "html": false,
        "json": true
      },
      "version": "5.2.0"
    }
  }
}