{
  "stats": {
    "suites": 1,
    "tests": 14,
    "passes": 14,
    "pending": 0,
    "failures": 0,
    "start": "2021-03-03T13:52:57.925Z",
    "end": "2021-03-03T13:54:28.938Z",
    "duration": 91013,
    "testsRegistered": 14,
    "passPercent": 100,
    "pendingPercent": 0,
    "other": 0,
    "hasOther": false,
    "skipped": 0,
    "hasSkipped": false
  },
  "results": [
    {
      "uuid": "314bd3be-7e4b-48be-a843-f2a9e23c36ac",
      "title": "",
      "fullFile": "cypress\\integration\\services\\testes\\res\\movimentos_solicitacao_pessoal_spec.js",
      "file": "cypress\\integration\\services\\testes\\res\\movimentos_solicitacao_pessoal_spec.js",
      "beforeHooks": [],
      "afterHooks": [],
      "tests": [],
      "suites": [
        {
          "uuid": "69433f20-258a-4a4b-abe2-81bb0bb3d846",
          "title": "Funcionalidade Solicitação de Pessoal",
          "fullFile": "",
          "file": "",
          "beforeHooks": [],
          "afterHooks": [],
          "tests": [
            {
              "title": "Inserção de Solicitação de Pessoal",
              "fullTitle": "Funcionalidade Solicitação de Pessoal Inserção de Solicitação de Pessoal",
              "timedOut": null,
              "duration": 8091,
              "state": "passed",
              "speed": "slow",
              "pass": true,
              "fail": false,
              "pending": false,
              "context": null,
              "code": "solicitacaopessoalPage.preencheSolicitacaoPessoal();\nutil.validaTitulo('Solicitação de Pessoal');",
              "err": {},
              "uuid": "a64b3660-379f-4de3-95b2-a674186c8276",
              "parentUUID": "69433f20-258a-4a4b-abe2-81bb0bb3d846",
              "isHook": false,
              "skipped": false
            },
            {
              "title": "Edição de Solicitação de Pessoal",
              "fullTitle": "Funcionalidade Solicitação de Pessoal Edição de Solicitação de Pessoal",
              "timedOut": null,
              "duration": 5912,
              "state": "passed",
              "speed": "slow",
              "pass": true,
              "fail": false,
              "pending": false,
              "context": null,
              "code": "cy.insereSolicitacaoEmAnalise();\ncy.reload();\nsolicitacaopessoalPage.editaSolicitação('Vaga para DEV');\nutil.validaTitulo('Solicitação de Pessoal');",
              "err": {},
              "uuid": "bdf42e62-39e8-41eb-8107-bed6ec701775",
              "parentUUID": "69433f20-258a-4a4b-abe2-81bb0bb3d846",
              "isHook": false,
              "skipped": false
            },
            {
              "title": "Exclusão de Solicitação de Pessoal",
              "fullTitle": "Funcionalidade Solicitação de Pessoal Exclusão de Solicitação de Pessoal",
              "timedOut": null,
              "duration": 4509,
              "state": "passed",
              "speed": "slow",
              "pass": true,
              "fail": false,
              "pending": false,
              "context": null,
              "code": "solicitacaopessoalPage.excluiSolicitação('Solicitação');\nutil.popUpMessage('Confirma exclusão?');\ncy.validaMensagemSucesso('Solicitação excluída com sucesso.');",
              "err": {},
              "uuid": "3cb15b6c-6736-4143-94f9-77284aec75d1",
              "parentUUID": "69433f20-258a-4a4b-abe2-81bb0bb3d846",
              "isHook": false,
              "skipped": false
            },
            {
              "title": "Anexar Documentos à Solicitação de Pessoal",
              "fullTitle": "Funcionalidade Solicitação de Pessoal Anexar Documentos à Solicitação de Pessoal",
              "timedOut": null,
              "duration": 7625,
              "state": "passed",
              "speed": "slow",
              "pass": true,
              "fail": false,
              "pending": false,
              "context": null,
              "code": "solicitacaopessoalPage.anexaDocumentos('Solicitação');\nutil.validaTitulo('Documentos da Solicitação de Pessoal: 1 - Solicitação');",
              "err": {},
              "uuid": "0b5f8119-4f64-4017-830c-47d6c7de193f",
              "parentUUID": "69433f20-258a-4a4b-abe2-81bb0bb3d846",
              "isHook": false,
              "skipped": false
            },
            {
              "title": "Anunciar Solicitação de Pessoal",
              "fullTitle": "Funcionalidade Solicitação de Pessoal Anunciar Solicitação de Pessoal",
              "timedOut": null,
              "duration": 6639,
              "state": "passed",
              "speed": "slow",
              "pass": true,
              "fail": false,
              "pending": false,
              "context": null,
              "code": "solicitacaopessoalPage.anunciarSolicitacao('Solicitação');\nutil.validaTitulo('Solicitação de Pessoal');",
              "err": {},
              "uuid": "b187af00-eb01-4761-85c2-c06a4a321f03",
              "parentUUID": "69433f20-258a-4a4b-abe2-81bb0bb3d846",
              "isHook": false,
              "skipped": false
            },
            {
              "title": "Anunciar Solicitação de Pessoal por email",
              "fullTitle": "Funcionalidade Solicitação de Pessoal Anunciar Solicitação de Pessoal por email",
              "timedOut": null,
              "duration": 7833,
              "state": "passed",
              "speed": "slow",
              "pass": true,
              "fail": false,
              "pending": false,
              "context": null,
              "code": "solicitacaopessoalPage.anunciarSolicitacaoPorEmail('Solicitação');\nutil.infoMsg('Anúncio enviado com sucesso.');",
              "err": {},
              "uuid": "ddb9bdf9-1eeb-41eb-9953-7e229e8c2307",
              "parentUUID": "69433f20-258a-4a4b-abe2-81bb0bb3d846",
              "isHook": false,
              "skipped": false
            },
            {
              "title": "Alterar Status Solicitação de Pessoal",
              "fullTitle": "Funcionalidade Solicitação de Pessoal Alterar Status Solicitação de Pessoal",
              "timedOut": null,
              "duration": 6302,
              "state": "passed",
              "speed": "slow",
              "pass": true,
              "fail": false,
              "pending": false,
              "context": null,
              "code": "solicitacaopessoalPage.alterarStatusSolicitacaoAprovada('Solicitação');\nutil.validaTitulo('Solicitação de Pessoal');",
              "err": {},
              "uuid": "8c60807b-1ea5-447c-8932-e2f32475b865",
              "parentUUID": "69433f20-258a-4a4b-abe2-81bb0bb3d846",
              "isHook": false,
              "skipped": false
            },
            {
              "title": "Suspender Solicitação de Pessoal",
              "fullTitle": "Funcionalidade Solicitação de Pessoal Suspender Solicitação de Pessoal",
              "timedOut": null,
              "duration": 5236,
              "state": "passed",
              "speed": "slow",
              "pass": true,
              "fail": false,
              "pending": false,
              "context": null,
              "code": "solicitacaopessoalPage.suspenderSolicitacao('Solicitação');\nutil.dialogMessage('Suspender Solicitação');\nsolicitacaopessoalPage.suspenderSolicitacaoButton();\nutil.infoMsg('Não existem solicitações a serem visualizadas!');",
              "err": {},
              "uuid": "29f335be-9e5a-468f-b825-6cf14dc16e76",
              "parentUUID": "69433f20-258a-4a4b-abe2-81bb0bb3d846",
              "isHook": false,
              "skipped": false
            },
            {
              "title": "Encerrar Solicitação de Pessoal",
              "fullTitle": "Funcionalidade Solicitação de Pessoal Encerrar Solicitação de Pessoal",
              "timedOut": null,
              "duration": 5547,
              "state": "passed",
              "speed": "slow",
              "pass": true,
              "fail": false,
              "pending": false,
              "context": null,
              "code": "solicitacaopessoalPage.encerrarSolicitacao('Solicitação');\nutil.infoMsg('Não existem solicitações a serem visualizadas!');",
              "err": {},
              "uuid": "1d0b19d5-3dc2-47dc-adc5-9c55468e4567",
              "parentUUID": "69433f20-258a-4a4b-abe2-81bb0bb3d846",
              "isHook": false,
              "skipped": false
            },
            {
              "title": "Clonar Solicitação de Pessoal",
              "fullTitle": "Funcionalidade Solicitação de Pessoal Clonar Solicitação de Pessoal",
              "timedOut": null,
              "duration": 7085,
              "state": "passed",
              "speed": "slow",
              "pass": true,
              "fail": false,
              "pending": false,
              "context": null,
              "code": "solicitacaopessoalPage.clonarSolicitacao('Solicitação');\nutil.validaTitulo('Solicitação de Pessoal');",
              "err": {},
              "uuid": "87a12881-947e-43d4-ba23-1023d9552ad5",
              "parentUUID": "69433f20-258a-4a4b-abe2-81bb0bb3d846",
              "isHook": false,
              "skipped": false
            },
            {
              "title": "Inserir Candidatos na Solicitação de Pessoal",
              "fullTitle": "Funcionalidade Solicitação de Pessoal Inserir Candidatos na Solicitação de Pessoal",
              "timedOut": null,
              "duration": 5721,
              "state": "passed",
              "speed": "slow",
              "pass": true,
              "fail": false,
              "pending": false,
              "context": null,
              "code": "solicitacaopessoalPage.inserirCandidatosSolicitacao('Solicitação');\ncy.contains('Candidato 01');",
              "err": {},
              "uuid": "08228f92-d2d8-494a-a3c2-c799ae879ff6",
              "parentUUID": "69433f20-258a-4a4b-abe2-81bb0bb3d846",
              "isHook": false,
              "skipped": false
            },
            {
              "title": "Inserir Candidatos Modulo Externo na Solicitação de Pessoal",
              "fullTitle": "Funcionalidade Solicitação de Pessoal Inserir Candidatos Modulo Externo na Solicitação de Pessoal",
              "timedOut": null,
              "duration": 4832,
              "state": "passed",
              "speed": "slow",
              "pass": true,
              "fail": false,
              "pending": false,
              "context": null,
              "code": "cy.insereCandidatoExterno(\"Candidato Mod Externo\");\nsolicitacaopessoalPage.inserirCandidatosExternoSolicitacao('Solicitação');\ncy.validaMensagemSucesso('Candidato(s) inserido(s) no processo selectivo com sucesso.');",
              "err": {},
              "uuid": "a541574d-526b-4063-b496-b844d62b06dc",
              "parentUUID": "69433f20-258a-4a4b-abe2-81bb0bb3d846",
              "isHook": false,
              "skipped": false
            },
            {
              "title": "Contratar Candidatos na Solicitação de Pessoal",
              "fullTitle": "Funcionalidade Solicitação de Pessoal Contratar Candidatos na Solicitação de Pessoal",
              "timedOut": null,
              "duration": 7056,
              "state": "passed",
              "speed": "slow",
              "pass": true,
              "fail": false,
              "pending": false,
              "context": null,
              "code": "cy.insereCandidatoExterno(\"Candidato Mod Externo\");\nsolicitacaopessoalPage.contrataCandidatoDaSolicitacao('Solicitação');\nutil.validaTitulo('Inserir Talento');",
              "err": {},
              "uuid": "93d7da98-b343-449c-bea0-d3eff3744fe4",
              "parentUUID": "69433f20-258a-4a4b-abe2-81bb0bb3d846",
              "isHook": false,
              "skipped": false
            },
            {
              "title": "Inserir HIstórico de Candidato - Valisda Solides",
              "fullTitle": "Funcionalidade Solicitação de Pessoal Inserir HIstórico de Candidato - Valisda Solides",
              "timedOut": null,
              "duration": 8124,
              "state": "passed",
              "speed": "slow",
              "pass": true,
              "fail": false,
              "pending": false,
              "context": null,
              "code": "cy.insereEtapaSeletiva('Teste');\ncy.insereTokenSolides();\ncy.insereCandidatoExterno(\"Candidato Mod Externo\");\nsolicitacaopessoalPage.historicoCandidato('Solicitação');\ncy.contains('O cadastro do candidato não foi localizado na Sólides');",
              "err": {},
              "uuid": "26434cf7-a560-4bcf-a7e9-2a66a6c46d94",
              "parentUUID": "69433f20-258a-4a4b-abe2-81bb0bb3d846",
              "isHook": false,
              "skipped": false
            }
          ],
          "suites": [],
          "passes": [
            "a64b3660-379f-4de3-95b2-a674186c8276",
            "bdf42e62-39e8-41eb-8107-bed6ec701775",
            "3cb15b6c-6736-4143-94f9-77284aec75d1",
            "0b5f8119-4f64-4017-830c-47d6c7de193f",
            "b187af00-eb01-4761-85c2-c06a4a321f03",
            "ddb9bdf9-1eeb-41eb-9953-7e229e8c2307",
            "8c60807b-1ea5-447c-8932-e2f32475b865",
            "29f335be-9e5a-468f-b825-6cf14dc16e76",
            "1d0b19d5-3dc2-47dc-adc5-9c55468e4567",
            "87a12881-947e-43d4-ba23-1023d9552ad5",
            "08228f92-d2d8-494a-a3c2-c799ae879ff6",
            "a541574d-526b-4063-b496-b844d62b06dc",
            "93d7da98-b343-449c-bea0-d3eff3744fe4",
            "26434cf7-a560-4bcf-a7e9-2a66a6c46d94"
          ],
          "failures": [],
          "pending": [],
          "skipped": [],
          "duration": 90512,
          "root": false,
          "rootEmpty": false,
          "_timeout": 2000
        }
      ],
      "passes": [],
      "failures": [],
      "pending": [],
      "skipped": [],
      "duration": 0,
      "root": true,
      "rootEmpty": true,
      "_timeout": 2000
    }
  ],
  "meta": {
    "mocha": {
      "version": "7.0.1"
    },
    "mochawesome": {
      "options": {
        "quiet": true,
        "reportFilename": "mochawesome",
        "saveHtml": false,
        "saveJson": true,
        "consoleReporter": "spec",
        "useInlineDiffs": false,
        "code": true
      },
      "version": "6.2.2"
    },
    "marge": {
      "options": {
        "id": "default",
        "reportDir": "mochawesome-report",
        "quiet": true,
        "overwrite": false,
        "html": false,
        "json": true
      },
      "version": "5.2.0"
    }
  }
}