{
  "stats": {
    "suites": 7,
    "tests": 20,
    "passes": 20,
    "pending": 0,
    "failures": 0,
    "start": "2021-03-03T13:48:41.453Z",
    "end": "2021-03-03T13:51:40.338Z",
    "duration": 178885,
    "testsRegistered": 20,
    "passPercent": 100,
    "pendingPercent": 0,
    "other": 0,
    "hasOther": false,
    "skipped": 0,
    "hasSkipped": false
  },
  "results": [
    {
      "uuid": "dca4213b-c156-487b-8f9e-e94a793a05d2",
      "title": "",
      "fullFile": "cypress\\integration\\services\\testes\\res\\cadastro_candidato_spec.js",
      "file": "cypress\\integration\\services\\testes\\res\\cadastro_candidato_spec.js",
      "beforeHooks": [],
      "afterHooks": [],
      "tests": [],
      "suites": [
        {
          "uuid": "63db93e2-66f4-47b4-8106-2a7a639ddd7e",
          "title": "Gerenciamento de Candidatos",
          "fullFile": "",
          "file": "",
          "beforeHooks": [],
          "afterHooks": [],
          "tests": [],
          "suites": [
            {
              "uuid": "f5204ab9-c1e8-4f8d-bdfb-c44ef72d6c58",
              "title": "Cadastros de Candidato no Módulo Externo",
              "fullFile": "",
              "file": "",
              "beforeHooks": [],
              "afterHooks": [],
              "tests": [
                {
                  "title": "Inserção de Candidatos Módulo Externo",
                  "fullTitle": "Gerenciamento de Candidatos Cadastros de Candidato no Módulo Externo Inserção de Candidatos Módulo Externo",
                  "timedOut": null,
                  "duration": 13154,
                  "state": "passed",
                  "speed": "slow",
                  "pass": true,
                  "fail": false,
                  "pending": false,
                  "context": null,
                  "code": "candidatoPage.inserirCandidatoColaboradorModuloExterno();\nutil.popUpMessage('Dados cadastrados com sucesso.');",
                  "err": {},
                  "uuid": "126baec1-2c57-4521-ba52-6f9a9aa54113",
                  "parentUUID": "f5204ab9-c1e8-4f8d-bdfb-c44ef72d6c58",
                  "isHook": false,
                  "skipped": false
                },
                {
                  "title": "Inserção de Candidatos Módulo Externo - Exige Aceite LGPD",
                  "fullTitle": "Gerenciamento de Candidatos Cadastros de Candidato no Módulo Externo Inserção de Candidatos Módulo Externo - Exige Aceite LGPD",
                  "timedOut": null,
                  "duration": 12954,
                  "state": "passed",
                  "speed": "slow",
                  "pass": true,
                  "fail": false,
                  "pending": false,
                  "context": null,
                  "code": "cy.exec_sql(\"update empresa set exigiraceitepsi = true\");\ncy.exec_sql(\"update empresa set politicaseguranca = 'Teste'\");\ncy.reload();\ncandidatoPage.inserirCandidatoColaboradorModuloExterno();\nutil.popUpMessage('Você precisa aceitar o Termo de Privacidade e Política de Segurança.');\ncandidatoPage.aceitaLGPD();\ncandidatoPage.clicaAbaCurriculoGrava();\nutil.popUpMessage('Dados cadastrados com sucesso.');",
                  "err": {},
                  "uuid": "0f3e4b26-e1e6-432c-8bd4-6651eb9863ee",
                  "parentUUID": "f5204ab9-c1e8-4f8d-bdfb-c44ef72d6c58",
                  "isHook": false,
                  "skipped": false
                }
              ],
              "suites": [],
              "passes": [
                "126baec1-2c57-4521-ba52-6f9a9aa54113",
                "0f3e4b26-e1e6-432c-8bd4-6651eb9863ee"
              ],
              "failures": [],
              "pending": [],
              "skipped": [],
              "duration": 26108,
              "root": false,
              "rootEmpty": false,
              "_timeout": 2000
            },
            {
              "uuid": "1815385e-c988-45f6-aa8a-d26addf55652",
              "title": "Cadastro de Candidato no Fortes RH",
              "fullFile": "",
              "file": "",
              "beforeHooks": [],
              "afterHooks": [],
              "tests": [],
              "suites": [
                {
                  "uuid": "4a045dbb-dcdf-4325-91af-be1e46cbc6e6",
                  "title": "Cadastro de Candidatos",
                  "fullFile": "",
                  "file": "",
                  "beforeHooks": [],
                  "afterHooks": [],
                  "tests": [
                    {
                      "title": "Inserção de Candidatos",
                      "fullTitle": "Gerenciamento de Candidatos Cadastro de Candidato no Fortes RH Cadastro de Candidatos Inserção de Candidatos",
                      "timedOut": null,
                      "duration": 17475,
                      "state": "passed",
                      "speed": "slow",
                      "pass": true,
                      "fail": false,
                      "pending": false,
                      "context": null,
                      "code": "cy.exec_sql(\"update parametrosdosistema set camposcandidatoobrigatorio = 'nome,sexo,escolaridade,ende,num,cidade,uf,fone,ddd,certificadoMilitar,certMilTipo,certMilSerie'\");\ncy.exec_sql(\"update empresa set exigiraceitepsi = true\");\ncy.exec_sql(\"update empresa set politicaseguranca = 'Teste'\");\ncy.inserirCandidato(candidato);\ncy.validaMensagemSucesso('Operação efetuada com sucesso');\ncy.clicaBotao('Voltar');\ncy.contains(candidato.nome);\ncy.validaURL('/captacao/candidato/list.action');",
                      "err": {},
                      "uuid": "d29c2d0c-11f3-4812-bf0b-85a633d4b290",
                      "parentUUID": "4a045dbb-dcdf-4325-91af-be1e46cbc6e6",
                      "isHook": false,
                      "skipped": false
                    },
                    {
                      "title": "Inserção de Candidatos - Associar Candidato ao Colaborador Contratado",
                      "fullTitle": "Gerenciamento de Candidatos Cadastro de Candidato no Fortes RH Cadastro de Candidatos Inserção de Candidatos - Associar Candidato ao Colaborador Contratado",
                      "timedOut": null,
                      "duration": 16041,
                      "state": "passed",
                      "speed": "slow",
                      "pass": true,
                      "fail": false,
                      "pending": false,
                      "context": null,
                      "code": "cy.insereColaborador('Helena de Troia');\ncy.inserirCandidato(candidato);\ncy.dialogMessageMesmoCPF('Existem talentos contratados com esse CPF');\ncy.validaMensagemSucesso('Operação efetuada com sucesso');",
                      "err": {},
                      "uuid": "c740b5bc-f6ee-4b68-b9b9-16dfcd89c2e5",
                      "parentUUID": "4a045dbb-dcdf-4325-91af-be1e46cbc6e6",
                      "isHook": false,
                      "skipped": false
                    },
                    {
                      "title": "Inserção de Candidatos - mesmo CPF empregado demitido",
                      "fullTitle": "Gerenciamento de Candidatos Cadastro de Candidato no Fortes RH Cadastro de Candidatos Inserção de Candidatos - mesmo CPF empregado demitido",
                      "timedOut": null,
                      "duration": 15773,
                      "state": "passed",
                      "speed": "slow",
                      "pass": true,
                      "fail": false,
                      "pending": false,
                      "context": null,
                      "code": "cy.insereColaboradorDemitido('Helena de Troia');\ncy.inserirCandidato(candidato);\ncy.dialogMessageMesmoCPF('Existem talentos contratados com esse CPF');\ncy.validaMensagemSucesso('Operação efetuada com sucesso');",
                      "err": {},
                      "uuid": "8fffade9-8a8e-473c-bd20-15336168597e",
                      "parentUUID": "4a045dbb-dcdf-4325-91af-be1e46cbc6e6",
                      "isHook": false,
                      "skipped": false
                    },
                    {
                      "title": "Valida Parentesco",
                      "fullTitle": "Gerenciamento de Candidatos Cadastro de Candidato no Fortes RH Cadastro de Candidatos Valida Parentesco",
                      "timedOut": null,
                      "duration": 5514,
                      "state": "passed",
                      "speed": "slow",
                      "pass": true,
                      "fail": false,
                      "pending": false,
                      "context": null,
                      "code": "cy.insereColaborador('Helena de Troia');\ncy.exec_sql(\"update empresa set verificaparentesco = 'T'\");\ncy.validaParentesco();\ncy.dialogMessage('Verificação de Parentesco');",
                      "err": {},
                      "uuid": "9a2a5e9a-ca93-42dd-b42d-abaa5891faae",
                      "parentUUID": "4a045dbb-dcdf-4325-91af-be1e46cbc6e6",
                      "isHook": false,
                      "skipped": false
                    },
                    {
                      "title": "Valida Obrigatoriedade do preenchimento do Certificado Militar para sexo Masculino",
                      "fullTitle": "Gerenciamento de Candidatos Cadastro de Candidato no Fortes RH Cadastro de Candidatos Valida Obrigatoriedade do preenchimento do Certificado Militar para sexo Masculino",
                      "timedOut": null,
                      "duration": 15623,
                      "state": "passed",
                      "speed": "slow",
                      "pass": true,
                      "fail": false,
                      "pending": false,
                      "context": null,
                      "code": "cy.exec_sql(\"update parametrosdosistema set camposcandidatoobrigatorio = 'nome,sexo,escolaridade,ende,num,cidade,uf,fone,ddd,certificadoMilitar,certMilTipo,certMilSerie'\");\ncy.reload();\ncy.inserirCandidato(candidato2);\ncy.popUpMessage('Preencha os campos indicados:Número, Tipo, Série');",
                      "err": {},
                      "uuid": "eb8b7be0-9868-41ce-ae23-38ea7c3ee4d7",
                      "parentUUID": "4a045dbb-dcdf-4325-91af-be1e46cbc6e6",
                      "isHook": false,
                      "skipped": false
                    },
                    {
                      "title": "Valida Homonimos",
                      "fullTitle": "Gerenciamento de Candidatos Cadastro de Candidato no Fortes RH Cadastro de Candidatos Valida Homonimos",
                      "timedOut": null,
                      "duration": 5326,
                      "state": "passed",
                      "speed": "slow",
                      "pass": true,
                      "fail": false,
                      "pending": false,
                      "context": null,
                      "code": "cy.inserecandidato(\"Amy Winehouse\");\ncandidatoPage.clicaInserir();\ncandidatoPage.preencheCandidatoHomonimo('Amy Winehouse');",
                      "err": {},
                      "uuid": "7103bce1-2533-4323-b67c-762ea2f2a620",
                      "parentUUID": "4a045dbb-dcdf-4325-91af-be1e46cbc6e6",
                      "isHook": false,
                      "skipped": false
                    },
                    {
                      "title": "Candidato Já Cadastrado",
                      "fullTitle": "Gerenciamento de Candidatos Cadastro de Candidato no Fortes RH Cadastro de Candidatos Candidato Já Cadastrado",
                      "timedOut": null,
                      "duration": 5140,
                      "state": "passed",
                      "speed": "slow",
                      "pass": true,
                      "fail": false,
                      "pending": false,
                      "context": null,
                      "code": "cy.insereCandidato(\"Amy Winehouse\");\ncandidatoPage.insereColaboradorCpfExistente();\nutil.dialogMessageMesmoCPF('Já existe um cadastro no banco de talento com esse CPF');",
                      "err": {},
                      "uuid": "b4de81d8-d720-4b89-8b0d-67655dd4fd7e",
                      "parentUUID": "4a045dbb-dcdf-4325-91af-be1e46cbc6e6",
                      "isHook": false,
                      "skipped": false
                    }
                  ],
                  "suites": [],
                  "passes": [
                    "d29c2d0c-11f3-4812-bf0b-85a633d4b290",
                    "c740b5bc-f6ee-4b68-b9b9-16dfcd89c2e5",
                    "8fffade9-8a8e-473c-bd20-15336168597e",
                    "9a2a5e9a-ca93-42dd-b42d-abaa5891faae",
                    "eb8b7be0-9868-41ce-ae23-38ea7c3ee4d7",
                    "7103bce1-2533-4323-b67c-762ea2f2a620",
                    "b4de81d8-d720-4b89-8b0d-67655dd4fd7e"
                  ],
                  "failures": [],
                  "pending": [],
                  "skipped": [],
                  "duration": 80892,
                  "root": false,
                  "rootEmpty": false,
                  "_timeout": 2000
                },
                {
                  "uuid": "f9dee4e6-3a3e-4bb5-b9ce-d1aa87e7b4f2",
                  "title": "Tentativas de Edição de Cadastro de Candidatos",
                  "fullFile": "",
                  "file": "",
                  "beforeHooks": [],
                  "afterHooks": [],
                  "tests": [
                    {
                      "title": "Edição Cadastro de Candidatos",
                      "fullTitle": "Gerenciamento de Candidatos Cadastro de Candidato no Fortes RH Tentativas de Edição de Cadastro de Candidatos Edição Cadastro de Candidatos",
                      "timedOut": null,
                      "duration": 6353,
                      "state": "passed",
                      "speed": "slow",
                      "pass": true,
                      "fail": false,
                      "pending": false,
                      "context": null,
                      "code": "cy.reload();\ncandidatoPage.editarCandidatoColaborador('Candidato 01');",
                      "err": {},
                      "uuid": "7df0c389-014f-4dd9-a61a-a74ee0d45700",
                      "parentUUID": "f9dee4e6-3a3e-4bb5-b9ce-d1aa87e7b4f2",
                      "isHook": false,
                      "skipped": false
                    }
                  ],
                  "suites": [],
                  "passes": [
                    "7df0c389-014f-4dd9-a61a-a74ee0d45700"
                  ],
                  "failures": [],
                  "pending": [],
                  "skipped": [],
                  "duration": 6353,
                  "root": false,
                  "rootEmpty": false,
                  "_timeout": 2000
                },
                {
                  "uuid": "499b09f5-162a-406a-a1c8-a6c00877c77b",
                  "title": "Tentativas de Exclusão de Cadastro de Candidatos",
                  "fullFile": "",
                  "file": "",
                  "beforeHooks": [],
                  "afterHooks": [],
                  "tests": [
                    {
                      "title": "Exclusão de Cadastro de Candidatos",
                      "fullTitle": "Gerenciamento de Candidatos Cadastro de Candidato no Fortes RH Tentativas de Exclusão de Cadastro de Candidatos Exclusão de Cadastro de Candidatos",
                      "timedOut": null,
                      "duration": 5073,
                      "state": "passed",
                      "speed": "slow",
                      "pass": true,
                      "fail": false,
                      "pending": false,
                      "context": null,
                      "code": "cy.reload();\ncandidatoPage.excluirCandidatoColaborador('Candidato 01');\nutil.popUpMessage('Deseja realmente excluir o candidato Candidato 01?');\ncy.validaMensagemSucesso('Candidato excluído com sucesso.');",
                      "err": {},
                      "uuid": "fb275ec8-8976-40b9-8a87-e204bec17eae",
                      "parentUUID": "499b09f5-162a-406a-a1c8-a6c00877c77b",
                      "isHook": false,
                      "skipped": false
                    },
                    {
                      "title": "Exclusão de Cadastro de Candidatos em Lote",
                      "fullTitle": "Gerenciamento de Candidatos Cadastro de Candidato no Fortes RH Tentativas de Exclusão de Cadastro de Candidatos Exclusão de Cadastro de Candidatos em Lote",
                      "timedOut": null,
                      "duration": 5628,
                      "state": "passed",
                      "speed": "slow",
                      "pass": true,
                      "fail": false,
                      "pending": false,
                      "context": null,
                      "code": "cy.inserecandidato(\"Candidato 01\");\ncy.inserecandidato(\"Candidato 02\");\ncy.inserecandidato(\"Candidato 03\");\ncy.inserecandidato(\"Candidato 04\");\ncy.inserecandidato(\"Candidato 05\");\ncy.reload();\ncandidatoPage.excluirCandidatoColaboradorLote();\nutil.popUpMessage('Deseja realmente excluir os candidatos?');\nutil.infoMsg('Não existem candidatos a serem listados');",
                      "err": {},
                      "uuid": "01421d19-f0a0-4ce6-a3f5-56cb53dbef1b",
                      "parentUUID": "499b09f5-162a-406a-a1c8-a6c00877c77b",
                      "isHook": false,
                      "skipped": false
                    }
                  ],
                  "suites": [],
                  "passes": [
                    "fb275ec8-8976-40b9-8a87-e204bec17eae",
                    "01421d19-f0a0-4ce6-a3f5-56cb53dbef1b"
                  ],
                  "failures": [],
                  "pending": [],
                  "skipped": [],
                  "duration": 10701,
                  "root": false,
                  "rootEmpty": false,
                  "_timeout": 2000
                }
              ],
              "passes": [],
              "failures": [],
              "pending": [],
              "skipped": [],
              "duration": 0,
              "root": false,
              "rootEmpty": false,
              "_timeout": 2000
            },
            {
              "uuid": "06441dd8-2a12-4392-9af4-acf9ca893305",
              "title": "Outras Rotinas do Candidato",
              "fullFile": "",
              "file": "",
              "beforeHooks": [],
              "afterHooks": [],
              "tests": [
                {
                  "title": "Anexar Documentos",
                  "fullTitle": "Gerenciamento de Candidatos Outras Rotinas do Candidato Anexar Documentos",
                  "timedOut": null,
                  "duration": 6222,
                  "state": "passed",
                  "speed": "slow",
                  "pass": true,
                  "fail": false,
                  "pending": false,
                  "context": null,
                  "code": "candidatoPage.anexaDocs(\"Candidato 01\");",
                  "err": {},
                  "uuid": "4ab2cbb7-df8c-47c9-babc-e90d55fa9635",
                  "parentUUID": "06441dd8-2a12-4392-9af4-acf9ca893305",
                  "isHook": false,
                  "skipped": false
                },
                {
                  "title": "Contratar Candidato",
                  "fullTitle": "Gerenciamento de Candidatos Outras Rotinas do Candidato Contratar Candidato",
                  "timedOut": null,
                  "duration": 4898,
                  "state": "passed",
                  "speed": "slow",
                  "pass": true,
                  "fail": false,
                  "pending": false,
                  "context": null,
                  "code": "candidatoPage.contratar(\"Candidato 01\");\nutil.dialogMessage('Contratar candidato');\ncy.contains('Confirmar').click();\nutil.validaTitulo('Inserir Talento');",
                  "err": {},
                  "uuid": "6289221f-3a7c-42c4-b10e-1568c4a2f4b3",
                  "parentUUID": "06441dd8-2a12-4392-9af4-acf9ca893305",
                  "isHook": false,
                  "skipped": false
                },
                {
                  "title": "Curriculo Escaneado - Usando o cadastro do candidato",
                  "fullTitle": "Gerenciamento de Candidatos Outras Rotinas do Candidato Curriculo Escaneado - Usando o cadastro do candidato",
                  "timedOut": null,
                  "duration": 5414,
                  "state": "passed",
                  "speed": "slow",
                  "pass": true,
                  "fail": false,
                  "pending": false,
                  "context": null,
                  "code": "candidatoPage.insereCurriculoEscaneado(\"Candidato 01\");",
                  "err": {},
                  "uuid": "b418a825-0fe1-448f-bdcb-6aad4bf77e91",
                  "parentUUID": "06441dd8-2a12-4392-9af4-acf9ca893305",
                  "isHook": false,
                  "skipped": false
                },
                {
                  "title": "Curriculo Escaneado - Usando o Botão",
                  "fullTitle": "Gerenciamento de Candidatos Outras Rotinas do Candidato Curriculo Escaneado - Usando o Botão",
                  "timedOut": null,
                  "duration": 5719,
                  "state": "passed",
                  "speed": "slow",
                  "pass": true,
                  "fail": false,
                  "pending": false,
                  "context": null,
                  "code": "candidatoPage.insereCurriculoEscaneado();",
                  "err": {},
                  "uuid": "014b6f6a-20fa-4f05-9313-61bba6627852",
                  "parentUUID": "06441dd8-2a12-4392-9af4-acf9ca893305",
                  "isHook": false,
                  "skipped": false
                },
                {
                  "title": "Inserir Candidato em Solicitação de Pessoal",
                  "fullTitle": "Gerenciamento de Candidatos Outras Rotinas do Candidato Inserir Candidato em Solicitação de Pessoal",
                  "timedOut": null,
                  "duration": 5026,
                  "state": "passed",
                  "speed": "slow",
                  "pass": true,
                  "fail": false,
                  "pending": false,
                  "context": null,
                  "code": "candidatoPage.inserirEmSolicitacao(\"Candidato 01\");\nutil.validaTitulo('Candidatos da Seleção');",
                  "err": {},
                  "uuid": "fd830558-a1d1-4551-8a63-b270b0d53e3c",
                  "parentUUID": "06441dd8-2a12-4392-9af4-acf9ca893305",
                  "isHook": false,
                  "skipped": false
                },
                {
                  "title": "Inserção de Candidato Demitido na Solicitação",
                  "fullTitle": "Gerenciamento de Candidatos Outras Rotinas do Candidato Inserção de Candidato Demitido na Solicitação",
                  "timedOut": null,
                  "duration": 16027,
                  "state": "passed",
                  "speed": "slow",
                  "pass": true,
                  "fail": false,
                  "pending": false,
                  "context": null,
                  "code": "cy.insereColaboradorDemitido('Candidato Demitido');\ncandidatoPage.inserirCandidatoDemitidoSolicitacao();\nutil.validaTitulo('Inserir Talento');",
                  "err": {},
                  "uuid": "34dc8a76-170c-4c95-a1c1-3ee465146e42",
                  "parentUUID": "06441dd8-2a12-4392-9af4-acf9ca893305",
                  "isHook": false,
                  "skipped": false
                },
                {
                  "title": "Triagem de Candidatos",
                  "fullTitle": "Gerenciamento de Candidatos Outras Rotinas do Candidato Triagem de Candidatos",
                  "timedOut": null,
                  "duration": 4878,
                  "state": "passed",
                  "speed": "slow",
                  "pass": true,
                  "fail": false,
                  "pending": false,
                  "context": null,
                  "code": "candidatoPage.triagemCandidato();\nutil.validaTitulo('Triagem de Currículos');",
                  "err": {},
                  "uuid": "9156c870-d93c-42bb-a41c-3fafb777f51f",
                  "parentUUID": "06441dd8-2a12-4392-9af4-acf9ca893305",
                  "isHook": false,
                  "skipped": false
                },
                {
                  "title": "Incluir Curriculo Digitado",
                  "fullTitle": "Gerenciamento de Candidatos Outras Rotinas do Candidato Incluir Curriculo Digitado",
                  "timedOut": null,
                  "duration": 5781,
                  "state": "passed",
                  "speed": "slow",
                  "pass": true,
                  "fail": false,
                  "pending": false,
                  "context": null,
                  "code": "candidatoPage.inserirCurriculoDigitado();\nutil.infoMsg('Currículo (Curriculo Digitado) cadastrado com sucesso.');",
                  "err": {},
                  "uuid": "15a9ee19-4721-46a0-bf0e-97f00ada8f43",
                  "parentUUID": "06441dd8-2a12-4392-9af4-acf9ca893305",
                  "isHook": false,
                  "skipped": false
                }
              ],
              "suites": [],
              "passes": [
                "4ab2cbb7-df8c-47c9-babc-e90d55fa9635",
                "6289221f-3a7c-42c4-b10e-1568c4a2f4b3",
                "b418a825-0fe1-448f-bdcb-6aad4bf77e91",
                "014b6f6a-20fa-4f05-9313-61bba6627852",
                "fd830558-a1d1-4551-8a63-b270b0d53e3c",
                "34dc8a76-170c-4c95-a1c1-3ee465146e42",
                "9156c870-d93c-42bb-a41c-3fafb777f51f",
                "15a9ee19-4721-46a0-bf0e-97f00ada8f43"
              ],
              "failures": [],
              "pending": [],
              "skipped": [],
              "duration": 53965,
              "root": false,
              "rootEmpty": false,
              "_timeout": 2000
            }
          ],
          "passes": [],
          "failures": [],
          "pending": [],
          "skipped": [],
          "duration": 0,
          "root": false,
          "rootEmpty": false,
          "_timeout": 2000
        }
      ],
      "passes": [],
      "failures": [],
      "pending": [],
      "skipped": [],
      "duration": 0,
      "root": true,
      "rootEmpty": true,
      "_timeout": 2000
    }
  ],
  "meta": {
    "mocha": {
      "version": "7.0.1"
    },
    "mochawesome": {
      "options": {
        "quiet": true,
        "reportFilename": "mochawesome",
        "saveHtml": false,
        "saveJson": true,
        "consoleReporter": "spec",
        "useInlineDiffs": false,
        "code": true
      },
      "version": "6.2.2"
    },
    "marge": {
      "options": {
        "id": "default",
        "reportDir": "mochawesome-report",
        "quiet": true,
        "overwrite": false,
        "html": false,
        "json": true
      },
      "version": "5.2.0"
    }
  }
}