{
  "stats": {
    "suites": 1,
    "tests": 5,
    "passes": 5,
    "pending": 0,
    "failures": 0,
    "start": "2021-03-03T13:40:15.211Z",
    "end": "2021-03-03T13:40:42.560Z",
    "duration": 27349,
    "testsRegistered": 5,
    "passPercent": 100,
    "pendingPercent": 0,
    "other": 0,
    "hasOther": false,
    "skipped": 0,
    "hasSkipped": false
  },
  "results": [
    {
      "uuid": "3c910ddd-7fe2-40a5-92bc-c83314275f8a",
      "title": "",
      "fullFile": "cypress\\integration\\services\\testes\\ces\\cadastro_conhecimento_spec.js",
      "file": "cypress\\integration\\services\\testes\\ces\\cadastro_conhecimento_spec.js",
      "beforeHooks": [],
      "afterHooks": [],
      "tests": [],
      "suites": [
        {
          "uuid": "cf5e02a9-1391-47e0-9b2e-62ca48ce6472",
          "title": "Funcionalidade Conhecimentos",
          "fullFile": "",
          "file": "",
          "beforeHooks": [],
          "afterHooks": [],
          "tests": [
            {
              "title": "Inserção de Conhecimento",
              "fullTitle": "Funcionalidade Conhecimentos Inserção de Conhecimento",
              "timedOut": null,
              "duration": 7706,
              "state": "passed",
              "speed": "slow",
              "pass": true,
              "fail": false,
              "pending": false,
              "context": null,
              "code": "conhecimentoPage.inserir(conhecimento.Nome);\ncy.validaMensagemSucesso('Conhecimento cadastrado com sucesso.');",
              "err": {},
              "uuid": "8525291c-4f19-4764-b391-0e200abd85ff",
              "parentUUID": "cf5e02a9-1391-47e0-9b2e-62ca48ce6472",
              "isHook": false,
              "skipped": false
            },
            {
              "title": "Inserção de Conhecimento - Já cadastrado",
              "fullTitle": "Funcionalidade Conhecimentos Inserção de Conhecimento - Já cadastrado",
              "timedOut": null,
              "duration": 5352,
              "state": "passed",
              "speed": "slow",
              "pass": true,
              "fail": false,
              "pending": false,
              "context": null,
              "code": "conhecimentoPage.inserir('Java');\nutil.infoMsg('Já existe um Conhecimento, Habilidade ou Atitude com o nome \"Java\".');",
              "err": {},
              "uuid": "58900084-f7ca-4aab-83c4-07c422ab549d",
              "parentUUID": "cf5e02a9-1391-47e0-9b2e-62ca48ce6472",
              "isHook": false,
              "skipped": false
            },
            {
              "title": "Edição",
              "fullTitle": "Funcionalidade Conhecimentos Edição",
              "timedOut": null,
              "duration": 4750,
              "state": "passed",
              "speed": "slow",
              "pass": true,
              "fail": false,
              "pending": false,
              "context": null,
              "code": "conhecimentoPage.editar('Java');\ncy.validaMensagemSucesso('Conhecimento atualizado com sucesso.');",
              "err": {},
              "uuid": "b7791c17-9815-4f23-b57a-100c745f5b18",
              "parentUUID": "cf5e02a9-1391-47e0-9b2e-62ca48ce6472",
              "isHook": false,
              "skipped": false
            },
            {
              "title": "Exclusão - Associado a movimentações",
              "fullTitle": "Funcionalidade Conhecimentos Exclusão - Associado a movimentações",
              "timedOut": null,
              "duration": 4918,
              "state": "passed",
              "speed": "slow",
              "pass": true,
              "fail": false,
              "pending": false,
              "context": null,
              "code": "conhecimentoPage.excluir('Java');\nutil.popUpMessage('Confirma exclusão?');\nutil.warningMsg('Não foi possível excluir o conhecimento.');",
              "err": {},
              "uuid": "c18ba631-431e-4a74-8b95-584c8397e4ab",
              "parentUUID": "cf5e02a9-1391-47e0-9b2e-62ca48ce6472",
              "isHook": false,
              "skipped": false
            },
            {
              "title": "Exclusão",
              "fullTitle": "Funcionalidade Conhecimentos Exclusão",
              "timedOut": null,
              "duration": 4444,
              "state": "passed",
              "speed": "slow",
              "pass": true,
              "fail": false,
              "pending": false,
              "context": null,
              "code": "conhecimentoPage.excluir('Ruby');\nutil.popUpMessage('Confirma exclusão?');\ncy.validaMensagemSucesso('Conhecimento excluído com sucesso.');",
              "err": {},
              "uuid": "2fc09664-bffd-45c3-a315-39758a856823",
              "parentUUID": "cf5e02a9-1391-47e0-9b2e-62ca48ce6472",
              "isHook": false,
              "skipped": false
            }
          ],
          "suites": [],
          "passes": [
            "8525291c-4f19-4764-b391-0e200abd85ff",
            "58900084-f7ca-4aab-83c4-07c422ab549d",
            "b7791c17-9815-4f23-b57a-100c745f5b18",
            "c18ba631-431e-4a74-8b95-584c8397e4ab",
            "2fc09664-bffd-45c3-a315-39758a856823"
          ],
          "failures": [],
          "pending": [],
          "skipped": [],
          "duration": 27170,
          "root": false,
          "rootEmpty": false,
          "_timeout": 2000
        }
      ],
      "passes": [],
      "failures": [],
      "pending": [],
      "skipped": [],
      "duration": 0,
      "root": true,
      "rootEmpty": true,
      "_timeout": 2000
    }
  ],
  "meta": {
    "mocha": {
      "version": "7.0.1"
    },
    "mochawesome": {
      "options": {
        "quiet": true,
        "reportFilename": "mochawesome",
        "saveHtml": false,
        "saveJson": true,
        "consoleReporter": "spec",
        "useInlineDiffs": false,
        "code": true
      },
      "version": "6.2.2"
    },
    "marge": {
      "options": {
        "id": "default",
        "reportDir": "mochawesome-report",
        "quiet": true,
        "overwrite": false,
        "html": false,
        "json": true
      },
      "version": "5.2.0"
    }
  }
}