{
  "stats": {
    "suites": 1,
    "tests": 4,
    "passes": 4,
    "pending": 0,
    "failures": 0,
    "start": "2021-03-03T13:52:35.855Z",
    "end": "2021-03-03T13:52:55.568Z",
    "duration": 19713,
    "testsRegistered": 4,
    "passPercent": 100,
    "pendingPercent": 0,
    "other": 0,
    "hasOther": false,
    "skipped": 0,
    "hasSkipped": false
  },
  "results": [
    {
      "uuid": "260543b2-5b90-4753-9203-cf16a27ab1ac",
      "title": "",
      "fullFile": "cypress\\integration\\services\\testes\\res\\cadastro_motivo_solicitacao_spec.js",
      "file": "cypress\\integration\\services\\testes\\res\\cadastro_motivo_solicitacao_spec.js",
      "beforeHooks": [],
      "afterHooks": [],
      "tests": [],
      "suites": [
        {
          "uuid": "275d12f0-3599-4f0b-8a7e-c6a7b7e25dd5",
          "title": "Funcionalidade Motivo de Solicitação Pessoal",
          "fullFile": "",
          "file": "",
          "beforeHooks": [],
          "afterHooks": [],
          "tests": [
            {
              "title": "Inserção de Motivo de Solicitação Pessoal",
              "fullTitle": "Funcionalidade Motivo de Solicitação Pessoal Inserção de Motivo de Solicitação Pessoal",
              "timedOut": null,
              "duration": 5730,
              "state": "passed",
              "speed": "slow",
              "pass": true,
              "fail": false,
              "pending": false,
              "context": null,
              "code": "motivoSolicitacaoPage.insereMotivoSolicitacao();\nutil.validaTitulo('Motivos de Solicitação');",
              "err": {},
              "uuid": "e255e6df-c46d-49ef-9ee4-532f279e698c",
              "parentUUID": "275d12f0-3599-4f0b-8a7e-c6a7b7e25dd5",
              "isHook": false,
              "skipped": false
            },
            {
              "title": "Edição de Motivo de Solicitação Pessoal",
              "fullTitle": "Funcionalidade Motivo de Solicitação Pessoal Edição de Motivo de Solicitação Pessoal",
              "timedOut": null,
              "duration": 5105,
              "state": "passed",
              "speed": "slow",
              "pass": true,
              "fail": false,
              "pending": false,
              "context": null,
              "code": "motivoSolicitacaoPage.editarMotivo('Editar', 'Solicitação de Pessoal');\nutil.validaTitulo('Motivos de Solicitação');",
              "err": {},
              "uuid": "c6016d18-b7b1-42ae-9dc9-d770f83c60b2",
              "parentUUID": "275d12f0-3599-4f0b-8a7e-c6a7b7e25dd5",
              "isHook": false,
              "skipped": false
            },
            {
              "title": "Exclusão de Motivo de Solicitação Pessoal",
              "fullTitle": "Funcionalidade Motivo de Solicitação Pessoal Exclusão de Motivo de Solicitação Pessoal",
              "timedOut": null,
              "duration": 4147,
              "state": "passed",
              "speed": "slow",
              "pass": true,
              "fail": false,
              "pending": false,
              "context": null,
              "code": "motivoSolicitacaoPage.excluirMotivo('Excluir', 'Solicitação de Pessoal');\nutil.popUpMessage('Confirma exclusão?');\ncy.validaMensagemSucesso('Motivo de solicitação excluído com sucesso.');",
              "err": {},
              "uuid": "f37dbf24-f0eb-461d-a6b3-8b392d708c6c",
              "parentUUID": "275d12f0-3599-4f0b-8a7e-c6a7b7e25dd5",
              "isHook": false,
              "skipped": false
            },
            {
              "title": "Exclusão de Motivo de Solicitação Pessoal - Associado a uma Solicitação de Pessoal",
              "fullTitle": "Funcionalidade Motivo de Solicitação Pessoal Exclusão de Motivo de Solicitação Pessoal - Associado a uma Solicitação de Pessoal",
              "timedOut": null,
              "duration": 4601,
              "state": "passed",
              "speed": "slow",
              "pass": true,
              "fail": false,
              "pending": false,
              "context": null,
              "code": "cy.inserirSolicitacaoPessoal();\ncy.reload();\nmotivoSolicitacaoPage.excluirMotivo('Excluir', 'Aumento de Quadro');\nutil.popUpMessage('Confirma exclusão?');\nutil.warningMsg('Não foi possível excluir o motivo de solicitação.');",
              "err": {},
              "uuid": "1112fb9b-09dd-46f7-8b6b-335dd1f78bfb",
              "parentUUID": "275d12f0-3599-4f0b-8a7e-c6a7b7e25dd5",
              "isHook": false,
              "skipped": false
            }
          ],
          "suites": [],
          "passes": [
            "e255e6df-c46d-49ef-9ee4-532f279e698c",
            "c6016d18-b7b1-42ae-9dc9-d770f83c60b2",
            "f37dbf24-f0eb-461d-a6b3-8b392d708c6c",
            "1112fb9b-09dd-46f7-8b6b-335dd1f78bfb"
          ],
          "failures": [],
          "pending": [],
          "skipped": [],
          "duration": 19583,
          "root": false,
          "rootEmpty": false,
          "_timeout": 2000
        }
      ],
      "passes": [],
      "failures": [],
      "pending": [],
      "skipped": [],
      "duration": 0,
      "root": true,
      "rootEmpty": true,
      "_timeout": 2000
    }
  ],
  "meta": {
    "mocha": {
      "version": "7.0.1"
    },
    "mochawesome": {
      "options": {
        "quiet": true,
        "reportFilename": "mochawesome",
        "saveHtml": false,
        "saveJson": true,
        "consoleReporter": "spec",
        "useInlineDiffs": false,
        "code": true
      },
      "version": "6.2.2"
    },
    "marge": {
      "options": {
        "id": "default",
        "reportDir": "mochawesome-report",
        "quiet": true,
        "overwrite": false,
        "html": false,
        "json": true
      },
      "version": "5.2.0"
    }
  }
}