{
  "stats": {
    "suites": 1,
    "tests": 1,
    "passes": 1,
    "pending": 0,
    "failures": 0,
    "start": "2021-03-03T13:55:26.886Z",
    "end": "2021-03-03T13:55:31.407Z",
    "duration": 4521,
    "testsRegistered": 1,
    "passPercent": 100,
    "pendingPercent": 0,
    "other": 0,
    "hasOther": false,
    "skipped": 0,
    "hasSkipped": false
  },
  "results": [
    {
      "uuid": "4eb87591-6dde-4740-9136-1f11cc6b15bf",
      "title": "",
      "fullFile": "cypress\\integration\\services\\testes\\utilitarios\\alterar_empresa_spec.js",
      "file": "cypress\\integration\\services\\testes\\utilitarios\\alterar_empresa_spec.js",
      "beforeHooks": [],
      "afterHooks": [],
      "tests": [],
      "suites": [
        {
          "uuid": "c86b59cb-b025-4170-9864-81b01c10793e",
          "title": "Funcionalidade Troca de Empresa",
          "fullFile": "",
          "file": "",
          "beforeHooks": [],
          "afterHooks": [],
          "tests": [
            {
              "title": "Alterar Empresa Fortes Tecno",
              "fullTitle": "Funcionalidade Troca de Empresa Alterar Empresa Fortes Tecno",
              "timedOut": null,
              "duration": 4472,
              "state": "passed",
              "speed": "slow",
              "pass": true,
              "fail": false,
              "pending": false,
              "context": null,
              "code": "cy.alteraEmpresa(empresas.RazaoSocial_1);\ncy.validaEmpresaLogada(empresas.RazaoSocial_1);",
              "err": {},
              "uuid": "5020367c-cdec-41c2-80fc-f9d957b93b5b",
              "parentUUID": "c86b59cb-b025-4170-9864-81b01c10793e",
              "isHook": false,
              "skipped": false
            }
          ],
          "suites": [],
          "passes": [
            "5020367c-cdec-41c2-80fc-f9d957b93b5b"
          ],
          "failures": [],
          "pending": [],
          "skipped": [],
          "duration": 4472,
          "root": false,
          "rootEmpty": false,
          "_timeout": 2000
        }
      ],
      "passes": [],
      "failures": [],
      "pending": [],
      "skipped": [],
      "duration": 0,
      "root": true,
      "rootEmpty": true,
      "_timeout": 2000
    }
  ],
  "meta": {
    "mocha": {
      "version": "7.0.1"
    },
    "mochawesome": {
      "options": {
        "quiet": true,
        "reportFilename": "mochawesome",
        "saveHtml": false,
        "saveJson": true,
        "consoleReporter": "spec",
        "useInlineDiffs": false,
        "code": true
      },
      "version": "6.2.2"
    },
    "marge": {
      "options": {
        "id": "default",
        "reportDir": "mochawesome-report",
        "quiet": true,
        "overwrite": false,
        "html": false,
        "json": true
      },
      "version": "5.2.0"
    }
  }
}