{
  "stats": {
    "suites": 1,
    "tests": 7,
    "passes": 7,
    "pending": 0,
    "failures": 0,
    "start": "2021-03-03T13:52:00.225Z",
    "end": "2021-03-03T13:52:33.415Z",
    "duration": 33190,
    "testsRegistered": 7,
    "passPercent": 100,
    "pendingPercent": 0,
    "other": 0,
    "hasOther": false,
    "skipped": 0,
    "hasSkipped": false
  },
  "results": [
    {
      "uuid": "59b07e36-2059-46f0-b678-cb8631ad075c",
      "title": "",
      "fullFile": "cypress\\integration\\services\\testes\\res\\cadastro_modelo_aval_Candidato_spec.js",
      "file": "cypress\\integration\\services\\testes\\res\\cadastro_modelo_aval_Candidato_spec.js",
      "beforeHooks": [],
      "afterHooks": [],
      "tests": [],
      "suites": [
        {
          "uuid": "34ac0ce4-d38d-4223-807f-51829db98034",
          "title": "Funcionalidade Modelo Avaliação Candidatos",
          "fullFile": "",
          "file": "",
          "beforeHooks": [],
          "afterHooks": [],
          "tests": [
            {
              "title": "Inserção de Modelo Avaliação Candidatos",
              "fullTitle": "Funcionalidade Modelo Avaliação Candidatos Inserção de Modelo Avaliação Candidatos",
              "timedOut": null,
              "duration": 7554,
              "state": "passed",
              "speed": "slow",
              "pass": true,
              "fail": false,
              "pending": false,
              "context": null,
              "code": "modeloAvaliacaoCandidatoPage.insereModeloAvaliacao();\ncy.validaMensagemSucesso('Pergunta gravada com sucesso');",
              "err": {},
              "uuid": "059ee46a-eaae-4530-8911-3755539e11d1",
              "parentUUID": "34ac0ce4-d38d-4223-807f-51829db98034",
              "isHook": false,
              "skipped": false
            },
            {
              "title": "Edição de Modelo Avaliação Candidatos",
              "fullTitle": "Funcionalidade Modelo Avaliação Candidatos Edição de Modelo Avaliação Candidatos",
              "timedOut": null,
              "duration": 4439,
              "state": "passed",
              "speed": "slow",
              "pass": true,
              "fail": false,
              "pending": false,
              "context": null,
              "code": "modeloAvaliacaoCandidatoPage.editarMotivo('Editar', 'Avaliação Teste');\nutil.validaTitulo('Modelos de Avaliação do Candidato');",
              "err": {},
              "uuid": "92fce43c-e065-446d-b184-1f6a07544626",
              "parentUUID": "34ac0ce4-d38d-4223-807f-51829db98034",
              "isHook": false,
              "skipped": false
            },
            {
              "title": "Exclusão de Modelo Avaliação Candidatos",
              "fullTitle": "Funcionalidade Modelo Avaliação Candidatos Exclusão de Modelo Avaliação Candidatos",
              "timedOut": null,
              "duration": 4284,
              "state": "passed",
              "speed": "slow",
              "pass": true,
              "fail": false,
              "pending": false,
              "context": null,
              "code": "modeloAvaliacaoCandidatoPage.excluirMotivo('Excluir', 'Avaliação Teste');\nutil.popUpMessage('Confirma exclusão?');\ncy.validaMensagemSucesso('Modelo de avaliação excluído com sucesso.');",
              "err": {},
              "uuid": "c776ddf8-aedf-457d-880b-5d05030789f0",
              "parentUUID": "34ac0ce4-d38d-4223-807f-51829db98034",
              "isHook": false,
              "skipped": false
            },
            {
              "title": "Visualizar Perguntas de Modelo Avaliação Candidatos",
              "fullTitle": "Funcionalidade Modelo Avaliação Candidatos Visualizar Perguntas de Modelo Avaliação Candidatos",
              "timedOut": null,
              "duration": 4408,
              "state": "passed",
              "speed": "slow",
              "pass": true,
              "fail": false,
              "pending": false,
              "context": null,
              "code": "modeloAvaliacaoCandidatoPage.acao('Visualizar', 'Avaliação Teste');\ncy.contains('Título: Avaliação Teste');",
              "err": {},
              "uuid": "1f1c4b79-c04e-44ab-a87b-3aa64c666498",
              "parentUUID": "34ac0ce4-d38d-4223-807f-51829db98034",
              "isHook": false,
              "skipped": false
            },
            {
              "title": "Visualizar a GRID de Perguntas de Modelo Avaliação Candidatos",
              "fullTitle": "Funcionalidade Modelo Avaliação Candidatos Visualizar a GRID de Perguntas de Modelo Avaliação Candidatos",
              "timedOut": null,
              "duration": 3985,
              "state": "passed",
              "speed": "slow",
              "pass": true,
              "fail": false,
              "pending": false,
              "context": null,
              "code": "modeloAvaliacaoCandidatoPage.acao('Perguntas', 'Avaliação Teste');\ncy.contains('Pergunta 01');",
              "err": {},
              "uuid": "d9e7df07-6be2-4b6a-9c22-8fff46e91506",
              "parentUUID": "34ac0ce4-d38d-4223-807f-51829db98034",
              "isHook": false,
              "skipped": false
            },
            {
              "title": "Visualizar a GRID de Perguntas de Modelo Avaliação Candidatos",
              "fullTitle": "Funcionalidade Modelo Avaliação Candidatos Visualizar a GRID de Perguntas de Modelo Avaliação Candidatos",
              "timedOut": null,
              "duration": 4004,
              "state": "passed",
              "speed": "slow",
              "pass": true,
              "fail": false,
              "pending": false,
              "context": null,
              "code": "modeloAvaliacaoCandidatoPage.acao('Aspectos', 'Avaliação Teste');\nutil.validaTitulo('Aspectos da Avaliação');",
              "err": {},
              "uuid": "0575a8a3-439b-487e-9619-954c85398040",
              "parentUUID": "34ac0ce4-d38d-4223-807f-51829db98034",
              "isHook": false,
              "skipped": false
            },
            {
              "title": "Clonar Modelo Avaliação Candidatos",
              "fullTitle": "Funcionalidade Modelo Avaliação Candidatos Clonar Modelo Avaliação Candidatos",
              "timedOut": null,
              "duration": 4184,
              "state": "passed",
              "speed": "slow",
              "pass": true,
              "fail": false,
              "pending": false,
              "context": null,
              "code": "modeloAvaliacaoCandidatoPage.acao('Clonar', 'Avaliação Teste');\nmodeloAvaliacaoCandidatoPage.clicaClonar();\ncy.contains('Avaliação Teste (Clone)');",
              "err": {},
              "uuid": "c7f7a360-9587-49f9-a2ae-02b92d70a52f",
              "parentUUID": "34ac0ce4-d38d-4223-807f-51829db98034",
              "isHook": false,
              "skipped": false
            }
          ],
          "suites": [],
          "passes": [
            "059ee46a-eaae-4530-8911-3755539e11d1",
            "92fce43c-e065-446d-b184-1f6a07544626",
            "c776ddf8-aedf-457d-880b-5d05030789f0",
            "1f1c4b79-c04e-44ab-a87b-3aa64c666498",
            "d9e7df07-6be2-4b6a-9c22-8fff46e91506",
            "0575a8a3-439b-487e-9619-954c85398040",
            "c7f7a360-9587-49f9-a2ae-02b92d70a52f"
          ],
          "failures": [],
          "pending": [],
          "skipped": [],
          "duration": 32858,
          "root": false,
          "rootEmpty": false,
          "_timeout": 2000
        }
      ],
      "passes": [],
      "failures": [],
      "pending": [],
      "skipped": [],
      "duration": 0,
      "root": true,
      "rootEmpty": true,
      "_timeout": 2000
    }
  ],
  "meta": {
    "mocha": {
      "version": "7.0.1"
    },
    "mochawesome": {
      "options": {
        "quiet": true,
        "reportFilename": "mochawesome",
        "saveHtml": false,
        "saveJson": true,
        "consoleReporter": "spec",
        "useInlineDiffs": false,
        "code": true
      },
      "version": "6.2.2"
    },
    "marge": {
      "options": {
        "id": "default",
        "reportDir": "mochawesome-report",
        "quiet": true,
        "overwrite": false,
        "html": false,
        "json": true
      },
      "version": "5.2.0"
    }
  }
}