{
  "stats": {
    "suites": 1,
    "tests": 1,
    "passes": 0,
    "pending": 0,
    "failures": 1,
    "start": "2021-03-03T13:44:24.539Z",
    "end": "2021-03-03T13:44:24.679Z",
    "duration": 140,
    "testsRegistered": 1,
    "passPercent": 0,
    "pendingPercent": 0,
    "other": 0,
    "hasOther": false,
    "skipped": 0,
    "hasSkipped": false
  },
  "results": [
    {
      "uuid": "6185ee7a-8798-4bc9-a11c-7ca78acabf76",
      "title": "",
      "fullFile": "cypress\\integration\\services\\testes\\gestao_talentos\\cadastro_modelo_entrevista_desligamento_spec.js",
      "file": "cypress\\integration\\services\\testes\\gestao_talentos\\cadastro_modelo_entrevista_desligamento_spec.js",
      "beforeHooks": [],
      "afterHooks": [],
      "tests": [],
      "suites": [
        {
          "uuid": "61b577b8-cd7e-471b-ac93-e015d5f0402d",
          "title": "Modelo Ent Desligamento",
          "fullFile": "",
          "file": "",
          "beforeHooks": [],
          "afterHooks": [],
          "tests": [
            {
              "title": "Teste Modelo",
              "fullTitle": "Modelo Ent Desligamento Teste Modelo",
              "timedOut": null,
              "duration": 74,
              "state": "failed",
              "speed": null,
              "pass": false,
              "fail": true,
              "pending": false,
              "context": null,
              "code": "modeloEntrevistaDesligamentoPage.inserir(entrevista);\nutil.validaTitulo('Modelos de Entrevistas de Desligamento');",
              "err": {
                "message": "CypressError: `cy.task('reloadDB')` failed with the following error:\n\n> sorry, too many clients already\n\nBecause this error occurred during a `before each` hook we are skipping all of the remaining tests.",
                "estack": "CypressError: `cy.task('reloadDB')` failed with the following error:\n\n> sorry, too many clients already\n\nBecause this error occurred during a `before each` hook we are skipping all of the remaining tests.\n    at http://localhost:8080/__cypress/runner/cypress_runner.js:160936:19\n    at tryCatcher (http://localhost:8080/__cypress/runner/cypress_runner.js:10765:23)\n    at Promise._settlePromiseFromHandler (http://localhost:8080/__cypress/runner/cypress_runner.js:8700:31)\n    at Promise._settlePromise (http://localhost:8080/__cypress/runner/cypress_runner.js:8757:18)\n    at Promise._settlePromise0 (http://localhost:8080/__cypress/runner/cypress_runner.js:8802:10)\n    at Promise._settlePromises (http://localhost:8080/__cypress/runner/cypress_runner.js:8878:18)\n    at _drainQueueStep (http://localhost:8080/__cypress/runner/cypress_runner.js:5472:12)\n    at _drainQueue (http://localhost:8080/__cypress/runner/cypress_runner.js:5465:9)\n    at Async.../../node_modules/bluebird/js/release/async.js.Async._drainQueues (http://localhost:8080/__cypress/runner/cypress_runner.js:5481:5)\n    at Async.drainQueues (http://localhost:8080/__cypress/runner/cypress_runner.js:5351:14)\nFrom Your Spec Code:\n    at Context.eval (http://localhost:8080/__cypress/tests?p=cypress\\support\\index.js:969:13)\n\nFrom Node.js Internals:\n  error: sorry, too many clients already\n      at Parser.parseErrorMessage (C:\\Projects\\FortesRH\\node_modules\\pg-protocol\\dist\\parser.js:278:15)\n      at Parser.handlePacket (C:\\Projects\\FortesRH\\node_modules\\pg-protocol\\dist\\parser.js:126:29)\n      at Parser.parse (C:\\Projects\\FortesRH\\node_modules\\pg-protocol\\dist\\parser.js:39:38)\n      at Socket.<anonymous> (C:\\Projects\\FortesRH\\node_modules\\pg-protocol\\dist\\index.js:8:42)\n      at Socket.emit (events.js:315:20)\n      at addChunk (_stream_readable.js:295:12)\n      at readableAddChunk (_stream_readable.js:271:9)\n      at Socket.Readable.push (_stream_readable.js:212:10)\n      at TCP.onStreamRead (internal/stream_base_commons.js:186:23)",
                "diff": null
              },
              "uuid": "b407181d-3ebb-4e0a-ad24-da124f84da5d",
              "parentUUID": "61b577b8-cd7e-471b-ac93-e015d5f0402d",
              "isHook": false,
              "skipped": false
            }
          ],
          "suites": [],
          "passes": [],
          "failures": [
            "b407181d-3ebb-4e0a-ad24-da124f84da5d"
          ],
          "pending": [],
          "skipped": [],
          "duration": 74,
          "root": false,
          "rootEmpty": false,
          "_timeout": 2000
        }
      ],
      "passes": [],
      "failures": [],
      "pending": [],
      "skipped": [],
      "duration": 0,
      "root": true,
      "rootEmpty": true,
      "_timeout": 2000
    }
  ],
  "meta": {
    "mocha": {
      "version": "7.0.1"
    },
    "mochawesome": {
      "options": {
        "quiet": true,
        "reportFilename": "mochawesome",
        "saveHtml": false,
        "saveJson": true,
        "consoleReporter": "spec",
        "useInlineDiffs": false,
        "code": true
      },
      "version": "6.2.2"
    },
    "marge": {
      "options": {
        "id": "default",
        "reportDir": "mochawesome-report",
        "quiet": true,
        "overwrite": false,
        "html": false,
        "json": true
      },
      "version": "5.2.0"
    }
  }
}