{
  "stats": {
    "suites": 1,
    "tests": 5,
    "passes": 5,
    "pending": 0,
    "failures": 0,
    "start": "2021-03-03T13:55:33.713Z",
    "end": "2021-03-03T13:56:02.973Z",
    "duration": 29260,
    "testsRegistered": 5,
    "passPercent": 100,
    "pendingPercent": 0,
    "other": 0,
    "hasOther": false,
    "skipped": 0,
    "hasSkipped": false
  },
  "results": [
    {
      "uuid": "f95a1a30-0157-4b17-a4a1-66ec2103ec6b",
      "title": "",
      "fullFile": "cypress\\integration\\services\\testes\\utilitarios\\alterar_senha_spec.js",
      "file": "cypress\\integration\\services\\testes\\utilitarios\\alterar_senha_spec.js",
      "beforeHooks": [],
      "afterHooks": [],
      "tests": [],
      "suites": [
        {
          "uuid": "c711b20b-1264-46a7-9158-661533cec98e",
          "title": "Alteração de Senha de Usuário",
          "fullFile": "",
          "file": "",
          "beforeHooks": [],
          "afterHooks": [],
          "tests": [
            {
              "title": "Alterar Senha de Usuario não associado a empregado",
              "fullTitle": "Alteração de Senha de Usuário Alterar Senha de Usuario não associado a empregado",
              "timedOut": null,
              "duration": 5661,
              "state": "passed",
              "speed": "slow",
              "pass": true,
              "fail": false,
              "pending": false,
              "context": null,
              "code": "cy.loginWith('SOS', '1234');\ncy.alterarSenhaPagina();\ncy.validaMensagemAlerta('Sua conta de usuário não está vinculada à um talento.');",
              "err": {},
              "uuid": "6011d5e4-8928-4617-9e2e-9d64c41fed3b",
              "parentUUID": "c711b20b-1264-46a7-9158-661533cec98e",
              "isHook": false,
              "skipped": false
            },
            {
              "title": "Alterar Senha com sucesso",
              "fullTitle": "Alteração de Senha de Usuário Alterar Senha com sucesso",
              "timedOut": null,
              "duration": 5947,
              "state": "passed",
              "speed": "slow",
              "pass": true,
              "fail": false,
              "pending": false,
              "context": null,
              "code": "cy.loginWith('helena', '1234').clicaBotaoEntendi();\ncy.alterarSenha('1234', '123456', '123456');\ncy.popUpMessage('Sua senha foi alterada com sucesso.');",
              "err": {},
              "uuid": "6f24f04b-9510-4e54-bd6c-39ae53b36bb4",
              "parentUUID": "c711b20b-1264-46a7-9158-661533cec98e",
              "isHook": false,
              "skipped": false
            },
            {
              "title": "Alterar Senha sem sucesso - Senha Atual incorreta",
              "fullTitle": "Alteração de Senha de Usuário Alterar Senha sem sucesso - Senha Atual incorreta",
              "timedOut": null,
              "duration": 5922,
              "state": "passed",
              "speed": "slow",
              "pass": true,
              "fail": false,
              "pending": false,
              "context": null,
              "code": "cy.loginWith('helena', '1234').clicaBotaoEntendi();\ncy.alterarSenha('1235', '123456', '123456');\ncy.popUpMessage('A senha informada não confere com a senha do seu login.');",
              "err": {},
              "uuid": "61944e0c-3545-4902-8ace-ca79e14d397f",
              "parentUUID": "c711b20b-1264-46a7-9158-661533cec98e",
              "isHook": false,
              "skipped": false
            },
            {
              "title": "Alterar Senha sem sucesso - Confirmação de Senha incorreta",
              "fullTitle": "Alteração de Senha de Usuário Alterar Senha sem sucesso - Confirmação de Senha incorreta",
              "timedOut": null,
              "duration": 6291,
              "state": "passed",
              "speed": "slow",
              "pass": true,
              "fail": false,
              "pending": false,
              "context": null,
              "code": "cy.loginWith('helena', '1234').clicaBotaoEntendi();\ncy.alterarSenha('1234', '12346', '123456');\ncy.popUpMessage('A senha não foi confirmada corretamente.');",
              "err": {},
              "uuid": "2459f268-7747-4a0a-95b8-b9a70d262f89",
              "parentUUID": "c711b20b-1264-46a7-9158-661533cec98e",
              "isHook": false,
              "skipped": false
            },
            {
              "title": "Alterar Senha de Usuário - Valida Campos Vazios",
              "fullTitle": "Alteração de Senha de Usuário Alterar Senha de Usuário - Valida Campos Vazios",
              "timedOut": null,
              "duration": 5298,
              "state": "passed",
              "speed": "slow",
              "pass": true,
              "fail": false,
              "pending": false,
              "context": null,
              "code": "cy.loginWith('helena', '1234').clicaBotaoEntendi();\ncy.alterarSenha('', '', '');\ncy.popUpMessage('Preencha os campos indicados.');",
              "err": {},
              "uuid": "ba438417-5a5c-4528-87d8-803036171bb4",
              "parentUUID": "c711b20b-1264-46a7-9158-661533cec98e",
              "isHook": false,
              "skipped": false
            }
          ],
          "suites": [],
          "passes": [
            "6011d5e4-8928-4617-9e2e-9d64c41fed3b",
            "6f24f04b-9510-4e54-bd6c-39ae53b36bb4",
            "61944e0c-3545-4902-8ace-ca79e14d397f",
            "2459f268-7747-4a0a-95b8-b9a70d262f89",
            "ba438417-5a5c-4528-87d8-803036171bb4"
          ],
          "failures": [],
          "pending": [],
          "skipped": [],
          "duration": 29119,
          "root": false,
          "rootEmpty": false,
          "_timeout": 2000
        }
      ],
      "passes": [],
      "failures": [],
      "pending": [],
      "skipped": [],
      "duration": 0,
      "root": true,
      "rootEmpty": true,
      "_timeout": 2000
    }
  ],
  "meta": {
    "mocha": {
      "version": "7.0.1"
    },
    "mochawesome": {
      "options": {
        "quiet": true,
        "reportFilename": "mochawesome",
        "saveHtml": false,
        "saveJson": true,
        "consoleReporter": "spec",
        "useInlineDiffs": false,
        "code": true
      },
      "version": "6.2.2"
    },
    "marge": {
      "options": {
        "id": "default",
        "reportDir": "mochawesome-report",
        "quiet": true,
        "overwrite": false,
        "html": false,
        "json": true
      },
      "version": "5.2.0"
    }
  }
}