{
  "stats": {
    "suites": 1,
    "tests": 1,
    "passes": 1,
    "pending": 0,
    "failures": 0,
    "start": "2021-03-03T13:38:08.166Z",
    "end": "2021-03-03T13:38:20.217Z",
    "duration": 12051,
    "testsRegistered": 1,
    "passPercent": 100,
    "pendingPercent": 0,
    "other": 0,
    "hasOther": false,
    "skipped": 0,
    "hasSkipped": false
  },
  "results": [
    {
      "uuid": "10ec5777-627d-4f73-b3a4-8432e4431a3f",
      "title": "",
      "fullFile": "cypress\\integration\\services\\testes\\aval_desempenho\\responder_avaliacao_desempenho_spec.js",
      "file": "cypress\\integration\\services\\testes\\aval_desempenho\\responder_avaliacao_desempenho_spec.js",
      "beforeHooks": [],
      "afterHooks": [],
      "tests": [],
      "suites": [
        {
          "uuid": "608c6b2d-1c9a-47f0-b106-2188fbb45711",
          "title": "Avaliação de Desempenho",
          "fullFile": "",
          "file": "",
          "beforeHooks": [],
          "afterHooks": [],
          "tests": [
            {
              "title": "Responder Avaliação de Desempenho",
              "fullTitle": "Avaliação de Desempenho Responder Avaliação de Desempenho",
              "timedOut": null,
              "duration": 11911,
              "state": "passed",
              "speed": "slow",
              "pass": true,
              "fail": false,
              "pending": false,
              "context": null,
              "code": "var avaliacao = {\n  Titulo: 'Avaliação de Desempenho',\n  PeriodoInicial: '01/08/2020',\n  PeriodoFinal: '31/08/2020',\n  ModeloAvaliacao: 'Não',\n  PermiteAutoavaliacao: 'Sim',\n  Anonima: 'Não',\n  Colaborador: 'Helena de Troia'\n};\ncy.insereColaborador('Helena de Troia');\ncy.inseremodeloAvaliacaoDesempenho('Avaliação Teste');\ncy.insereAvaliacaoDesempenho();\ncy.reload();\navalDesempenhoPage.insereParticipantes(avaliacao);\ncy.get('[style=\"width: 760px; margin: 0 auto;\"] > #btnGravar').click();\ncy.exec_sql(\"update avaliacaodesempenho set liberada = true\");\nresponderavalDesempenhoPage.navigate();\nresponderavalDesempenhoPage.responder();\ncy.validaMensagemSucesso('Respostas gravadas com sucesso.');\nresponderavalDesempenhoPage.excluirResposta();\nutil.popUpMessage('Confirma exclusão das respostas?');\ncy.validaMensagemSucesso('Respostas da avaliação de desempenho excluídas com sucesso.');",
              "err": {},
              "uuid": "956d36e9-3287-4aca-b530-5c59092a6bd9",
              "parentUUID": "608c6b2d-1c9a-47f0-b106-2188fbb45711",
              "isHook": false,
              "skipped": false
            }
          ],
          "suites": [],
          "passes": [
            "956d36e9-3287-4aca-b530-5c59092a6bd9"
          ],
          "failures": [],
          "pending": [],
          "skipped": [],
          "duration": 11911,
          "root": false,
          "rootEmpty": false,
          "_timeout": 2000
        }
      ],
      "passes": [],
      "failures": [],
      "pending": [],
      "skipped": [],
      "duration": 0,
      "root": true,
      "rootEmpty": true,
      "_timeout": 2000
    }
  ],
  "meta": {
    "mocha": {
      "version": "7.0.1"
    },
    "mochawesome": {
      "options": {
        "quiet": true,
        "reportFilename": "mochawesome",
        "saveHtml": false,
        "saveJson": true,
        "consoleReporter": "spec",
        "useInlineDiffs": false,
        "code": true
      },
      "version": "6.2.2"
    },
    "marge": {
      "options": {
        "id": "default",
        "reportDir": "mochawesome-report",
        "quiet": true,
        "overwrite": false,
        "html": false,
        "json": true
      },
      "version": "5.2.0"
    }
  }
}