{
  "stats": {
    "suites": 1,
    "tests": 4,
    "passes": 2,
    "pending": 0,
    "failures": 2,
    "start": "2021-03-03T13:44:00.304Z",
    "end": "2021-03-03T13:44:22.292Z",
    "duration": 21988,
    "testsRegistered": 4,
    "passPercent": 50,
    "pendingPercent": 0,
    "other": 0,
    "hasOther": false,
    "skipped": 0,
    "hasSkipped": false
  },
  "results": [
    {
      "uuid": "be60867f-39b7-43b5-8660-a69d6c032cd8",
      "title": "",
      "fullFile": "cypress\\integration\\services\\testes\\gestao_talentos\\analytics_talentos_specs.js",
      "file": "cypress\\integration\\services\\testes\\gestao_talentos\\analytics_talentos_specs.js",
      "beforeHooks": [],
      "afterHooks": [],
      "tests": [],
      "suites": [
        {
          "uuid": "15a8b3a3-3d55-4213-9901-ca03017d7b67",
          "title": "Analitics Gestão de Talentos",
          "fullFile": "",
          "file": "",
          "beforeHooks": [],
          "afterHooks": [],
          "tests": [
            {
              "title": "Valida Dispensa contratação Aprendiz",
              "fullTitle": "Analitics Gestão de Talentos Valida Dispensa contratação Aprendiz",
              "timedOut": null,
              "duration": 6886,
              "state": "passed",
              "speed": "slow",
              "pass": true,
              "fail": false,
              "pending": false,
              "context": null,
              "code": "cy.dispensaContratacaoAprendiz();\nutil.entendiButton();\ncy.reload();\nanalyticsGestaoTalentoPage.validaDispensaCotasAprendiz();\ncy.contains('Cota de Aprendizagem Dispensada para as empresas selecionadas (Decreto Nº 9.579, de 22 de Novembro DE 2018)');",
              "err": {},
              "uuid": "54c43c2b-b30f-4488-b266-c127c7364877",
              "parentUUID": "15a8b3a3-3d55-4213-9901-ca03017d7b67",
              "isHook": false,
              "skipped": false
            },
            {
              "title": "Cota Aprendiz",
              "fullTitle": "Analitics Gestão de Talentos Cota Aprendiz",
              "timedOut": null,
              "duration": 4749,
              "state": "passed",
              "speed": "slow",
              "pass": true,
              "fail": false,
              "pending": false,
              "context": null,
              "code": "util.entendiButton();\nanalyticsGestaoTalentoPage.validaCotasAprendiz();\ncy.contains('Cota de Aprendizagem (Lei nº 10.097, de 19 de Dezembro de 2000)');",
              "err": {},
              "uuid": "62d1ddff-c601-416b-b3de-57e95f0d427c",
              "parentUUID": "15a8b3a3-3d55-4213-9901-ca03017d7b67",
              "isHook": false,
              "skipped": false
            },
            {
              "title": "Cota de deficientes não atingida",
              "fullTitle": "Analitics Gestão de Talentos Cota de deficientes não atingida",
              "timedOut": null,
              "duration": 10058,
              "state": "failed",
              "speed": null,
              "pass": false,
              "fail": true,
              "pending": false,
              "context": null,
              "code": "util.entendiButton();\ncy.insere_X_Colaborador(105);\ncy.reload();\nanalyticsGestaoTalentoPage.validaCotaDeficienteNaoAtingida();",
              "err": {
                "message": "CypressError: `cy.task('query')` failed with the following error:\n\n> sorry, too many clients already",
                "estack": "CypressError: `cy.task('query')` failed with the following error:\n\n> sorry, too many clients already\n    at http://localhost:8080/__cypress/runner/cypress_runner.js:160936:19\n    at tryCatcher (http://localhost:8080/__cypress/runner/cypress_runner.js:10765:23)\n    at Promise._settlePromiseFromHandler (http://localhost:8080/__cypress/runner/cypress_runner.js:8700:31)\n    at Promise._settlePromise (http://localhost:8080/__cypress/runner/cypress_runner.js:8757:18)\n    at Promise._settlePromise0 (http://localhost:8080/__cypress/runner/cypress_runner.js:8802:10)\n    at Promise._settlePromises (http://localhost:8080/__cypress/runner/cypress_runner.js:8878:18)\n    at _drainQueueStep (http://localhost:8080/__cypress/runner/cypress_runner.js:5472:12)\n    at _drainQueue (http://localhost:8080/__cypress/runner/cypress_runner.js:5465:9)\n    at Async.../../node_modules/bluebird/js/release/async.js.Async._drainQueues (http://localhost:8080/__cypress/runner/cypress_runner.js:5481:5)\n    at Async.drainQueues (http://localhost:8080/__cypress/runner/cypress_runner.js:5351:14)\nFrom Your Spec Code:\n    at Context.eval (http://localhost:8080/__cypress/tests?p=cypress\\support\\index.js:908:13)\n\nFrom Node.js Internals:\n  error: sorry, too many clients already\n      at Parser.parseErrorMessage (C:\\Projects\\FortesRH\\node_modules\\pg-protocol\\dist\\parser.js:278:15)\n      at Parser.handlePacket (C:\\Projects\\FortesRH\\node_modules\\pg-protocol\\dist\\parser.js:126:29)\n      at Parser.parse (C:\\Projects\\FortesRH\\node_modules\\pg-protocol\\dist\\parser.js:39:38)\n      at Socket.<anonymous> (C:\\Projects\\FortesRH\\node_modules\\pg-protocol\\dist\\index.js:8:42)\n      at Socket.emit (events.js:315:20)\n      at addChunk (_stream_readable.js:295:12)\n      at readableAddChunk (_stream_readable.js:271:9)\n      at Socket.Readable.push (_stream_readable.js:212:10)\n      at TCP.onStreamRead (internal/stream_base_commons.js:186:23)",
                "diff": null
              },
              "uuid": "644946c1-eeac-4500-9716-310dffcaed11",
              "parentUUID": "15a8b3a3-3d55-4213-9901-ca03017d7b67",
              "isHook": false,
              "skipped": false
            },
            {
              "title": "Cota de deficientes atingida",
              "fullTitle": "Analitics Gestão de Talentos Cota de deficientes atingida",
              "timedOut": null,
              "duration": 106,
              "state": "failed",
              "speed": null,
              "pass": false,
              "fail": true,
              "pending": false,
              "context": null,
              "code": "util.entendiButton();\ncy.insere_X_Colaborador(40);\ncy.reload();\nanalyticsGestaoTalentoPage.validaCotaDeficiente();",
              "err": {
                "message": "CypressError: `cy.task('reloadDB')` failed with the following error:\n\n> sorry, too many clients already\n\nBecause this error occurred during a `before each` hook we are skipping all of the remaining tests.",
                "estack": "CypressError: `cy.task('reloadDB')` failed with the following error:\n\n> sorry, too many clients already\n\nBecause this error occurred during a `before each` hook we are skipping all of the remaining tests.\n    at http://localhost:8080/__cypress/runner/cypress_runner.js:160936:19\n    at tryCatcher (http://localhost:8080/__cypress/runner/cypress_runner.js:10765:23)\n    at Promise._settlePromiseFromHandler (http://localhost:8080/__cypress/runner/cypress_runner.js:8700:31)\n    at Promise._settlePromise (http://localhost:8080/__cypress/runner/cypress_runner.js:8757:18)\n    at Promise._settlePromise0 (http://localhost:8080/__cypress/runner/cypress_runner.js:8802:10)\n    at Promise._settlePromises (http://localhost:8080/__cypress/runner/cypress_runner.js:8878:18)\n    at _drainQueueStep (http://localhost:8080/__cypress/runner/cypress_runner.js:5472:12)\n    at _drainQueue (http://localhost:8080/__cypress/runner/cypress_runner.js:5465:9)\n    at Async.../../node_modules/bluebird/js/release/async.js.Async._drainQueues (http://localhost:8080/__cypress/runner/cypress_runner.js:5481:5)\n    at Async.drainQueues (http://localhost:8080/__cypress/runner/cypress_runner.js:5351:14)\nFrom Your Spec Code:\n    at Context.eval (http://localhost:8080/__cypress/tests?p=cypress\\support\\index.js:969:13)\n\nFrom Node.js Internals:\n  error: sorry, too many clients already\n      at Parser.parseErrorMessage (C:\\Projects\\FortesRH\\node_modules\\pg-protocol\\dist\\parser.js:278:15)\n      at Parser.handlePacket (C:\\Projects\\FortesRH\\node_modules\\pg-protocol\\dist\\parser.js:126:29)\n      at Parser.parse (C:\\Projects\\FortesRH\\node_modules\\pg-protocol\\dist\\parser.js:39:38)\n      at Socket.<anonymous> (C:\\Projects\\FortesRH\\node_modules\\pg-protocol\\dist\\index.js:8:42)\n      at Socket.emit (events.js:315:20)\n      at addChunk (_stream_readable.js:295:12)\n      at readableAddChunk (_stream_readable.js:271:9)\n      at Socket.Readable.push (_stream_readable.js:212:10)\n      at TCP.onStreamRead (internal/stream_base_commons.js:186:23)",
                "diff": null
              },
              "uuid": "1ba1c566-a085-470a-bcdb-6bb4a0e293a1",
              "parentUUID": "15a8b3a3-3d55-4213-9901-ca03017d7b67",
              "isHook": false,
              "skipped": false
            }
          ],
          "suites": [],
          "passes": [
            "54c43c2b-b30f-4488-b266-c127c7364877",
            "62d1ddff-c601-416b-b3de-57e95f0d427c"
          ],
          "failures": [
            "644946c1-eeac-4500-9716-310dffcaed11",
            "1ba1c566-a085-470a-bcdb-6bb4a0e293a1"
          ],
          "pending": [],
          "skipped": [],
          "duration": 21799,
          "root": false,
          "rootEmpty": false,
          "_timeout": 2000
        }
      ],
      "passes": [],
      "failures": [],
      "pending": [],
      "skipped": [],
      "duration": 0,
      "root": true,
      "rootEmpty": true,
      "_timeout": 2000
    }
  ],
  "meta": {
    "mocha": {
      "version": "7.0.1"
    },
    "mochawesome": {
      "options": {
        "quiet": true,
        "reportFilename": "mochawesome",
        "saveHtml": false,
        "saveJson": true,
        "consoleReporter": "spec",
        "useInlineDiffs": false,
        "code": true
      },
      "version": "6.2.2"
    },
    "marge": {
      "options": {
        "id": "default",
        "reportDir": "mochawesome-report",
        "quiet": true,
        "overwrite": false,
        "html": false,
        "json": true
      },
      "version": "5.2.0"
    }
  }
}