{
  "stats": {
    "suites": 1,
    "tests": 4,
    "passes": 4,
    "pending": 0,
    "failures": 0,
    "start": "2021-03-03T13:45:28.374Z",
    "end": "2021-03-03T13:45:48.342Z",
    "duration": 19968,
    "testsRegistered": 4,
    "passPercent": 100,
    "pendingPercent": 0,
    "other": 0,
    "hasOther": false,
    "skipped": 0,
    "hasSkipped": false
  },
  "results": [
    {
      "uuid": "6adf91bb-72aa-44b7-b394-18c2aa57976b",
      "title": "",
      "fullFile": "cypress\\integration\\services\\testes\\Login\\login_mod_externo.js",
      "file": "cypress\\integration\\services\\testes\\Login\\login_mod_externo.js",
      "beforeHooks": [],
      "afterHooks": [],
      "tests": [],
      "suites": [
        {
          "uuid": "b41bbfc2-323e-462e-b58b-437455720cd7",
          "title": "Tentativas de Login no Módulo Externo",
          "fullFile": "",
          "file": "",
          "beforeHooks": [],
          "afterHooks": [],
          "tests": [
            {
              "title": "Captcha Ativo",
              "fullTitle": "Tentativas de Login no Módulo Externo Captcha Ativo",
              "timedOut": null,
              "duration": 6600,
              "state": "passed",
              "speed": "slow",
              "pass": true,
              "fail": false,
              "pending": false,
              "context": null,
              "code": "cy.exec_sql('update parametrosdosistema set utilizarcaptchanomoduloexterno = true');\ncy.inserecandidato('Helena de Troia');\nexternoPage.loggedIn('06060722334', '1234');\nutil.warningMsgExterno();",
              "err": {},
              "uuid": "daa21d58-d4c8-4c25-9e6c-4430d9ac2e1a",
              "parentUUID": "b41bbfc2-323e-462e-b58b-437455720cd7",
              "isHook": false,
              "skipped": false
            },
            {
              "title": "Acessar modulo externo com login e senha com 2 candidatos com mesmo CPF",
              "fullTitle": "Tentativas de Login no Módulo Externo Acessar modulo externo com login e senha com 2 candidatos com mesmo CPF",
              "timedOut": null,
              "duration": 4627,
              "state": "passed",
              "speed": "slow",
              "pass": true,
              "fail": false,
              "pending": false,
              "context": null,
              "code": "cy.inserecandidato('Candidato 01');\ncy.inserecandidato('Candidato 02');\nexternoPage.loggedIn('06060722334', '1234');\nutil.welcomeExterno('Bem vindo(a)');",
              "err": {},
              "uuid": "b8f6d11f-bb2a-47f3-b002-bbc6f36542f6",
              "parentUUID": "b41bbfc2-323e-462e-b58b-437455720cd7",
              "isHook": false,
              "skipped": false
            },
            {
              "title": "Acessar modulo externo - Senha Inválida",
              "fullTitle": "Tentativas de Login no Módulo Externo Acessar modulo externo - Senha Inválida",
              "timedOut": null,
              "duration": 4093,
              "state": "passed",
              "speed": "slow",
              "pass": true,
              "fail": false,
              "pending": false,
              "context": null,
              "code": "cy.inserecandidato('Candidato 01');\nexternoPage.loggedIn('06060722334', '123456');\nutil.popUpMessage('Senha não confere.');",
              "err": {},
              "uuid": "44e84fef-59a4-4aef-bf74-fe2ee06a3b06",
              "parentUUID": "b41bbfc2-323e-462e-b58b-437455720cd7",
              "isHook": false,
              "skipped": false
            },
            {
              "title": "Acessar modulo externo - Exige Aceite LGPD",
              "fullTitle": "Tentativas de Login no Módulo Externo Acessar modulo externo - Exige Aceite LGPD",
              "timedOut": null,
              "duration": 4557,
              "state": "passed",
              "speed": "slow",
              "pass": true,
              "fail": false,
              "pending": false,
              "context": null,
              "code": "cy.inserecandidato('Candidato 01');\ncy.exec_sql(\"update empresa set exigiraceitepsi = true\");\ncy.exec_sql(\"update empresa set politicaseguranca = 'Teste'\");\nexternoPage.loggedIn('06060722334', '1234');\nutil.dialogMessageLGPD('Termo de Privacidade e Política de Segurança');\nutil.continua();\nutil.popUpMessage('Você precisa aceitar o Termo de Privacidade e Política de Segurança.');\nexternoPage.checkLGPD();\nutil.continua();",
              "err": {},
              "uuid": "d1216cf0-6e4f-45bb-a881-87c2f8b21afd",
              "parentUUID": "b41bbfc2-323e-462e-b58b-437455720cd7",
              "isHook": false,
              "skipped": false
            }
          ],
          "suites": [],
          "passes": [
            "daa21d58-d4c8-4c25-9e6c-4430d9ac2e1a",
            "b8f6d11f-bb2a-47f3-b002-bbc6f36542f6",
            "44e84fef-59a4-4aef-bf74-fe2ee06a3b06",
            "d1216cf0-6e4f-45bb-a881-87c2f8b21afd"
          ],
          "failures": [],
          "pending": [],
          "skipped": [],
          "duration": 19877,
          "root": false,
          "rootEmpty": false,
          "_timeout": 2000
        }
      ],
      "passes": [],
      "failures": [],
      "pending": [],
      "skipped": [],
      "duration": 0,
      "root": true,
      "rootEmpty": true,
      "_timeout": 2000
    }
  ],
  "meta": {
    "mocha": {
      "version": "7.0.1"
    },
    "mochawesome": {
      "options": {
        "quiet": true,
        "reportFilename": "mochawesome",
        "saveHtml": false,
        "saveJson": true,
        "consoleReporter": "spec",
        "useInlineDiffs": false,
        "code": true
      },
      "version": "6.2.2"
    },
    "marge": {
      "options": {
        "id": "default",
        "reportDir": "mochawesome-report",
        "quiet": true,
        "overwrite": false,
        "html": false,
        "json": true
      },
      "version": "5.2.0"
    }
  }
}