{
  "stats": {
    "suites": 1,
    "tests": 3,
    "passes": 3,
    "pending": 0,
    "failures": 0,
    "start": "2021-03-03T13:47:59.615Z",
    "end": "2021-03-03T13:48:16.689Z",
    "duration": 17074,
    "testsRegistered": 3,
    "passPercent": 100,
    "pendingPercent": 0,
    "other": 0,
    "hasOther": false,
    "skipped": 0,
    "hasSkipped": false
  },
  "results": [
    {
      "uuid": "b6029627-1b22-4bab-bf9a-07552ab10af4",
      "title": "",
      "fullFile": "cypress\\integration\\services\\testes\\res\\cadastro_area_formacao_spec.js",
      "file": "cypress\\integration\\services\\testes\\res\\cadastro_area_formacao_spec.js",
      "beforeHooks": [],
      "afterHooks": [],
      "tests": [],
      "suites": [
        {
          "uuid": "4c75a636-eee3-4fa2-a2dc-027cb299afd5",
          "title": "Funcionalidade Area de Formação",
          "fullFile": "",
          "file": "",
          "beforeHooks": [],
          "afterHooks": [],
          "tests": [
            {
              "title": "Inserção de Area de Formação",
              "fullTitle": "Funcionalidade Area de Formação Inserção de Area de Formação",
              "timedOut": null,
              "duration": 6620,
              "state": "passed",
              "speed": "slow",
              "pass": true,
              "fail": false,
              "pending": false,
              "context": null,
              "code": "areaformacaoPage.inserir(area);\nutil.validaTitulo('Áreas de Formação');",
              "err": {},
              "uuid": "7b187964-88ed-4c03-8650-6675ac0c7c13",
              "parentUUID": "4c75a636-eee3-4fa2-a2dc-027cb299afd5",
              "isHook": false,
              "skipped": false
            },
            {
              "title": "Edição de Area de Formação",
              "fullTitle": "Funcionalidade Area de Formação Edição de Area de Formação",
              "timedOut": null,
              "duration": 5472,
              "state": "passed",
              "speed": "slow",
              "pass": true,
              "fail": false,
              "pending": false,
              "context": null,
              "code": "areaformacaoPage.editar(area.Area);\nutil.validaTitulo('Áreas de Formação');",
              "err": {},
              "uuid": "cc66da57-54e2-4132-b17e-4b562dadce33",
              "parentUUID": "4c75a636-eee3-4fa2-a2dc-027cb299afd5",
              "isHook": false,
              "skipped": false
            },
            {
              "title": "Exclusão de Area de Formação",
              "fullTitle": "Funcionalidade Area de Formação Exclusão de Area de Formação",
              "timedOut": null,
              "duration": 4872,
              "state": "passed",
              "speed": "slow",
              "pass": true,
              "fail": false,
              "pending": false,
              "context": null,
              "code": "areaformacaoPage.excluir(area.Area);\nutil.popUpMessage('Confirma exclusão?');\ncy.validaMensagemSucesso('Área de Formação excluída com sucesso.');",
              "err": {},
              "uuid": "549f0457-bc7a-4fff-9bb2-237da5d254ad",
              "parentUUID": "4c75a636-eee3-4fa2-a2dc-027cb299afd5",
              "isHook": false,
              "skipped": false
            }
          ],
          "suites": [],
          "passes": [
            "7b187964-88ed-4c03-8650-6675ac0c7c13",
            "cc66da57-54e2-4132-b17e-4b562dadce33",
            "549f0457-bc7a-4fff-9bb2-237da5d254ad"
          ],
          "failures": [],
          "pending": [],
          "skipped": [],
          "duration": 16964,
          "root": false,
          "rootEmpty": false,
          "_timeout": 2000
        }
      ],
      "passes": [],
      "failures": [],
      "pending": [],
      "skipped": [],
      "duration": 0,
      "root": true,
      "rootEmpty": true,
      "_timeout": 2000
    }
  ],
  "meta": {
    "mocha": {
      "version": "7.0.1"
    },
    "mochawesome": {
      "options": {
        "quiet": true,
        "reportFilename": "mochawesome",
        "saveHtml": false,
        "saveJson": true,
        "consoleReporter": "spec",
        "useInlineDiffs": false,
        "code": true
      },
      "version": "6.2.2"
    },
    "marge": {
      "options": {
        "id": "default",
        "reportDir": "mochawesome-report",
        "quiet": true,
        "overwrite": false,
        "html": false,
        "json": true
      },
      "version": "5.2.0"
    }
  }
}