{
  "stats": {
    "suites": 3,
    "tests": 5,
    "passes": 5,
    "pending": 0,
    "failures": 0,
    "start": "2021-03-03T13:46:32.379Z",
    "end": "2021-03-03T13:46:52.343Z",
    "duration": 19964,
    "testsRegistered": 5,
    "passPercent": 100,
    "pendingPercent": 0,
    "other": 0,
    "hasOther": false,
    "skipped": 0,
    "hasSkipped": false
  },
  "results": [
    {
      "uuid": "eb89527f-ad1f-45f7-bf33-1f8ec8902973",
      "title": "",
      "fullFile": "cypress\\integration\\services\\testes\\Login\\recupera_senha_spec.js",
      "file": "cypress\\integration\\services\\testes\\Login\\recupera_senha_spec.js",
      "beforeHooks": [],
      "afterHooks": [],
      "tests": [],
      "suites": [
        {
          "uuid": "15f1ad3c-2342-4d34-8c77-c57221032843",
          "title": "Recuperação de Senha",
          "fullFile": "",
          "file": "",
          "beforeHooks": [],
          "afterHooks": [],
          "tests": [],
          "suites": [
            {
              "uuid": "58efb831-51e8-4c8f-944b-7ca41ab3def6",
              "title": "Fortes RH",
              "fullFile": "",
              "file": "",
              "beforeHooks": [],
              "afterHooks": [],
              "tests": [
                {
                  "title": "Colaborador com usuário sem senha",
                  "fullTitle": "Recuperação de Senha Fortes RH Colaborador com usuário sem senha",
                  "timedOut": null,
                  "duration": 4394,
                  "state": "passed",
                  "speed": "slow",
                  "pass": true,
                  "fail": false,
                  "pending": false,
                  "context": null,
                  "code": "cy.insereUsuarioSemSenhaComEmpregado('usuario');\nalteraSenhaPage.forgotPassword('34425164555');\nutil.infoMsg('Caro(a) Sr(a), não identificamos uma senha associada ao seu cpf na empresa selecionada.');",
                  "err": {},
                  "uuid": "b4937b85-64b0-4287-aa5a-ce3561e28457",
                  "parentUUID": "58efb831-51e8-4c8f-944b-7ca41ab3def6",
                  "isHook": false,
                  "skipped": false
                },
                {
                  "title": "Colaborador com usuário válido",
                  "fullTitle": "Recuperação de Senha Fortes RH Colaborador com usuário válido",
                  "timedOut": null,
                  "duration": 3825,
                  "state": "passed",
                  "speed": "slow",
                  "pass": true,
                  "fail": false,
                  "pending": false,
                  "context": null,
                  "code": "cy.insereUsuarioComEmpregado('usuario');\nalteraSenhaPage.forgotPassword('06060722334');\nutil.infoMsg('Sua senha foi enviada para seu E-mail.');",
                  "err": {},
                  "uuid": "827faf0a-75b2-4a51-b818-f040fd240233",
                  "parentUUID": "58efb831-51e8-4c8f-944b-7ca41ab3def6",
                  "isHook": false,
                  "skipped": false
                },
                {
                  "title": "Colaborador Inexistente",
                  "fullTitle": "Recuperação de Senha Fortes RH Colaborador Inexistente",
                  "timedOut": null,
                  "duration": 4156,
                  "state": "passed",
                  "speed": "slow",
                  "pass": true,
                  "fail": false,
                  "pending": false,
                  "context": null,
                  "code": "alteraSenhaPage.forgotPassword('06060722334');\nutil.infoMsg('Caro(a) Sr(a), não identificamos um endereço de e-mail associado ao seu usuário.');",
                  "err": {},
                  "uuid": "e2a9c290-6d5d-4058-a148-240274bdbe55",
                  "parentUUID": "58efb831-51e8-4c8f-944b-7ca41ab3def6",
                  "isHook": false,
                  "skipped": false
                }
              ],
              "suites": [],
              "passes": [
                "b4937b85-64b0-4287-aa5a-ce3561e28457",
                "827faf0a-75b2-4a51-b818-f040fd240233",
                "e2a9c290-6d5d-4058-a148-240274bdbe55"
              ],
              "failures": [],
              "pending": [],
              "skipped": [],
              "duration": 12375,
              "root": false,
              "rootEmpty": false,
              "_timeout": 2000
            },
            {
              "uuid": "464e41ed-e0cd-4fff-a9a8-4a0c3f7e7b60",
              "title": "Módulo Externo",
              "fullFile": "",
              "file": "",
              "beforeHooks": [],
              "afterHooks": [],
              "tests": [
                {
                  "title": "Candidato Inexistente",
                  "fullTitle": "Recuperação de Senha Módulo Externo Candidato Inexistente",
                  "timedOut": null,
                  "duration": 3711,
                  "state": "passed",
                  "speed": "slow",
                  "pass": true,
                  "fail": false,
                  "pending": false,
                  "context": null,
                  "code": "externoPage.navigate();\nalteraSenhaPage.forgotPasswordExterno('38771717960');\nutil.infoMsg('Candidato não localizado!');",
                  "err": {},
                  "uuid": "60a38b2e-83bc-4a2f-bda5-0b339955f2cd",
                  "parentUUID": "464e41ed-e0cd-4fff-a9a8-4a0c3f7e7b60",
                  "isHook": false,
                  "skipped": false
                },
                {
                  "title": "Colaborador com usuário válido - Externo",
                  "fullTitle": "Recuperação de Senha Módulo Externo Colaborador com usuário válido - Externo",
                  "timedOut": null,
                  "duration": 3738,
                  "state": "passed",
                  "speed": "slow",
                  "pass": true,
                  "fail": false,
                  "pending": false,
                  "context": null,
                  "code": "cy.inserecandidato(\"Candidato 01\");\nexternoPage.navigate();\nalteraSenhaPage.forgotPasswordExterno('39210359372');\nutil.infoMsgExterno('Candidato não possui email cadastrado! Por favor entre em contato com a empresa.');",
                  "err": {},
                  "uuid": "682a8923-4107-4726-962b-b060c7400d17",
                  "parentUUID": "464e41ed-e0cd-4fff-a9a8-4a0c3f7e7b60",
                  "isHook": false,
                  "skipped": false
                }
              ],
              "suites": [],
              "passes": [
                "60a38b2e-83bc-4a2f-bda5-0b339955f2cd",
                "682a8923-4107-4726-962b-b060c7400d17"
              ],
              "failures": [],
              "pending": [],
              "skipped": [],
              "duration": 7449,
              "root": false,
              "rootEmpty": false,
              "_timeout": 2000
            }
          ],
          "passes": [],
          "failures": [],
          "pending": [],
          "skipped": [],
          "duration": 0,
          "root": false,
          "rootEmpty": false,
          "_timeout": 2000
        }
      ],
      "passes": [],
      "failures": [],
      "pending": [],
      "skipped": [],
      "duration": 0,
      "root": true,
      "rootEmpty": true,
      "_timeout": 2000
    }
  ],
  "meta": {
    "mocha": {
      "version": "7.0.1"
    },
    "mochawesome": {
      "options": {
        "quiet": true,
        "reportFilename": "mochawesome",
        "saveHtml": false,
        "saveJson": true,
        "consoleReporter": "spec",
        "useInlineDiffs": false,
        "code": true
      },
      "version": "6.2.2"
    },
    "marge": {
      "options": {
        "id": "default",
        "reportDir": "mochawesome-report",
        "quiet": true,
        "overwrite": false,
        "html": false,
        "json": true
      },
      "version": "5.2.0"
    }
  }
}