{
  "stats": {
    "suites": 1,
    "tests": 2,
    "passes": 2,
    "pending": 0,
    "failures": 0,
    "start": "2021-03-03T13:42:08.216Z",
    "end": "2021-03-03T13:42:20.528Z",
    "duration": 12312,
    "testsRegistered": 2,
    "passPercent": 100,
    "pendingPercent": 0,
    "other": 0,
    "hasOther": false,
    "skipped": 0,
    "hasSkipped": false
  },
  "results": [
    {
      "uuid": "aa686969-ac2e-4851-a8f9-ce0061f17dd0",
      "title": "",
      "fullFile": "cypress\\integration\\services\\testes\\ces\\cadastro_Nivel_Competencia_spec.js",
      "file": "cypress\\integration\\services\\testes\\ces\\cadastro_Nivel_Competencia_spec.js",
      "beforeHooks": [],
      "afterHooks": [],
      "tests": [],
      "suites": [
        {
          "uuid": "c7324f10-011d-43e7-9ba9-6d91c2900da6",
          "title": "Funcionalidade Nivel de Competencia",
          "fullFile": "",
          "file": "",
          "beforeHooks": [],
          "afterHooks": [],
          "tests": [
            {
              "title": "Inserção Nível de Competencia",
              "fullTitle": "Funcionalidade Nivel de Competencia Inserção Nível de Competencia",
              "timedOut": null,
              "duration": 5709,
              "state": "passed",
              "speed": "slow",
              "pass": true,
              "fail": false,
              "pending": false,
              "context": null,
              "code": "nilvelCompetenciaPage.inserir(nivel);\ncy.validaMensagemSucesso('Nivel de Competencia Gravado com Sucesso!');",
              "err": {},
              "uuid": "59fb4fef-158f-4b52-9d6e-db99474c8251",
              "parentUUID": "c7324f10-011d-43e7-9ba9-6d91c2900da6",
              "isHook": false,
              "skipped": false
            },
            {
              "title": "Exclusão Nível de Competencia",
              "fullTitle": "Funcionalidade Nivel de Competencia Exclusão Nível de Competencia",
              "timedOut": null,
              "duration": 6531,
              "state": "passed",
              "speed": "slow",
              "pass": true,
              "fail": false,
              "pending": false,
              "context": null,
              "code": "nilvelCompetenciaPage.inserir(nivel);\nnilvelCompetenciaPage.excluir(nivel);\nutil.popUpMessage('Confirma exclusão?');\ncy.validaMensagemSucesso('Nível de competência excluído com sucesso.');",
              "err": {},
              "uuid": "4544173c-487e-45de-b43a-2f51de712baf",
              "parentUUID": "c7324f10-011d-43e7-9ba9-6d91c2900da6",
              "isHook": false,
              "skipped": false
            }
          ],
          "suites": [],
          "passes": [
            "59fb4fef-158f-4b52-9d6e-db99474c8251",
            "4544173c-487e-45de-b43a-2f51de712baf"
          ],
          "failures": [],
          "pending": [],
          "skipped": [],
          "duration": 12240,
          "root": false,
          "rootEmpty": false,
          "_timeout": 2000
        }
      ],
      "passes": [],
      "failures": [],
      "pending": [],
      "skipped": [],
      "duration": 0,
      "root": true,
      "rootEmpty": true,
      "_timeout": 2000
    }
  ],
  "meta": {
    "mocha": {
      "version": "7.0.1"
    },
    "mochawesome": {
      "options": {
        "quiet": true,
        "reportFilename": "mochawesome",
        "saveHtml": false,
        "saveJson": true,
        "consoleReporter": "spec",
        "useInlineDiffs": false,
        "code": true
      },
      "version": "6.2.2"
    },
    "marge": {
      "options": {
        "id": "default",
        "reportDir": "mochawesome-report",
        "quiet": true,
        "overwrite": false,
        "html": false,
        "json": true
      },
      "version": "5.2.0"
    }
  }
}