{
  "stats": {
    "suites": 1,
    "tests": 8,
    "passes": 8,
    "pending": 0,
    "failures": 0,
    "start": "2021-03-03T13:57:43.734Z",
    "end": "2021-03-03T13:58:30.014Z",
    "duration": 46280,
    "testsRegistered": 8,
    "passPercent": 100,
    "pendingPercent": 0,
    "other": 0,
    "hasOther": false,
    "skipped": 0,
    "hasSkipped": false
  },
  "results": [
    {
      "uuid": "3fd10ad4-bd54-497d-9c6e-9aa33cedf28e",
      "title": "",
      "fullFile": "cypress\\integration\\services\\testes\\utilitarios\\cadastro_usuarios_spec.js",
      "file": "cypress\\integration\\services\\testes\\utilitarios\\cadastro_usuarios_spec.js",
      "beforeHooks": [],
      "afterHooks": [],
      "tests": [],
      "suites": [
        {
          "uuid": "273354e1-9bf7-4c5e-8307-95de492b6a2b",
          "title": "Funcionalidade Cadastros de Usuários",
          "fullFile": "",
          "file": "",
          "beforeHooks": [],
          "afterHooks": [],
          "tests": [
            {
              "title": "Inserir Usuário Automaticamente - Sem Colaboradores Cadastrado",
              "fullTitle": "Funcionalidade Cadastros de Usuários Inserir Usuário Automaticamente - Sem Colaboradores Cadastrado",
              "timedOut": null,
              "duration": 5836,
              "state": "passed",
              "speed": "slow",
              "pass": true,
              "fail": false,
              "pending": false,
              "context": null,
              "code": "usuariosPage.insereUsuarioAutomaticamente();\nutil.infoMsg('Não existe talento sem usuário.');",
              "err": {},
              "uuid": "b11415ef-e8af-4a01-8ef2-316de9f6b936",
              "parentUUID": "273354e1-9bf7-4c5e-8307-95de492b6a2b",
              "isHook": false,
              "skipped": false
            },
            {
              "title": "Inserir Usuário Automaticamente",
              "fullTitle": "Funcionalidade Cadastros de Usuários Inserir Usuário Automaticamente",
              "timedOut": null,
              "duration": 5309,
              "state": "passed",
              "speed": "slow",
              "pass": true,
              "fail": false,
              "pending": false,
              "context": null,
              "code": "cy.insereColaborador('Helena de Troia');\nusuariosPage.insereUsuarioAutomaticamente();\nutil.infoMsg('Usuários criados com sucesso.');",
              "err": {},
              "uuid": "9d9ba760-f125-4304-9149-161911d93833",
              "parentUUID": "273354e1-9bf7-4c5e-8307-95de492b6a2b",
              "isHook": false,
              "skipped": false
            },
            {
              "title": "Inserir Usuário Automaticamente - Usuario Já Associado a Colaborador",
              "fullTitle": "Funcionalidade Cadastros de Usuários Inserir Usuário Automaticamente - Usuario Já Associado a Colaborador",
              "timedOut": null,
              "duration": 5194,
              "state": "passed",
              "speed": "slow",
              "pass": true,
              "fail": false,
              "pending": false,
              "context": null,
              "code": "cy.insereUsuarioComEmpregado('Helena de Troia');\nusuariosPage.insereUsuarioAutomaticamente();\nutil.infoMsg('Não existe talento sem usuário.');",
              "err": {},
              "uuid": "bb9404a0-1068-4af7-b6db-8d5e89796dac",
              "parentUUID": "273354e1-9bf7-4c5e-8307-95de492b6a2b",
              "isHook": false,
              "skipped": false
            },
            {
              "title": "Excluir Usuário Logado",
              "fullTitle": "Funcionalidade Cadastros de Usuários Excluir Usuário Logado",
              "timedOut": null,
              "duration": 4613,
              "state": "passed",
              "speed": "slow",
              "pass": true,
              "fail": false,
              "pending": false,
              "context": null,
              "code": "usuariosPage.excluir('homolog');\nutil.popUpMessage('Confirma exclusão?');\nutil.errorMsg('Não foi possível excluir este Usuário. Utilize o campo \"Ativo\" para retirar o acesso do usuário ao sistema.');",
              "err": {},
              "uuid": "1985228f-cda4-414a-9e5e-af44603daf07",
              "parentUUID": "273354e1-9bf7-4c5e-8307-95de492b6a2b",
              "isHook": false,
              "skipped": false
            },
            {
              "title": "Excluir Usuário",
              "fullTitle": "Funcionalidade Cadastros de Usuários Excluir Usuário",
              "timedOut": null,
              "duration": 4162,
              "state": "passed",
              "speed": "slow",
              "pass": true,
              "fail": false,
              "pending": false,
              "context": null,
              "code": "usuariosPage.excluir('usu_teste');\nutil.popUpMessage('Confirma exclusão?');\nutil.infoMsg('Usuário excluído com sucesso.');",
              "err": {},
              "uuid": "71b999e6-ed0c-4ee5-87b7-da89fb7f3551",
              "parentUUID": "273354e1-9bf7-4c5e-8307-95de492b6a2b",
              "isHook": false,
              "skipped": false
            },
            {
              "title": "Editar Usuario",
              "fullTitle": "Funcionalidade Cadastros de Usuários Editar Usuario",
              "timedOut": null,
              "duration": 4684,
              "state": "passed",
              "speed": "slow",
              "pass": true,
              "fail": false,
              "pending": false,
              "context": null,
              "code": "usuariosPage.editar('usu_teste');\nutil.validaTitulo('Usuários');",
              "err": {},
              "uuid": "4fb3334b-1e39-4bed-b664-e023a41b25f6",
              "parentUUID": "273354e1-9bf7-4c5e-8307-95de492b6a2b",
              "isHook": false,
              "skipped": false
            },
            {
              "title": "Inserir Usuário",
              "fullTitle": "Funcionalidade Cadastros de Usuários Inserir Usuário",
              "timedOut": null,
              "duration": 9822,
              "state": "passed",
              "speed": "slow",
              "pass": true,
              "fail": false,
              "pending": false,
              "context": null,
              "code": "var usuario = {\n  Nome: 'usuario',\n  Senha: '1234',\n  ConfSenha: '1234'\n};\nusuariosPage.inserir(usuario);\nutil.validaTitulo('Usuários');",
              "err": {},
              "uuid": "7f19f73d-2b47-4a32-a23b-dba0e901755c",
              "parentUUID": "273354e1-9bf7-4c5e-8307-95de492b6a2b",
              "isHook": false,
              "skipped": false
            },
            {
              "title": "Inserir Usuário com senhas diferentes",
              "fullTitle": "Funcionalidade Cadastros de Usuários Inserir Usuário com senhas diferentes",
              "timedOut": null,
              "duration": 6395,
              "state": "passed",
              "speed": "slow",
              "pass": true,
              "fail": false,
              "pending": false,
              "context": null,
              "code": "var usuario = {\n  Nome: 'usuario',\n  Senha: '1234',\n  ConfSenha: '1239'\n};\nusuariosPage.inserir(usuario);\nutil.warningMsg('Senhas não correspondem.');",
              "err": {},
              "uuid": "3fe74c99-04ed-4504-9a8b-f24e8c65678a",
              "parentUUID": "273354e1-9bf7-4c5e-8307-95de492b6a2b",
              "isHook": false,
              "skipped": false
            }
          ],
          "suites": [],
          "passes": [
            "b11415ef-e8af-4a01-8ef2-316de9f6b936",
            "9d9ba760-f125-4304-9149-161911d93833",
            "bb9404a0-1068-4af7-b6db-8d5e89796dac",
            "1985228f-cda4-414a-9e5e-af44603daf07",
            "71b999e6-ed0c-4ee5-87b7-da89fb7f3551",
            "4fb3334b-1e39-4bed-b664-e023a41b25f6",
            "7f19f73d-2b47-4a32-a23b-dba0e901755c",
            "3fe74c99-04ed-4504-9a8b-f24e8c65678a"
          ],
          "failures": [],
          "pending": [],
          "skipped": [],
          "duration": 46015,
          "root": false,
          "rootEmpty": false,
          "_timeout": 2000
        }
      ],
      "passes": [],
      "failures": [],
      "pending": [],
      "skipped": [],
      "duration": 0,
      "root": true,
      "rootEmpty": true,
      "_timeout": 2000
    }
  ],
  "meta": {
    "mocha": {
      "version": "7.0.1"
    },
    "mochawesome": {
      "options": {
        "quiet": true,
        "reportFilename": "mochawesome",
        "saveHtml": false,
        "saveJson": true,
        "consoleReporter": "spec",
        "useInlineDiffs": false,
        "code": true
      },
      "version": "6.2.2"
    },
    "marge": {
      "options": {
        "id": "default",
        "reportDir": "mochawesome-report",
        "quiet": true,
        "overwrite": false,
        "html": false,
        "json": true
      },
      "version": "5.2.0"
    }
  }
}