{
  "stats": {
    "suites": 1,
    "tests": 2,
    "passes": 2,
    "pending": 0,
    "failures": 0,
    "start": "2021-03-03T14:00:19.360Z",
    "end": "2021-03-03T14:00:43.564Z",
    "duration": 24204,
    "testsRegistered": 2,
    "passPercent": 100,
    "pendingPercent": 0,
    "other": 0,
    "hasOther": false,
    "skipped": 0,
    "hasSkipped": false
  },
  "results": [
    {
      "uuid": "43d0a618-f47e-4e57-8b97-0f3e4dbec769",
      "title": "",
      "fullFile": "cypress\\integration\\services\\testes\\utilitarios\\menus_extras_spec.js",
      "file": "cypress\\integration\\services\\testes\\utilitarios\\menus_extras_spec.js",
      "beforeHooks": [],
      "afterHooks": [],
      "tests": [],
      "suites": [
        {
          "uuid": "53b1b0df-b362-45bd-8ab3-097d42f845f8",
          "title": "Funcionalidade Menus Extras",
          "fullFile": "",
          "file": "",
          "beforeHooks": [],
          "afterHooks": [],
          "tests": [
            {
              "title": "Inserir Novo Menu",
              "fullTitle": "Funcionalidade Menus Extras Inserir Novo Menu",
              "timedOut": null,
              "duration": 7594,
              "state": "passed",
              "speed": "slow",
              "pass": true,
              "fail": false,
              "pending": false,
              "context": null,
              "code": "menuExtraPage.insereNovoMenu('Redes Sociais');\ncy.validaMensagemSucesso('Menu Extra adicionado com sucesso.');\nutil.infoMsg('O usuário deverá sair e realizar novo login no sistema para refletir as alterações do Menu.');",
              "err": {},
              "uuid": "f038e1eb-cb73-4afd-87d7-4678ad6d9770",
              "parentUUID": "53b1b0df-b362-45bd-8ab3-097d42f845f8",
              "isHook": false,
              "skipped": false
            },
            {
              "title": "Inserir Novo Item Menu",
              "fullTitle": "Funcionalidade Menus Extras Inserir Novo Item Menu",
              "timedOut": null,
              "duration": 16530,
              "state": "passed",
              "speed": "slow",
              "pass": true,
              "fail": false,
              "pending": false,
              "context": null,
              "code": "menuExtraPage.insereNovoMenu('Redes Sociais');\nmenuExtraPage.insereDadosMenu();\ncy.validaMensagemSucesso('Link adicionado com sucesso.');\nutil.infoMsg('O usuário deverá sair e realizar novo login no sistema para refletir as alterações do Menu.');",
              "err": {},
              "uuid": "b368d8d0-6813-45db-b806-13478577e3c7",
              "parentUUID": "53b1b0df-b362-45bd-8ab3-097d42f845f8",
              "isHook": false,
              "skipped": false
            }
          ],
          "suites": [],
          "passes": [
            "f038e1eb-cb73-4afd-87d7-4678ad6d9770",
            "b368d8d0-6813-45db-b806-13478577e3c7"
          ],
          "failures": [],
          "pending": [],
          "skipped": [],
          "duration": 24124,
          "root": false,
          "rootEmpty": false,
          "_timeout": 2000
        }
      ],
      "passes": [],
      "failures": [],
      "pending": [],
      "skipped": [],
      "duration": 0,
      "root": true,
      "rootEmpty": true,
      "_timeout": 2000
    }
  ],
  "meta": {
    "mocha": {
      "version": "7.0.1"
    },
    "mochawesome": {
      "options": {
        "quiet": true,
        "reportFilename": "mochawesome",
        "saveHtml": false,
        "saveJson": true,
        "consoleReporter": "spec",
        "useInlineDiffs": false,
        "code": true
      },
      "version": "6.2.2"
    },
    "marge": {
      "options": {
        "id": "default",
        "reportDir": "mochawesome-report",
        "quiet": true,
        "overwrite": false,
        "html": false,
        "json": true
      },
      "version": "5.2.0"
    }
  }
}