{
  "stats": {
    "suites": 1,
    "tests": 6,
    "passes": 6,
    "pending": 0,
    "failures": 0,
    "start": "2021-03-03T13:59:32.480Z",
    "end": "2021-03-03T14:00:04.330Z",
    "duration": 31850,
    "testsRegistered": 6,
    "passPercent": 100,
    "pendingPercent": 0,
    "other": 0,
    "hasOther": false,
    "skipped": 0,
    "hasSkipped": false
  },
  "results": [
    {
      "uuid": "e36d8b66-b4d7-4df6-a74a-def7335ceaff",
      "title": "",
      "fullFile": "cypress\\integration\\services\\testes\\utilitarios\\integracao_elore_spec.js",
      "file": "cypress\\integration\\services\\testes\\utilitarios\\integracao_elore_spec.js",
      "beforeHooks": [],
      "afterHooks": [],
      "tests": [],
      "suites": [
        {
          "uuid": "aecb2bf7-9a52-4715-a9a7-af0af9931616",
          "title": "Funcionalidade Integração Elore",
          "fullFile": "",
          "file": "",
          "beforeHooks": [],
          "afterHooks": [],
          "tests": [
            {
              "title": "Integra com token válido",
              "fullTitle": "Funcionalidade Integração Elore Integra com token válido",
              "timedOut": null,
              "duration": 6639,
              "state": "passed",
              "speed": "slow",
              "pass": true,
              "fail": false,
              "pending": false,
              "context": null,
              "code": "elorePage.integraElore(token);\nutil.popUpMessage('A conexão com Elore foi realizada com sucesso.');",
              "err": {},
              "uuid": "dddf59c1-113e-43a2-bbdc-f8d7707e16ec",
              "parentUUID": "aecb2bf7-9a52-4715-a9a7-af0af9931616",
              "isHook": false,
              "skipped": false
            },
            {
              "title": "Integra com token inválido",
              "fullTitle": "Funcionalidade Integração Elore Integra com token inválido",
              "timedOut": null,
              "duration": 5314,
              "state": "passed",
              "speed": "slow",
              "pass": true,
              "fail": false,
              "pending": false,
              "context": null,
              "code": "elorePage.integraElore(tokeninvalido);\nutil.popUpMessage('Token Inválido.');",
              "err": {},
              "uuid": "7a482eb6-8ebb-4f06-a757-558eeccab2c8",
              "parentUUID": "aecb2bf7-9a52-4715-a9a7-af0af9931616",
              "isHook": false,
              "skipped": false
            },
            {
              "title": "Integra com token vazio",
              "fullTitle": "Funcionalidade Integração Elore Integra com token vazio",
              "timedOut": null,
              "duration": 4639,
              "state": "passed",
              "speed": "slow",
              "pass": true,
              "fail": false,
              "pending": false,
              "context": null,
              "code": "elorePage.integraElore();\nutil.popUpMessage('Preencha o campo \"Token\".');",
              "err": {},
              "uuid": "2ff52b9c-b463-4667-8374-f580ebbc3c27",
              "parentUUID": "aecb2bf7-9a52-4715-a9a7-af0af9931616",
              "isHook": false,
              "skipped": false
            },
            {
              "title": "Exportar Colaboradores sem Selecionar Área",
              "fullTitle": "Funcionalidade Integração Elore Exportar Colaboradores sem Selecionar Área",
              "timedOut": null,
              "duration": 4348,
              "state": "passed",
              "speed": "slow",
              "pass": true,
              "fail": false,
              "pending": false,
              "context": null,
              "code": "var elore = {\n  AreaMarcada: 'Não'\n};\nelorePagaExporta.navigate_exporta();\nelorePagaExporta.exporta(elore);\nutil.popUpMessage('Preencha os campos indicados.');",
              "err": {},
              "uuid": "98bbbe36-2078-4404-8b5e-6bfe64765084",
              "parentUUID": "aecb2bf7-9a52-4715-a9a7-af0af9931616",
              "isHook": false,
              "skipped": false
            },
            {
              "title": "Exportar Colaboradores sem Selecionar Colaborador",
              "fullTitle": "Funcionalidade Integração Elore Exportar Colaboradores sem Selecionar Colaborador",
              "timedOut": null,
              "duration": 4950,
              "state": "passed",
              "speed": "slow",
              "pass": true,
              "fail": false,
              "pending": false,
              "context": null,
              "code": "cy.insereColaborador('Helena de Troia');\nvar elore = {\n  AreaMarcada: 'Sim',\n  status: 'Todos',\n  SelecionaColaborador: 'Não'\n};\nelorePagaExporta.navigate_exporta();\nelorePagaExporta.exporta(elore);\nutil.popUpMessage('Não existem talentos selecionados');\nutil.infoMsg('Não existe dados para o filtro informado.');",
              "err": {},
              "uuid": "a580dd54-f15c-4b2d-a973-1c4da7ffccba",
              "parentUUID": "aecb2bf7-9a52-4715-a9a7-af0af9931616",
              "isHook": false,
              "skipped": false
            },
            {
              "title": "Exportar Colaboradores com Colaborador Selecionado - Cadastro Incompleto",
              "fullTitle": "Funcionalidade Integração Elore Exportar Colaboradores com Colaborador Selecionado - Cadastro Incompleto",
              "timedOut": null,
              "duration": 5766,
              "state": "passed",
              "speed": "slow",
              "pass": true,
              "fail": false,
              "pending": false,
              "context": null,
              "code": "cy.ativaIntegracaoElore();\ncy.insereColaboradorComCompetencias('Helena de Troia');\nvar elore = {\n  AreaMarcada: 'Sim',\n  status: 'Todos',\n  SelecionaColaborador: 'Sim'\n};\nelorePagaExporta.navigate_exporta();\nelorePagaExporta.exporta(elore);\ncy.validaMensagemSucesso('Cadastros exportados com sucesso.');",
              "err": {},
              "uuid": "d858fb74-38ec-4829-82fb-a1b4654c25d7",
              "parentUUID": "aecb2bf7-9a52-4715-a9a7-af0af9931616",
              "isHook": false,
              "skipped": false
            }
          ],
          "suites": [],
          "passes": [
            "dddf59c1-113e-43a2-bbdc-f8d7707e16ec",
            "7a482eb6-8ebb-4f06-a757-558eeccab2c8",
            "2ff52b9c-b463-4667-8374-f580ebbc3c27",
            "98bbbe36-2078-4404-8b5e-6bfe64765084",
            "a580dd54-f15c-4b2d-a973-1c4da7ffccba",
            "d858fb74-38ec-4829-82fb-a1b4654c25d7"
          ],
          "failures": [],
          "pending": [],
          "skipped": [],
          "duration": 31656,
          "root": false,
          "rootEmpty": false,
          "_timeout": 2000
        }
      ],
      "passes": [],
      "failures": [],
      "pending": [],
      "skipped": [],
      "duration": 0,
      "root": true,
      "rootEmpty": true,
      "_timeout": 2000
    }
  ],
  "meta": {
    "mocha": {
      "version": "7.0.1"
    },
    "mochawesome": {
      "options": {
        "quiet": true,
        "reportFilename": "mochawesome",
        "saveHtml": false,
        "saveJson": true,
        "consoleReporter": "spec",
        "useInlineDiffs": false,
        "code": true
      },
      "version": "6.2.2"
    },
    "marge": {
      "options": {
        "id": "default",
        "reportDir": "mochawesome-report",
        "quiet": true,
        "overwrite": false,
        "html": false,
        "json": true
      },
      "version": "5.2.0"
    }
  }
}