{
  "stats": {
    "suites": 1,
    "tests": 9,
    "passes": 9,
    "pending": 0,
    "failures": 0,
    "start": "2021-03-03T13:56:05.298Z",
    "end": "2021-03-03T13:57:06.357Z",
    "duration": 61059,
    "testsRegistered": 9,
    "passPercent": 100,
    "pendingPercent": 0,
    "other": 0,
    "hasOther": false,
    "skipped": 0,
    "hasSkipped": false
  },
  "results": [
    {
      "uuid": "4b653701-614b-4016-9154-60352b6d07f6",
      "title": "",
      "fullFile": "cypress\\integration\\services\\testes\\utilitarios\\cadastro_empresa_spec.js",
      "file": "cypress\\integration\\services\\testes\\utilitarios\\cadastro_empresa_spec.js",
      "beforeHooks": [],
      "afterHooks": [],
      "tests": [],
      "suites": [
        {
          "uuid": "bbc80868-b6a5-41c5-adf0-4d25ae5cc8c8",
          "title": "Funcionalidade Cadastros de Empresas",
          "fullFile": "",
          "file": "",
          "beforeHooks": [],
          "afterHooks": [],
          "tests": [
            {
              "title": "Inserir Empresa",
              "fullTitle": "Funcionalidade Cadastros de Empresas Inserir Empresa",
              "timedOut": null,
              "duration": 10442,
              "state": "passed",
              "speed": "slow",
              "pass": true,
              "fail": false,
              "pending": false,
              "context": null,
              "code": "empresaPage.inserir(empresa);\ncy.validaMensagemSucesso('Empresa cadastrada com sucesso.');",
              "err": {},
              "uuid": "d619b86b-49ee-469e-a997-81baa6c7cc26",
              "parentUUID": "bbc80868-b6a5-41c5-adf0-4d25ae5cc8c8",
              "isHook": false,
              "skipped": false
            },
            {
              "title": "Editar Empresa",
              "fullTitle": "Funcionalidade Cadastros de Empresas Editar Empresa",
              "timedOut": null,
              "duration": 9814,
              "state": "passed",
              "speed": "slow",
              "pass": true,
              "fail": false,
              "pending": false,
              "context": null,
              "code": "empresaPage.editar(empresa);\ncy.validaMensagemSucesso('Empresa atualizada com sucesso');",
              "err": {},
              "uuid": "815050d3-1d66-43cf-bb8d-7934af12d7ab",
              "parentUUID": "bbc80868-b6a5-41c5-adf0-4d25ae5cc8c8",
              "isHook": false,
              "skipped": false
            },
            {
              "title": "Excluir Empresa Logada",
              "fullTitle": "Funcionalidade Cadastros de Empresas Excluir Empresa Logada",
              "timedOut": null,
              "duration": 4758,
              "state": "passed",
              "speed": "slow",
              "pass": true,
              "fail": false,
              "pending": false,
              "context": null,
              "code": "empresaPage.excluir('Empresa Padrão');\nutil.popUpMessage('Confirma exclusão?');\nutil.warningMsg('Não é possível excluir a empresa cujo você está logado.');",
              "err": {},
              "uuid": "d0500ec8-9a2a-4f1c-8792-1629cb46372f",
              "parentUUID": "bbc80868-b6a5-41c5-adf0-4d25ae5cc8c8",
              "isHook": false,
              "skipped": false
            },
            {
              "title": "Excluir Empresa",
              "fullTitle": "Funcionalidade Cadastros de Empresas Excluir Empresa",
              "timedOut": null,
              "duration": 4430,
              "state": "passed",
              "speed": "slow",
              "pass": true,
              "fail": false,
              "pending": false,
              "context": null,
              "code": "empresaPage.excluir('Fortes Tecno');\nutil.popUpMessage('Confirma exclusão?');\ncy.validaMensagemSucesso('Empresa excluída com sucesso.');",
              "err": {},
              "uuid": "2932fb24-ce29-4489-88f4-8d7da850f4fd",
              "parentUUID": "bbc80868-b6a5-41c5-adf0-4d25ae5cc8c8",
              "isHook": false,
              "skipped": false
            },
            {
              "title": "Cadastrar Cartão de Aniversário",
              "fullTitle": "Funcionalidade Cadastros de Empresas Cadastrar Cartão de Aniversário",
              "timedOut": null,
              "duration": 7413,
              "state": "passed",
              "speed": "slow",
              "pass": true,
              "fail": false,
              "pending": false,
              "context": null,
              "code": "var cartao = {\n  Nome: 'Ente Tecnologia',\n  Tipo: 'Aniversário',\n  Mensagem: 'Feliz Aniversário'\n};\nempresaPage.inserirCartao(cartao);\ncy.validaMensagemSucesso('Cartão cadastrado com sucesso.');",
              "err": {},
              "uuid": "d9816e3f-2dc0-40be-bf26-6fc684929a34",
              "parentUUID": "bbc80868-b6a5-41c5-adf0-4d25ae5cc8c8",
              "isHook": false,
              "skipped": false
            },
            {
              "title": "Cadastrar Cartão de Reconhecimento",
              "fullTitle": "Funcionalidade Cadastros de Empresas Cadastrar Cartão de Reconhecimento",
              "timedOut": null,
              "duration": 7141,
              "state": "passed",
              "speed": "slow",
              "pass": true,
              "fail": false,
              "pending": false,
              "context": null,
              "code": "var cartao = {\n  Nome: 'Ente Tecnologia',\n  Tipo: 'Reconhecimento',\n  Mensagem: 'Obrigado por fazer parte do nosso time'\n};\nempresaPage.inserirCartao(cartao);\ncy.validaMensagemSucesso('Cartão cadastrado com sucesso.');",
              "err": {},
              "uuid": "2954234b-848f-42cf-8e7e-b81e25af8bab",
              "parentUUID": "bbc80868-b6a5-41c5-adf0-4d25ae5cc8c8",
              "isHook": false,
              "skipped": false
            },
            {
              "title": "Cadastrar Cartão de Ano de empresa",
              "fullTitle": "Funcionalidade Cadastros de Empresas Cadastrar Cartão de Ano de empresa",
              "timedOut": null,
              "duration": 5771,
              "state": "passed",
              "speed": "slow",
              "pass": true,
              "fail": false,
              "pending": false,
              "context": null,
              "code": "var cartao = {\n  Nome: 'Ente Tecnologia',\n  Tipo: 'Ano de empresa',\n  Mensagem: 'Obrigado por fazer parte do nosso time'\n};\nempresaPage.inserirCartao(cartao);\ncy.validaMensagemSucesso('Cartão cadastrado com sucesso.');",
              "err": {},
              "uuid": "2d9e9c3a-7f49-4d9b-a687-ca477f1a166a",
              "parentUUID": "bbc80868-b6a5-41c5-adf0-4d25ae5cc8c8",
              "isHook": false,
              "skipped": false
            },
            {
              "title": "Cadastrar Cartão de Boas-Vindas",
              "fullTitle": "Funcionalidade Cadastros de Empresas Cadastrar Cartão de Boas-Vindas",
              "timedOut": null,
              "duration": 6073,
              "state": "passed",
              "speed": "slow",
              "pass": true,
              "fail": false,
              "pending": false,
              "context": null,
              "code": "var cartao = {\n  Nome: 'Ente Tecnologia',\n  Tipo: 'Boas-Vindas',\n  Mensagem: 'Seja bem vindo a nossa empresa'\n};\nempresaPage.inserirCartao(cartao);\ncy.validaMensagemSucesso('Cartão cadastrado com sucesso.');",
              "err": {},
              "uuid": "2b84318d-5ea9-4733-8b1d-777617a1f46d",
              "parentUUID": "bbc80868-b6a5-41c5-adf0-4d25ae5cc8c8",
              "isHook": false,
              "skipped": false
            },
            {
              "title": "Excluir Cartão",
              "fullTitle": "Funcionalidade Cadastros de Empresas Excluir Cartão",
              "timedOut": null,
              "duration": 4911,
              "state": "passed",
              "speed": "slow",
              "pass": true,
              "fail": false,
              "pending": false,
              "context": null,
              "code": "cy.insereCartao();\nvar cartao = {\n  Nome: 'Empresa Padrão'\n};\nempresaPage.excluirCartao(cartao);\nutil.popUpMessage('Confirma exclusão?');\ncy.validaMensagemSucesso('Cartão excluído com sucesso.');",
              "err": {},
              "uuid": "7a4bc446-766b-4561-8baf-63d60d00081f",
              "parentUUID": "bbc80868-b6a5-41c5-adf0-4d25ae5cc8c8",
              "isHook": false,
              "skipped": false
            }
          ],
          "suites": [],
          "passes": [
            "d619b86b-49ee-469e-a997-81baa6c7cc26",
            "815050d3-1d66-43cf-bb8d-7934af12d7ab",
            "d0500ec8-9a2a-4f1c-8792-1629cb46372f",
            "2932fb24-ce29-4489-88f4-8d7da850f4fd",
            "d9816e3f-2dc0-40be-bf26-6fc684929a34",
            "2954234b-848f-42cf-8e7e-b81e25af8bab",
            "2d9e9c3a-7f49-4d9b-a687-ca477f1a166a",
            "2b84318d-5ea9-4733-8b1d-777617a1f46d",
            "7a4bc446-766b-4561-8baf-63d60d00081f"
          ],
          "failures": [],
          "pending": [],
          "skipped": [],
          "duration": 60753,
          "root": false,
          "rootEmpty": false,
          "_timeout": 2000
        }
      ],
      "passes": [],
      "failures": [],
      "pending": [],
      "skipped": [],
      "duration": 0,
      "root": true,
      "rootEmpty": true,
      "_timeout": 2000
    }
  ],
  "meta": {
    "mocha": {
      "version": "7.0.1"
    },
    "mochawesome": {
      "options": {
        "quiet": true,
        "reportFilename": "mochawesome",
        "saveHtml": false,
        "saveJson": true,
        "consoleReporter": "spec",
        "useInlineDiffs": false,
        "code": true
      },
      "version": "6.2.2"
    },
    "marge": {
      "options": {
        "id": "default",
        "reportDir": "mochawesome-report",
        "quiet": true,
        "overwrite": false,
        "html": false,
        "json": true
      },
      "version": "5.2.0"
    }
  }
}