{
  "stats": {
    "suites": 1,
    "tests": 3,
    "passes": 3,
    "pending": 0,
    "failures": 0,
    "start": "2021-03-03T13:54:48.553Z",
    "end": "2021-03-03T13:55:05.128Z",
    "duration": 16575,
    "testsRegistered": 3,
    "passPercent": 100,
    "pendingPercent": 0,
    "other": 0,
    "hasOther": false,
    "skipped": 0,
    "hasSkipped": false
  },
  "results": [
    {
      "uuid": "9df54f0c-d895-4f22-ac9c-0071458e61e1",
      "title": "",
      "fullFile": "cypress\\integration\\services\\testes\\sst\\cadastro_motivoSolicitacaoEPI_spec.js",
      "file": "cypress\\integration\\services\\testes\\sst\\cadastro_motivoSolicitacaoEPI_spec.js",
      "beforeHooks": [],
      "afterHooks": [],
      "tests": [],
      "suites": [
        {
          "uuid": "57f74f40-c9dd-498b-8b2f-8c764c6c67f7",
          "title": "Funcionalidade Motivo Solicitação EPI",
          "fullFile": "",
          "file": "",
          "beforeHooks": [],
          "afterHooks": [],
          "tests": [
            {
              "title": "Inserção Motivo de Solicitação de EPI",
              "fullTitle": "Funcionalidade Motivo Solicitação EPI Inserção Motivo de Solicitação de EPI",
              "timedOut": null,
              "duration": 6122,
              "state": "passed",
              "speed": "slow",
              "pass": true,
              "fail": false,
              "pending": false,
              "context": null,
              "code": "motivoSolicitacaoEPIPage.inserir(motivoSolicitacaoEPI);\ncy.validaMensagemSucesso('Motivo da solicitação do EPI cadastrado com sucesso.');",
              "err": {},
              "uuid": "6955c21c-3c93-4699-8d81-719584bb4fad",
              "parentUUID": "57f74f40-c9dd-498b-8b2f-8c764c6c67f7",
              "isHook": false,
              "skipped": false
            },
            {
              "title": "Edição Motivo de Solicitação de EPI",
              "fullTitle": "Funcionalidade Motivo Solicitação EPI Edição Motivo de Solicitação de EPI",
              "timedOut": null,
              "duration": 5310,
              "state": "passed",
              "speed": "slow",
              "pass": true,
              "fail": false,
              "pending": false,
              "context": null,
              "code": "motivoSolicitacaoEPIPage.editar(motivoSolicitacaoEPI);\ncy.validaMensagemSucesso('Motivo da solicitação do EPI atualizado com sucesso.');",
              "err": {},
              "uuid": "c15b4806-f341-4d3d-9719-6ccf58de5125",
              "parentUUID": "57f74f40-c9dd-498b-8b2f-8c764c6c67f7",
              "isHook": false,
              "skipped": false
            },
            {
              "title": "Exclusão Motivo de Solicitação de EPI",
              "fullTitle": "Funcionalidade Motivo Solicitação EPI Exclusão Motivo de Solicitação de EPI",
              "timedOut": null,
              "duration": 5041,
              "state": "passed",
              "speed": "slow",
              "pass": true,
              "fail": false,
              "pending": false,
              "context": null,
              "code": "motivoSolicitacaoEPIPage.excluir(motivoSolicitacaoEPI);\nutil.popUpMessage('Confirma exclusão?');\ncy.validaMensagemSucesso('Motivo da solicitação do EPI excluído com sucesso.');",
              "err": {},
              "uuid": "fdf09551-36ad-4e36-aea6-7ce00e9efca4",
              "parentUUID": "57f74f40-c9dd-498b-8b2f-8c764c6c67f7",
              "isHook": false,
              "skipped": false
            }
          ],
          "suites": [],
          "passes": [
            "6955c21c-3c93-4699-8d81-719584bb4fad",
            "c15b4806-f341-4d3d-9719-6ccf58de5125",
            "fdf09551-36ad-4e36-aea6-7ce00e9efca4"
          ],
          "failures": [],
          "pending": [],
          "skipped": [],
          "duration": 16473,
          "root": false,
          "rootEmpty": false,
          "_timeout": 2000
        }
      ],
      "passes": [],
      "failures": [],
      "pending": [],
      "skipped": [],
      "duration": 0,
      "root": true,
      "rootEmpty": true,
      "_timeout": 2000
    }
  ],
  "meta": {
    "mocha": {
      "version": "7.0.1"
    },
    "mochawesome": {
      "options": {
        "quiet": true,
        "reportFilename": "mochawesome",
        "saveHtml": false,
        "saveJson": true,
        "consoleReporter": "spec",
        "useInlineDiffs": false,
        "code": true
      },
      "version": "6.2.2"
    },
    "marge": {
      "options": {
        "id": "default",
        "reportDir": "mochawesome-report",
        "quiet": true,
        "overwrite": false,
        "html": false,
        "json": true
      },
      "version": "5.2.0"
    }
  }
}