{
  "stats": {
    "suites": 1,
    "tests": 8,
    "passes": 8,
    "pending": 0,
    "failures": 0,
    "start": "2021-03-03T13:44:27.361Z",
    "end": "2021-03-03T13:45:26.083Z",
    "duration": 58722,
    "testsRegistered": 8,
    "passPercent": 100,
    "pendingPercent": 0,
    "other": 0,
    "hasOther": false,
    "skipped": 0,
    "hasSkipped": false
  },
  "results": [
    {
      "uuid": "bc1c5f21-f607-4fff-9300-9b3f9c2faec2",
      "title": "",
      "fullFile": "cypress\\integration\\services\\testes\\gestao_talentos\\cadastro_talentos_spec.js",
      "file": "cypress\\integration\\services\\testes\\gestao_talentos\\cadastro_talentos_spec.js",
      "beforeHooks": [],
      "afterHooks": [],
      "tests": [],
      "suites": [
        {
          "uuid": "4a26df95-2990-4fdc-847d-d1b8cb5e2ccc",
          "title": "Funcionalidade de Cadastro de Colaborador",
          "fullFile": "",
          "file": "",
          "beforeHooks": [],
          "afterHooks": [],
          "tests": [
            {
              "title": "Responder Entrevista de Desligamento",
              "fullTitle": "Funcionalidade de Cadastro de Colaborador Responder Entrevista de Desligamento",
              "timedOut": null,
              "duration": 7438,
              "state": "passed",
              "speed": "slow",
              "pass": true,
              "fail": false,
              "pending": false,
              "context": null,
              "code": "cy.insereEntrevistaDesligamento(dados.EntrevistaDesligamento);\ntalentoPage.pesquisaTalento();\ntalentoPage.respondeEntrevistaDesligamento(dados);\nutil.infoMsg('Respostas gravadas com sucesso.');",
              "err": {},
              "uuid": "525247b6-9150-46a4-9592-73f9937b524b",
              "parentUUID": "4a26df95-2990-4fdc-847d-d1b8cb5e2ccc",
              "isHook": false,
              "skipped": false
            },
            {
              "title": "Cadastro Colaborador",
              "fullTitle": "Funcionalidade de Cadastro de Colaborador Cadastro Colaborador",
              "timedOut": null,
              "duration": 15787,
              "state": "passed",
              "speed": "slow",
              "pass": true,
              "fail": false,
              "pending": false,
              "context": null,
              "code": "talentoPage.insereColaborador(dados);\ntalentoPage.dadosFuncionais();\ncolaboradorCandidato.insereFormacao();\ncolaboradorCandidato.insereIdiomas();\ncolaboradorCandidato.insereDocumentos();\ncy.get('#gravar').click();\ncy.contains('Talento Sophie Charlotte cadastrado com sucesso.');",
              "err": {},
              "uuid": "00f13207-417c-40df-80e7-f83c71f35ff2",
              "parentUUID": "4a26df95-2990-4fdc-847d-d1b8cb5e2ccc",
              "isHook": false,
              "skipped": false
            },
            {
              "title": "Tentativa de criar acesso ao sistema com empregado demitido",
              "fullTitle": "Funcionalidade de Cadastro de Colaborador Tentativa de criar acesso ao sistema com empregado demitido",
              "timedOut": null,
              "duration": 5449,
              "state": "passed",
              "speed": "slow",
              "pass": true,
              "fail": false,
              "pending": false,
              "context": null,
              "code": "talentoPage.pesquisaTalento();\ntalentoPage.criaAcessoSistema(dados);\ncy.contains('* O usuário tem referência com o talento Helena de Troia, que está desligado(a).');",
              "err": {},
              "uuid": "e9b9c45c-9bfc-49f4-b8dc-a17e531b1c10",
              "parentUUID": "4a26df95-2990-4fdc-847d-d1b8cb5e2ccc",
              "isHook": false,
              "skipped": false
            },
            {
              "title": "Excluir Colaborador",
              "fullTitle": "Funcionalidade de Cadastro de Colaborador Excluir Colaborador",
              "timedOut": null,
              "duration": 4709,
              "state": "passed",
              "speed": "slow",
              "pass": true,
              "fail": false,
              "pending": false,
              "context": null,
              "code": "cy.reload();\ntalentoPage.excluir(dados);\nutil.popUpMessage('Confirma exclusão?');\ncy.validaMensagemSucesso('Talento excluído com sucesso.');",
              "err": {},
              "uuid": "e78766ab-fdb7-4ac2-9d4d-ddc00f9ee02e",
              "parentUUID": "4a26df95-2990-4fdc-847d-d1b8cb5e2ccc",
              "isHook": false,
              "skipped": false
            },
            {
              "title": "Editar Colaborador",
              "fullTitle": "Funcionalidade de Cadastro de Colaborador Editar Colaborador",
              "timedOut": null,
              "duration": 5327,
              "state": "passed",
              "speed": "slow",
              "pass": true,
              "fail": false,
              "pending": false,
              "context": null,
              "code": "cy.reload();\ntalentoPage.editar(dados);\ncy.validaMensagemSucesso('Talento Sophie Charlotte alterado com sucesso.');",
              "err": {},
              "uuid": "b20e7d42-a853-40ca-a45a-f4f34249f2e0",
              "parentUUID": "4a26df95-2990-4fdc-847d-d1b8cb5e2ccc",
              "isHook": false,
              "skipped": false
            },
            {
              "title": "Progressão Colaborador",
              "fullTitle": "Funcionalidade de Cadastro de Colaborador Progressão Colaborador",
              "timedOut": null,
              "duration": 5681,
              "state": "passed",
              "speed": "slow",
              "pass": true,
              "fail": false,
              "pending": false,
              "context": null,
              "code": "cy.reload();\ntalentoPage.visualizarProgressao(dados);\ntalentoPage.inserirNovaSituação();\nutil.validaTitulo('Editar Situações do Talento');",
              "err": {},
              "uuid": "9a052f38-ba61-41ee-86c4-0febfa38d72a",
              "parentUUID": "4a26df95-2990-4fdc-847d-d1b8cb5e2ccc",
              "isHook": false,
              "skipped": false
            },
            {
              "title": "Inserir Competência do Colaborador - Quando não existem competências configuradas",
              "fullTitle": "Funcionalidade de Cadastro de Colaborador Inserir Competência do Colaborador - Quando não existem competências configuradas",
              "timedOut": null,
              "duration": 4854,
              "state": "passed",
              "speed": "slow",
              "pass": true,
              "fail": false,
              "pending": false,
              "context": null,
              "code": "talentoPage.inserirCompetencia(dados);\nutil.infomsg('Não existem competências configuradas para Analista Dep Pessoal Senior na data informada.');",
              "err": {},
              "uuid": "c13ceec5-8420-42be-a28d-3daee2e3e860",
              "parentUUID": "4a26df95-2990-4fdc-847d-d1b8cb5e2ccc",
              "isHook": false,
              "skipped": false
            },
            {
              "title": "Inserir Competência do Colaborador",
              "fullTitle": "Funcionalidade de Cadastro de Colaborador Inserir Competência do Colaborador",
              "timedOut": null,
              "duration": 9181,
              "state": "passed",
              "speed": "slow",
              "pass": true,
              "fail": false,
              "pending": false,
              "context": null,
              "code": "cy.insereColaboradorComCompetencias(dados.ColaboradorAtivo2);\ncy.visit('/captacao/nivelCompetenciaHistorico/list.action');\ncy.get(':nth-child(1) > .ui-button-text').click();\ncy.get('#inserir').click();\ncy.get('#peso_0').clear().type('4');\ncy.get('#percentual_0').clear().type('80');\ncy.get('#btnGravar').click();\ncy.visit('/cargosalario/cargo/list.action');\ncy.get(':nth-child(1) > .ui-button-text').click();\nutil.acao('Faixa Salarial', 'Encarregado Departamento Pessoal');\nutil.acao('Níveis de Competência', 'Júnior');\ncy.get('#btnInserir').click();\ncy.get('#checkAllCompetenciaConhecimento').click();\ncy.get('.checkNivelConhecimento').check();\ncy.get('#btnGravar').click();\ntalentoPage.navigate_talentoPage();\nutil.acao('Competências', dados.ColaboradorAtivo2);\ncy.get('#btnInserir').click();\ncy.get('#avaliador').select('Anônimo');\ncy.get('#checkAllCompetencia').check();\ncy.get('.checkNivel').check();\ncy.get('#btnGravar').click();\ncy.validaMensagemSucesso('salvos com sucesso.');",
              "err": {},
              "uuid": "15e058e9-6948-49f8-82b3-e932bf3f10a6",
              "parentUUID": "4a26df95-2990-4fdc-847d-d1b8cb5e2ccc",
              "isHook": false,
              "skipped": false
            }
          ],
          "suites": [],
          "passes": [
            "525247b6-9150-46a4-9592-73f9937b524b",
            "00f13207-417c-40df-80e7-f83c71f35ff2",
            "e9b9c45c-9bfc-49f4-b8dc-a17e531b1c10",
            "e78766ab-fdb7-4ac2-9d4d-ddc00f9ee02e",
            "b20e7d42-a853-40ca-a45a-f4f34249f2e0",
            "9a052f38-ba61-41ee-86c4-0febfa38d72a",
            "c13ceec5-8420-42be-a28d-3daee2e3e860",
            "15e058e9-6948-49f8-82b3-e932bf3f10a6"
          ],
          "failures": [],
          "pending": [],
          "skipped": [],
          "duration": 58426,
          "root": false,
          "rootEmpty": false,
          "_timeout": 2000
        }
      ],
      "passes": [],
      "failures": [],
      "pending": [],
      "skipped": [],
      "duration": 0,
      "root": true,
      "rootEmpty": true,
      "_timeout": 2000
    }
  ],
  "meta": {
    "mocha": {
      "version": "7.0.1"
    },
    "mochawesome": {
      "options": {
        "quiet": true,
        "reportFilename": "mochawesome",
        "saveHtml": false,
        "saveJson": true,
        "consoleReporter": "spec",
        "useInlineDiffs": false,
        "code": true
      },
      "version": "6.2.2"
    },
    "marge": {
      "options": {
        "id": "default",
        "reportDir": "mochawesome-report",
        "quiet": true,
        "overwrite": false,
        "html": false,
        "json": true
      },
      "version": "5.2.0"
    }
  }
}